2019-02-08T15:20:00|CRITICAL|root|Unhandled exception:Traceback (most recent call last):
  File "C:\Users\Admin\eclipse-workspace\Laser_DAQ_Camera\DaqControlledMeasurement.py", line 158, in run
    self.initH5()
  File "C:\Users\Admin\eclipse-workspace\Laser_DAQ_Camera\DaqControlledMeasurement.py", line 329, in initH5
    self.h5file = h5_io.h5_base_file(app=self.app, measurement=self)
NameError: name 'h5_io' is not defined

During handling of the above exception, another exception occurred:

Traceback (most recent call last):
  File "C:\ProgramData\Anaconda3\lib\site-packages\ScopeFoundry\measurement.py", line 25, in run
    self.measurement._thread_run()
  File "C:\ProgramData\Anaconda3\lib\site-packages\ScopeFoundry\measurement.py", line 179, in _thread_run
    self.run()
  File "C:\Users\Admin\eclipse-workspace\Laser_DAQ_Camera\DaqControlledMeasurement.py", line 241, in run
    self.h5file.close() # close h5 file
AttributeError: 'DaqControlledMeasurement' object has no attribute 'h5file'

