2019-10-15T10:14:00|CRITICAL|root|Unhandled exception:Traceback (most recent call last):
  File "C:\ProgramData\Anaconda3\lib\site-packages\ScopeFoundry\hardware.py", line 208, in enable_connection
    raise err
  File "C:\ProgramData\Anaconda3\lib\site-packages\ScopeFoundry\hardware.py", line 204, in enable_connection
    self.connect()
  File "C:\LabPrograms\Python\laser\laser_hardware.py", line 35, in connect
    self.laser = LaserDevice(port=self.port.val, debug=self.debug_mode.val)
  File "C:\LabPrograms\Python\laser\laser_device.py", line 16, in __init__
    stopbits=1, xonxoff=False, timeout=3.0)
  File "C:\ProgramData\Anaconda3\lib\site-packages\serial\serialwin32.py", line 31, in __init__
    super(Serial, self).__init__(*args, **kwargs)
  File "C:\ProgramData\Anaconda3\lib\site-packages\serial\serialutil.py", line 240, in __init__
    self.open()
  File "C:\ProgramData\Anaconda3\lib\site-packages\serial\serialwin32.py", line 62, in open
    raise SerialException("could not open port {!r}: {!r}".format(self.portstr, ctypes.WinError()))
serial.serialutil.SerialException: could not open port 'COM7': PermissionError(13, 'Accesso negato.', None, 5)

2019-10-15T10:14:01|CRITICAL|root|Unhandled exception:Traceback (most recent call last):
  File "C:\ProgramData\Anaconda3\lib\site-packages\ScopeFoundry\hardware.py", line 208, in enable_connection
    raise err
  File "C:\ProgramData\Anaconda3\lib\site-packages\ScopeFoundry\hardware.py", line 204, in enable_connection
    self.connect()
  File "C:\LabPrograms\Python\laser\laser_hardware.py", line 35, in connect
    self.laser = LaserDevice(port=self.port.val, debug=self.debug_mode.val)
  File "C:\LabPrograms\Python\laser\laser_device.py", line 16, in __init__
    stopbits=1, xonxoff=False, timeout=3.0)
  File "C:\ProgramData\Anaconda3\lib\site-packages\serial\serialwin32.py", line 31, in __init__
    super(Serial, self).__init__(*args, **kwargs)
  File "C:\ProgramData\Anaconda3\lib\site-packages\serial\serialutil.py", line 240, in __init__
    self.open()
  File "C:\ProgramData\Anaconda3\lib\site-packages\serial\serialwin32.py", line 62, in open
    raise SerialException("could not open port {!r}: {!r}".format(self.portstr, ctypes.WinError()))
serial.serialutil.SerialException: could not open port 'COM7': PermissionError(13, 'Accesso negato.', None, 5)

2019-10-15T10:14:03|CRITICAL|root|Unhandled exception:Traceback (most recent call last):
  File "C:\ProgramData\Anaconda3\lib\site-packages\ScopeFoundry\hardware.py", line 208, in enable_connection
    raise err
  File "C:\ProgramData\Anaconda3\lib\site-packages\ScopeFoundry\hardware.py", line 204, in enable_connection
    self.connect()
  File "C:\LabPrograms\Python\laser\laser_hardware.py", line 35, in connect
    self.laser = LaserDevice(port=self.port.val, debug=self.debug_mode.val)
  File "C:\LabPrograms\Python\laser\laser_device.py", line 16, in __init__
    stopbits=1, xonxoff=False, timeout=3.0)
  File "C:\ProgramData\Anaconda3\lib\site-packages\serial\serialwin32.py", line 31, in __init__
    super(Serial, self).__init__(*args, **kwargs)
  File "C:\ProgramData\Anaconda3\lib\site-packages\serial\serialutil.py", line 240, in __init__
    self.open()
  File "C:\ProgramData\Anaconda3\lib\site-packages\serial\serialwin32.py", line 62, in open
    raise SerialException("could not open port {!r}: {!r}".format(self.portstr, ctypes.WinError()))
serial.serialutil.SerialException: could not open port 'COM7': PermissionError(13, 'Accesso negato.', None, 5)

2019-10-15T10:16:29|CRITICAL|root|Unhandled exception:Traceback (most recent call last):
  File "C:\ProgramData\Anaconda3\lib\site-packages\ScopeFoundry\measurement.py", line 25, in run
    self.measurement._thread_run()
  File "C:\ProgramData\Anaconda3\lib\site-packages\ScopeFoundry\measurement.py", line 179, in _thread_run
    self.run()
  File "C:\LabPrograms\Python\DAQ-Laser-Camera\SyncreadoutTriggerMeasurement.py", line 122, in run
    [frame, dims] = self.camera.hamamatsu.getLastFrame()
  File "C:\LabPrograms\Python\Hamamatsu_ScopeFoundry\CameraDevice.py", line 1188, in getLastFrame
    hc_data.copyData(paramlock.buf)
  File "C:\LabPrograms\Python\Hamamatsu_ScopeFoundry\CameraDevice.py", line 308, in copyData
    ctypes.memmove(self.np_array.ctypes.data, address, self.size) #copies self.size bytes from address into self.np_array.ctyps.data
OSError: exception: access violation reading 0x0000000000000000

2019-10-15T12:34:39|CRITICAL|root|Unhandled exception:Traceback (most recent call last):
  File "C:\LabPrograms\Python\DAQ-Laser-Camera\SyncreadoutTriggerMeasurement.py", line 80, in run
    self.start_triggered_Acquisition(self.settings['Acq_freq'])
  File "C:\LabPrograms\Python\DAQ-Laser-Camera\SyncreadoutTriggerMeasurement.py", line 292, in start_triggered_Acquisition
    self.start_laser(self.laser_1)
  File "C:\LabPrograms\Python\DAQ-Laser-Camera\SyncreadoutTriggerMeasurement.py", line 227, in start_laser
    laserHW.laser_status.write_to_hardware()
  File "C:\ProgramData\Anaconda3\lib\site-packages\ScopeFoundry\logged_quantity.py", line 174, in write_to_hardware
    self.hardware_set_func(self.val)
  File "C:\LabPrograms\Python\laser\laser_device.py", line 155, in set_laser_status
    fullresp = self.write_cmd('SOURce:AM:STATe '+cmd) # cmd = ON|OFF
  File "C:\LabPrograms\Python\laser\laser_device.py", line 25, in write_cmd
    self.ser.write(serialcmd.encode())
  File "C:\ProgramData\Anaconda3\lib\site-packages\serial\serialwin32.py", line 315, in write
    raise SerialException("WriteFile failed ({!r})".format(ctypes.WinError()))
serial.serialutil.SerialException: WriteFile failed (PermissionError(13, 'Il dispositivo non riconosce il comando.', None, 22))

During handling of the above exception, another exception occurred:

Traceback (most recent call last):
  File "C:\ProgramData\Anaconda3\lib\site-packages\ScopeFoundry\measurement.py", line 25, in run
    self.measurement._thread_run()
  File "C:\ProgramData\Anaconda3\lib\site-packages\ScopeFoundry\measurement.py", line 179, in _thread_run
    self.run()
  File "C:\LabPrograms\Python\DAQ-Laser-Camera\SyncreadoutTriggerMeasurement.py", line 188, in run
    self.stop_triggered_Acquisition()
  File "C:\LabPrograms\Python\DAQ-Laser-Camera\SyncreadoutTriggerMeasurement.py", line 311, in stop_triggered_Acquisition
    self.stop_laser(self.laser_1)
  File "C:\LabPrograms\Python\DAQ-Laser-Camera\SyncreadoutTriggerMeasurement.py", line 235, in stop_laser
    laserHW.laser_status.write_to_hardware()
  File "C:\ProgramData\Anaconda3\lib\site-packages\ScopeFoundry\logged_quantity.py", line 174, in write_to_hardware
    self.hardware_set_func(self.val)
  File "C:\LabPrograms\Python\laser\laser_device.py", line 155, in set_laser_status
    fullresp = self.write_cmd('SOURce:AM:STATe '+cmd) # cmd = ON|OFF
  File "C:\LabPrograms\Python\laser\laser_device.py", line 25, in write_cmd
    self.ser.write(serialcmd.encode())
  File "C:\ProgramData\Anaconda3\lib\site-packages\serial\serialwin32.py", line 315, in write
    raise SerialException("WriteFile failed ({!r})".format(ctypes.WinError()))
serial.serialutil.SerialException: WriteFile failed (PermissionError(13, 'Il dispositivo non riconosce il comando.', None, 22))

2019-10-15T12:35:06|CRITICAL|root|Unhandled exception:Traceback (most recent call last):
  File "C:\LabPrograms\Python\DAQ-Laser-Camera\SyncreadoutTriggerMeasurement.py", line 80, in run
    self.start_triggered_Acquisition(self.settings['Acq_freq'])
  File "C:\LabPrograms\Python\DAQ-Laser-Camera\SyncreadoutTriggerMeasurement.py", line 292, in start_triggered_Acquisition
    self.start_laser(self.laser_1)
  File "C:\LabPrograms\Python\DAQ-Laser-Camera\SyncreadoutTriggerMeasurement.py", line 227, in start_laser
    laserHW.laser_status.write_to_hardware()
  File "C:\ProgramData\Anaconda3\lib\site-packages\ScopeFoundry\logged_quantity.py", line 174, in write_to_hardware
    self.hardware_set_func(self.val)
  File "C:\LabPrograms\Python\laser\laser_device.py", line 155, in set_laser_status
    fullresp = self.write_cmd('SOURce:AM:STATe '+cmd) # cmd = ON|OFF
  File "C:\LabPrograms\Python\laser\laser_device.py", line 25, in write_cmd
    self.ser.write(serialcmd.encode())
  File "C:\ProgramData\Anaconda3\lib\site-packages\serial\serialwin32.py", line 315, in write
    raise SerialException("WriteFile failed ({!r})".format(ctypes.WinError()))
serial.serialutil.SerialException: WriteFile failed (PermissionError(13, 'Il dispositivo non riconosce il comando.', None, 22))

During handling of the above exception, another exception occurred:

Traceback (most recent call last):
  File "C:\ProgramData\Anaconda3\lib\site-packages\ScopeFoundry\measurement.py", line 25, in run
    self.measurement._thread_run()
  File "C:\ProgramData\Anaconda3\lib\site-packages\ScopeFoundry\measurement.py", line 179, in _thread_run
    self.run()
  File "C:\LabPrograms\Python\DAQ-Laser-Camera\SyncreadoutTriggerMeasurement.py", line 188, in run
    self.stop_triggered_Acquisition()
  File "C:\LabPrograms\Python\DAQ-Laser-Camera\SyncreadoutTriggerMeasurement.py", line 311, in stop_triggered_Acquisition
    self.stop_laser(self.laser_1)
  File "C:\LabPrograms\Python\DAQ-Laser-Camera\SyncreadoutTriggerMeasurement.py", line 235, in stop_laser
    laserHW.laser_status.write_to_hardware()
  File "C:\ProgramData\Anaconda3\lib\site-packages\ScopeFoundry\logged_quantity.py", line 174, in write_to_hardware
    self.hardware_set_func(self.val)
  File "C:\LabPrograms\Python\laser\laser_device.py", line 155, in set_laser_status
    fullresp = self.write_cmd('SOURce:AM:STATe '+cmd) # cmd = ON|OFF
  File "C:\LabPrograms\Python\laser\laser_device.py", line 25, in write_cmd
    self.ser.write(serialcmd.encode())
  File "C:\ProgramData\Anaconda3\lib\site-packages\serial\serialwin32.py", line 315, in write
    raise SerialException("WriteFile failed ({!r})".format(ctypes.WinError()))
serial.serialutil.SerialException: WriteFile failed (PermissionError(13, 'Il dispositivo non riconosce il comando.', None, 22))

2019-10-15T12:35:42|CRITICAL|root|Unhandled exception:Traceback (most recent call last):
  File "C:\LabPrograms\Python\DAQ-Laser-Camera\SyncreadoutTriggerMeasurement.py", line 80, in run
    self.start_triggered_Acquisition(self.settings['Acq_freq'])
  File "C:\LabPrograms\Python\DAQ-Laser-Camera\SyncreadoutTriggerMeasurement.py", line 292, in start_triggered_Acquisition
    self.start_laser(self.laser_1)
  File "C:\LabPrograms\Python\DAQ-Laser-Camera\SyncreadoutTriggerMeasurement.py", line 227, in start_laser
    laserHW.laser_status.write_to_hardware()
  File "C:\ProgramData\Anaconda3\lib\site-packages\ScopeFoundry\logged_quantity.py", line 174, in write_to_hardware
    self.hardware_set_func(self.val)
  File "C:\LabPrograms\Python\laser\laser_device.py", line 155, in set_laser_status
    fullresp = self.write_cmd('SOURce:AM:STATe '+cmd) # cmd = ON|OFF
  File "C:\LabPrograms\Python\laser\laser_device.py", line 25, in write_cmd
    self.ser.write(serialcmd.encode())
  File "C:\ProgramData\Anaconda3\lib\site-packages\serial\serialwin32.py", line 315, in write
    raise SerialException("WriteFile failed ({!r})".format(ctypes.WinError()))
serial.serialutil.SerialException: WriteFile failed (PermissionError(13, 'Il dispositivo non riconosce il comando.', None, 22))

During handling of the above exception, another exception occurred:

Traceback (most recent call last):
  File "C:\ProgramData\Anaconda3\lib\site-packages\ScopeFoundry\measurement.py", line 25, in run
    self.measurement._thread_run()
  File "C:\ProgramData\Anaconda3\lib\site-packages\ScopeFoundry\measurement.py", line 179, in _thread_run
    self.run()
  File "C:\LabPrograms\Python\DAQ-Laser-Camera\SyncreadoutTriggerMeasurement.py", line 188, in run
    self.stop_triggered_Acquisition()
  File "C:\LabPrograms\Python\DAQ-Laser-Camera\SyncreadoutTriggerMeasurement.py", line 311, in stop_triggered_Acquisition
    self.stop_laser(self.laser_1)
  File "C:\LabPrograms\Python\DAQ-Laser-Camera\SyncreadoutTriggerMeasurement.py", line 235, in stop_laser
    laserHW.laser_status.write_to_hardware()
  File "C:\ProgramData\Anaconda3\lib\site-packages\ScopeFoundry\logged_quantity.py", line 174, in write_to_hardware
    self.hardware_set_func(self.val)
  File "C:\LabPrograms\Python\laser\laser_device.py", line 155, in set_laser_status
    fullresp = self.write_cmd('SOURce:AM:STATe '+cmd) # cmd = ON|OFF
  File "C:\LabPrograms\Python\laser\laser_device.py", line 25, in write_cmd
    self.ser.write(serialcmd.encode())
  File "C:\ProgramData\Anaconda3\lib\site-packages\serial\serialwin32.py", line 315, in write
    raise SerialException("WriteFile failed ({!r})".format(ctypes.WinError()))
serial.serialutil.SerialException: WriteFile failed (PermissionError(13, 'Il dispositivo non riconosce il comando.', None, 22))

2019-10-15T14:46:06|CRITICAL|root|Unhandled exception:Traceback (most recent call last):
  File "C:\LabPrograms\Python\DAQ-Laser-Camera\SyncreadoutTriggerMeasurement.py", line 80, in run
    self.start_triggered_Acquisition(self.settings['Acq_freq'])
  File "C:\LabPrograms\Python\DAQ-Laser-Camera\SyncreadoutTriggerMeasurement.py", line 292, in start_triggered_Acquisition
    self.start_laser(self.laser_1)
  File "C:\LabPrograms\Python\DAQ-Laser-Camera\SyncreadoutTriggerMeasurement.py", line 227, in start_laser
    laserHW.laser_status.write_to_hardware()
  File "C:\ProgramData\Anaconda3\lib\site-packages\ScopeFoundry\logged_quantity.py", line 174, in write_to_hardware
    self.hardware_set_func(self.val)
  File "C:\LabPrograms\Python\laser\laser_device.py", line 155, in set_laser_status
    fullresp = self.write_cmd('SOURce:AM:STATe '+cmd) # cmd = ON|OFF
  File "C:\LabPrograms\Python\laser\laser_device.py", line 25, in write_cmd
    self.ser.write(serialcmd.encode())
  File "C:\ProgramData\Anaconda3\lib\site-packages\serial\serialwin32.py", line 315, in write
    raise SerialException("WriteFile failed ({!r})".format(ctypes.WinError()))
serial.serialutil.SerialException: WriteFile failed (PermissionError(13, 'Il dispositivo non riconosce il comando.', None, 22))

During handling of the above exception, another exception occurred:

Traceback (most recent call last):
  File "C:\ProgramData\Anaconda3\lib\site-packages\ScopeFoundry\measurement.py", line 25, in run
    self.measurement._thread_run()
  File "C:\ProgramData\Anaconda3\lib\site-packages\ScopeFoundry\measurement.py", line 179, in _thread_run
    self.run()
  File "C:\LabPrograms\Python\DAQ-Laser-Camera\SyncreadoutTriggerMeasurement.py", line 188, in run
    self.stop_triggered_Acquisition()
  File "C:\LabPrograms\Python\DAQ-Laser-Camera\SyncreadoutTriggerMeasurement.py", line 311, in stop_triggered_Acquisition
    self.stop_laser(self.laser_1)
  File "C:\LabPrograms\Python\DAQ-Laser-Camera\SyncreadoutTriggerMeasurement.py", line 235, in stop_laser
    laserHW.laser_status.write_to_hardware()
  File "C:\ProgramData\Anaconda3\lib\site-packages\ScopeFoundry\logged_quantity.py", line 174, in write_to_hardware
    self.hardware_set_func(self.val)
  File "C:\LabPrograms\Python\laser\laser_device.py", line 155, in set_laser_status
    fullresp = self.write_cmd('SOURce:AM:STATe '+cmd) # cmd = ON|OFF
  File "C:\LabPrograms\Python\laser\laser_device.py", line 25, in write_cmd
    self.ser.write(serialcmd.encode())
  File "C:\ProgramData\Anaconda3\lib\site-packages\serial\serialwin32.py", line 315, in write
    raise SerialException("WriteFile failed ({!r})".format(ctypes.WinError()))
serial.serialutil.SerialException: WriteFile failed (PermissionError(13, 'Il dispositivo non riconosce il comando.', None, 22))

2019-10-15T14:46:25|CRITICAL|root|Unhandled exception:Traceback (most recent call last):
  File "C:\LabPrograms\Python\DAQ-Laser-Camera\SyncreadoutTriggerMeasurement.py", line 80, in run
    self.start_triggered_Acquisition(self.settings['Acq_freq'])
  File "C:\LabPrograms\Python\DAQ-Laser-Camera\SyncreadoutTriggerMeasurement.py", line 292, in start_triggered_Acquisition
    self.start_laser(self.laser_1)
  File "C:\LabPrograms\Python\DAQ-Laser-Camera\SyncreadoutTriggerMeasurement.py", line 227, in start_laser
    laserHW.laser_status.write_to_hardware()
  File "C:\ProgramData\Anaconda3\lib\site-packages\ScopeFoundry\logged_quantity.py", line 174, in write_to_hardware
    self.hardware_set_func(self.val)
  File "C:\LabPrograms\Python\laser\laser_device.py", line 155, in set_laser_status
    fullresp = self.write_cmd('SOURce:AM:STATe '+cmd) # cmd = ON|OFF
  File "C:\LabPrograms\Python\laser\laser_device.py", line 25, in write_cmd
    self.ser.write(serialcmd.encode())
  File "C:\ProgramData\Anaconda3\lib\site-packages\serial\serialwin32.py", line 315, in write
    raise SerialException("WriteFile failed ({!r})".format(ctypes.WinError()))
serial.serialutil.SerialException: WriteFile failed (PermissionError(13, 'Il dispositivo non riconosce il comando.', None, 22))

During handling of the above exception, another exception occurred:

Traceback (most recent call last):
  File "C:\ProgramData\Anaconda3\lib\site-packages\ScopeFoundry\measurement.py", line 25, in run
    self.measurement._thread_run()
  File "C:\ProgramData\Anaconda3\lib\site-packages\ScopeFoundry\measurement.py", line 179, in _thread_run
    self.run()
  File "C:\LabPrograms\Python\DAQ-Laser-Camera\SyncreadoutTriggerMeasurement.py", line 188, in run
    self.stop_triggered_Acquisition()
  File "C:\LabPrograms\Python\DAQ-Laser-Camera\SyncreadoutTriggerMeasurement.py", line 311, in stop_triggered_Acquisition
    self.stop_laser(self.laser_1)
  File "C:\LabPrograms\Python\DAQ-Laser-Camera\SyncreadoutTriggerMeasurement.py", line 235, in stop_laser
    laserHW.laser_status.write_to_hardware()
  File "C:\ProgramData\Anaconda3\lib\site-packages\ScopeFoundry\logged_quantity.py", line 174, in write_to_hardware
    self.hardware_set_func(self.val)
  File "C:\LabPrograms\Python\laser\laser_device.py", line 155, in set_laser_status
    fullresp = self.write_cmd('SOURce:AM:STATe '+cmd) # cmd = ON|OFF
  File "C:\LabPrograms\Python\laser\laser_device.py", line 25, in write_cmd
    self.ser.write(serialcmd.encode())
  File "C:\ProgramData\Anaconda3\lib\site-packages\serial\serialwin32.py", line 315, in write
    raise SerialException("WriteFile failed ({!r})".format(ctypes.WinError()))
serial.serialutil.SerialException: WriteFile failed (PermissionError(13, 'Il dispositivo non riconosce il comando.', None, 22))

2019-10-15T14:46:27|CRITICAL|root|Unhandled exception:Traceback (most recent call last):
  File "C:\LabPrograms\Python\DAQ-Laser-Camera\SyncreadoutTriggerMeasurement.py", line 80, in run
    self.start_triggered_Acquisition(self.settings['Acq_freq'])
  File "C:\LabPrograms\Python\DAQ-Laser-Camera\SyncreadoutTriggerMeasurement.py", line 292, in start_triggered_Acquisition
    self.start_laser(self.laser_1)
  File "C:\LabPrograms\Python\DAQ-Laser-Camera\SyncreadoutTriggerMeasurement.py", line 227, in start_laser
    laserHW.laser_status.write_to_hardware()
  File "C:\ProgramData\Anaconda3\lib\site-packages\ScopeFoundry\logged_quantity.py", line 174, in write_to_hardware
    self.hardware_set_func(self.val)
  File "C:\LabPrograms\Python\laser\laser_device.py", line 155, in set_laser_status
    fullresp = self.write_cmd('SOURce:AM:STATe '+cmd) # cmd = ON|OFF
  File "C:\LabPrograms\Python\laser\laser_device.py", line 25, in write_cmd
    self.ser.write(serialcmd.encode())
  File "C:\ProgramData\Anaconda3\lib\site-packages\serial\serialwin32.py", line 315, in write
    raise SerialException("WriteFile failed ({!r})".format(ctypes.WinError()))
serial.serialutil.SerialException: WriteFile failed (PermissionError(13, 'Il dispositivo non riconosce il comando.', None, 22))

During handling of the above exception, another exception occurred:

Traceback (most recent call last):
  File "C:\ProgramData\Anaconda3\lib\site-packages\ScopeFoundry\measurement.py", line 25, in run
    self.measurement._thread_run()
  File "C:\ProgramData\Anaconda3\lib\site-packages\ScopeFoundry\measurement.py", line 179, in _thread_run
    self.run()
  File "C:\LabPrograms\Python\DAQ-Laser-Camera\SyncreadoutTriggerMeasurement.py", line 188, in run
    self.stop_triggered_Acquisition()
  File "C:\LabPrograms\Python\DAQ-Laser-Camera\SyncreadoutTriggerMeasurement.py", line 311, in stop_triggered_Acquisition
    self.stop_laser(self.laser_1)
  File "C:\LabPrograms\Python\DAQ-Laser-Camera\SyncreadoutTriggerMeasurement.py", line 235, in stop_laser
    laserHW.laser_status.write_to_hardware()
  File "C:\ProgramData\Anaconda3\lib\site-packages\ScopeFoundry\logged_quantity.py", line 174, in write_to_hardware
    self.hardware_set_func(self.val)
  File "C:\LabPrograms\Python\laser\laser_device.py", line 155, in set_laser_status
    fullresp = self.write_cmd('SOURce:AM:STATe '+cmd) # cmd = ON|OFF
  File "C:\LabPrograms\Python\laser\laser_device.py", line 25, in write_cmd
    self.ser.write(serialcmd.encode())
  File "C:\ProgramData\Anaconda3\lib\site-packages\serial\serialwin32.py", line 315, in write
    raise SerialException("WriteFile failed ({!r})".format(ctypes.WinError()))
serial.serialutil.SerialException: WriteFile failed (PermissionError(13, 'Il dispositivo non riconosce il comando.', None, 22))

2019-10-15T14:46:31|CRITICAL|root|Unhandled exception:Traceback (most recent call last):
  File "C:\LabPrograms\Python\DAQ-Laser-Camera\SyncreadoutTriggerMeasurement.py", line 80, in run
    self.start_triggered_Acquisition(self.settings['Acq_freq'])
  File "C:\LabPrograms\Python\DAQ-Laser-Camera\SyncreadoutTriggerMeasurement.py", line 292, in start_triggered_Acquisition
    self.start_laser(self.laser_1)
  File "C:\LabPrograms\Python\DAQ-Laser-Camera\SyncreadoutTriggerMeasurement.py", line 227, in start_laser
    laserHW.laser_status.write_to_hardware()
  File "C:\ProgramData\Anaconda3\lib\site-packages\ScopeFoundry\logged_quantity.py", line 174, in write_to_hardware
    self.hardware_set_func(self.val)
  File "C:\LabPrograms\Python\laser\laser_device.py", line 155, in set_laser_status
    fullresp = self.write_cmd('SOURce:AM:STATe '+cmd) # cmd = ON|OFF
  File "C:\LabPrograms\Python\laser\laser_device.py", line 25, in write_cmd
    self.ser.write(serialcmd.encode())
  File "C:\ProgramData\Anaconda3\lib\site-packages\serial\serialwin32.py", line 315, in write
    raise SerialException("WriteFile failed ({!r})".format(ctypes.WinError()))
serial.serialutil.SerialException: WriteFile failed (PermissionError(13, 'Il dispositivo non riconosce il comando.', None, 22))

During handling of the above exception, another exception occurred:

Traceback (most recent call last):
  File "C:\ProgramData\Anaconda3\lib\site-packages\ScopeFoundry\measurement.py", line 25, in run
    self.measurement._thread_run()
  File "C:\ProgramData\Anaconda3\lib\site-packages\ScopeFoundry\measurement.py", line 179, in _thread_run
    self.run()
  File "C:\LabPrograms\Python\DAQ-Laser-Camera\SyncreadoutTriggerMeasurement.py", line 188, in run
    self.stop_triggered_Acquisition()
  File "C:\LabPrograms\Python\DAQ-Laser-Camera\SyncreadoutTriggerMeasurement.py", line 311, in stop_triggered_Acquisition
    self.stop_laser(self.laser_1)
  File "C:\LabPrograms\Python\DAQ-Laser-Camera\SyncreadoutTriggerMeasurement.py", line 235, in stop_laser
    laserHW.laser_status.write_to_hardware()
  File "C:\ProgramData\Anaconda3\lib\site-packages\ScopeFoundry\logged_quantity.py", line 174, in write_to_hardware
    self.hardware_set_func(self.val)
  File "C:\LabPrograms\Python\laser\laser_device.py", line 155, in set_laser_status
    fullresp = self.write_cmd('SOURce:AM:STATe '+cmd) # cmd = ON|OFF
  File "C:\LabPrograms\Python\laser\laser_device.py", line 25, in write_cmd
    self.ser.write(serialcmd.encode())
  File "C:\ProgramData\Anaconda3\lib\site-packages\serial\serialwin32.py", line 315, in write
    raise SerialException("WriteFile failed ({!r})".format(ctypes.WinError()))
serial.serialutil.SerialException: WriteFile failed (PermissionError(13, 'Il dispositivo non riconosce il comando.', None, 22))

2019-10-15T15:06:47|CRITICAL|root|Unhandled exception:Traceback (most recent call last):
  File "C:\ProgramData\Anaconda3\lib\site-packages\ScopeFoundry\measurement.py", line 25, in run
    self.measurement._thread_run()
  File "C:\ProgramData\Anaconda3\lib\site-packages\ScopeFoundry\measurement.py", line 179, in _thread_run
    self.run()
  File "C:\LabPrograms\Python\DAQ-Laser-Camera\SyncreadoutTriggerMeasurement.py", line 136, in run
    frame2 = self.camera.hamamatsu.getRequiredFrame(self.camera.hamamatsu.buffer_index-1)[0]
  File "C:\LabPrograms\Python\Hamamatsu_ScopeFoundry\CameraDevice.py", line 1282, in getRequiredFrame
    hc_data.copyData(paramlock.buf)
  File "C:\LabPrograms\Python\Hamamatsu_ScopeFoundry\CameraDevice.py", line 308, in copyData
    ctypes.memmove(self.np_array.ctypes.data, address, self.size) #copies self.size bytes from address into self.np_array.ctyps.data
OSError: exception: access violation reading 0x0000000000000000

