2019-12-02T11:19:22|CRITICAL|root|Unhandled exception:Traceback (most recent call last):
  File "C:\ProgramData\Anaconda3\lib\site-packages\ScopeFoundry\hardware.py", line 208, in enable_connection
    raise err
  File "C:\ProgramData\Anaconda3\lib\site-packages\ScopeFoundry\hardware.py", line 204, in enable_connection
    self.connect()
  File "C:\LabPrograms\Python\laser\laser_hardware.py", line 35, in connect
    self.laser = LaserDevice(port=self.port.val, debug=self.debug_mode.val)
  File "C:\LabPrograms\Python\laser\laser_device.py", line 16, in __init__
    stopbits=1, xonxoff=False, timeout=3.0)
  File "C:\ProgramData\Anaconda3\lib\site-packages\serial\serialwin32.py", line 31, in __init__
    super(Serial, self).__init__(*args, **kwargs)
  File "C:\ProgramData\Anaconda3\lib\site-packages\serial\serialutil.py", line 240, in __init__
    self.open()
  File "C:\ProgramData\Anaconda3\lib\site-packages\serial\serialwin32.py", line 62, in open
    raise SerialException("could not open port {!r}: {!r}".format(self.portstr, ctypes.WinError()))
serial.serialutil.SerialException: could not open port 'COM7': PermissionError(13, 'Accesso negato.', None, 5)

2019-12-02T11:19:24|CRITICAL|root|Unhandled exception:Traceback (most recent call last):
  File "C:\ProgramData\Anaconda3\lib\site-packages\ScopeFoundry\hardware.py", line 208, in enable_connection
    raise err
  File "C:\ProgramData\Anaconda3\lib\site-packages\ScopeFoundry\hardware.py", line 204, in enable_connection
    self.connect()
  File "C:\LabPrograms\Python\laser\laser_hardware.py", line 35, in connect
    self.laser = LaserDevice(port=self.port.val, debug=self.debug_mode.val)
  File "C:\LabPrograms\Python\laser\laser_device.py", line 16, in __init__
    stopbits=1, xonxoff=False, timeout=3.0)
  File "C:\ProgramData\Anaconda3\lib\site-packages\serial\serialwin32.py", line 31, in __init__
    super(Serial, self).__init__(*args, **kwargs)
  File "C:\ProgramData\Anaconda3\lib\site-packages\serial\serialutil.py", line 240, in __init__
    self.open()
  File "C:\ProgramData\Anaconda3\lib\site-packages\serial\serialwin32.py", line 62, in open
    raise SerialException("could not open port {!r}: {!r}".format(self.portstr, ctypes.WinError()))
serial.serialutil.SerialException: could not open port 'COM7': PermissionError(13, 'Accesso negato.', None, 5)

2019-12-02T11:19:25|CRITICAL|root|Unhandled exception:Traceback (most recent call last):
  File "C:\ProgramData\Anaconda3\lib\site-packages\ScopeFoundry\hardware.py", line 208, in enable_connection
    raise err
  File "C:\ProgramData\Anaconda3\lib\site-packages\ScopeFoundry\hardware.py", line 204, in enable_connection
    self.connect()
  File "C:\LabPrograms\Python\laser\laser_hardware.py", line 35, in connect
    self.laser = LaserDevice(port=self.port.val, debug=self.debug_mode.val)
  File "C:\LabPrograms\Python\laser\laser_device.py", line 16, in __init__
    stopbits=1, xonxoff=False, timeout=3.0)
  File "C:\ProgramData\Anaconda3\lib\site-packages\serial\serialwin32.py", line 31, in __init__
    super(Serial, self).__init__(*args, **kwargs)
  File "C:\ProgramData\Anaconda3\lib\site-packages\serial\serialutil.py", line 240, in __init__
    self.open()
  File "C:\ProgramData\Anaconda3\lib\site-packages\serial\serialwin32.py", line 62, in open
    raise SerialException("could not open port {!r}: {!r}".format(self.portstr, ctypes.WinError()))
serial.serialutil.SerialException: could not open port 'COM7': PermissionError(13, 'Accesso negato.', None, 5)

2019-12-02T13:44:14|CRITICAL|root|Unhandled exception:Traceback (most recent call last):
  File "C:\ProgramData\Anaconda3\lib\site-packages\ScopeFoundry\logged_quantity.py", line 311, in update_choice_index_value
    self.update_value(self.choices[new_choice_index][1], **kwargs)
  File "C:\ProgramData\Anaconda3\lib\site-packages\ScopeFoundry\logged_quantity.py", line 241, in update_value
    self.hardware_set_func(self.val)
  File "C:\LabPrograms\Python\laser\laser_device.py", line 141, in select_operating_mode
    fullresp = self.write_cmd('SOURce:AM:EXTernal '+cmd)
  File "C:\LabPrograms\Python\laser\laser_device.py", line 25, in write_cmd
    self.ser.write(serialcmd.encode())
  File "C:\ProgramData\Anaconda3\lib\site-packages\serial\serialwin32.py", line 315, in write
    raise SerialException("WriteFile failed ({!r})".format(ctypes.WinError()))
serial.serialutil.SerialException: WriteFile failed (PermissionError(13, 'Il dispositivo non riconosce il comando.', None, 22))

2019-12-02T13:44:16|CRITICAL|root|Unhandled exception:Traceback (most recent call last):
  File "C:\ProgramData\Anaconda3\lib\site-packages\ScopeFoundry\logged_quantity.py", line 311, in update_choice_index_value
    self.update_value(self.choices[new_choice_index][1], **kwargs)
  File "C:\ProgramData\Anaconda3\lib\site-packages\ScopeFoundry\logged_quantity.py", line 241, in update_value
    self.hardware_set_func(self.val)
  File "C:\LabPrograms\Python\laser\laser_device.py", line 139, in select_operating_mode
    fullresp = self.write_cmd('SOURce:AM:INTernal '+cmd)
  File "C:\LabPrograms\Python\laser\laser_device.py", line 25, in write_cmd
    self.ser.write(serialcmd.encode())
  File "C:\ProgramData\Anaconda3\lib\site-packages\serial\serialwin32.py", line 315, in write
    raise SerialException("WriteFile failed ({!r})".format(ctypes.WinError()))
serial.serialutil.SerialException: WriteFile failed (PermissionError(13, 'Il dispositivo non riconosce il comando.', None, 22))

2019-12-02T13:44:36|CRITICAL|root|Unhandled exception:Traceback (most recent call last):
  File "C:\LabPrograms\Python\DAQ-Laser-Camera\SyncreadoutTriggerMeasurement.py", line 84, in run
    self.start_triggered_Acquisition(self.settings['Acq_freq'])
  File "C:\LabPrograms\Python\DAQ-Laser-Camera\SyncreadoutTriggerMeasurement.py", line 297, in start_triggered_Acquisition
    self.start_laser(self.laser_1)
  File "C:\LabPrograms\Python\DAQ-Laser-Camera\SyncreadoutTriggerMeasurement.py", line 229, in start_laser
    laserHW.operating_mode.write_to_hardware()
  File "C:\ProgramData\Anaconda3\lib\site-packages\ScopeFoundry\logged_quantity.py", line 174, in write_to_hardware
    self.hardware_set_func(self.val)
  File "C:\LabPrograms\Python\laser\laser_device.py", line 141, in select_operating_mode
    fullresp = self.write_cmd('SOURce:AM:EXTernal '+cmd)
  File "C:\LabPrograms\Python\laser\laser_device.py", line 25, in write_cmd
    self.ser.write(serialcmd.encode())
  File "C:\ProgramData\Anaconda3\lib\site-packages\serial\serialwin32.py", line 315, in write
    raise SerialException("WriteFile failed ({!r})".format(ctypes.WinError()))
serial.serialutil.SerialException: WriteFile failed (PermissionError(13, 'Il dispositivo non riconosce il comando.', None, 22))

During handling of the above exception, another exception occurred:

Traceback (most recent call last):
  File "C:\ProgramData\Anaconda3\lib\site-packages\ScopeFoundry\measurement.py", line 25, in run
    self.measurement._thread_run()
  File "C:\ProgramData\Anaconda3\lib\site-packages\ScopeFoundry\measurement.py", line 179, in _thread_run
    self.run()
  File "C:\LabPrograms\Python\DAQ-Laser-Camera\SyncreadoutTriggerMeasurement.py", line 192, in run
    self.stop_triggered_Acquisition()
  File "C:\LabPrograms\Python\DAQ-Laser-Camera\SyncreadoutTriggerMeasurement.py", line 318, in stop_triggered_Acquisition
    self.stop_laser(self.laser_1)
  File "C:\LabPrograms\Python\DAQ-Laser-Camera\SyncreadoutTriggerMeasurement.py", line 240, in stop_laser
    laserHW.laser_status.write_to_hardware()
  File "C:\ProgramData\Anaconda3\lib\site-packages\ScopeFoundry\logged_quantity.py", line 174, in write_to_hardware
    self.hardware_set_func(self.val)
  File "C:\LabPrograms\Python\laser\laser_device.py", line 155, in set_laser_status
    fullresp = self.write_cmd('SOURce:AM:STATe '+cmd) # cmd = ON|OFF
  File "C:\LabPrograms\Python\laser\laser_device.py", line 25, in write_cmd
    self.ser.write(serialcmd.encode())
  File "C:\ProgramData\Anaconda3\lib\site-packages\serial\serialwin32.py", line 315, in write
    raise SerialException("WriteFile failed ({!r})".format(ctypes.WinError()))
serial.serialutil.SerialException: WriteFile failed (PermissionError(13, 'Il dispositivo non riconosce il comando.', None, 22))

2019-12-02T15:02:17|CRITICAL|root|Unhandled exception:Traceback (most recent call last):
  File "C:\ProgramData\Anaconda3\lib\site-packages\ScopeFoundry\measurement.py", line 244, in start_stop
    self._start()
  File "C:\ProgramData\Anaconda3\lib\site-packages\ScopeFoundry\measurement.py", line 134, in _start
    raise RuntimeError("Cannot start a new measurement while still measuring")
RuntimeError: Cannot start a new measurement while still measuring

