2020-02-17T19:12:51|ERROR|SyncreadoutTriggerCounterMeasurement|SyncreadoutTriggerCounterMeasurement Failed to update figure1: 'SyncreadoutTriggerCounterMeasurement' object has no attribute 'imv0'. ['Traceback (most recent call last):\n', '  File "C:\\ProgramData\\Anaconda3\\lib\\site-packages\\ScopeFoundry\\measurement.py", line 273, in _on_display_update_timer\n    self.update_display()\n', '  File "C:\\LabPrograms\\Python\\DAQ_Laser_Camera\\SyncreadoutTriggerCounterMeasurement_dvp.py", line 281, in update_display\n    self.imv0.setImage((self.image0).T, autoLevels=self.settings.autoLevels0.val,\n', "AttributeError: 'SyncreadoutTriggerCounterMeasurement' object has no attribute 'imv0'\n"]
2020-02-17T19:12:51|ERROR|SyncreadoutTriggerCounterMeasurement|SyncreadoutTriggerCounterMeasurement Failed to update figure1: 'SyncreadoutTriggerCounterMeasurement' object has no attribute 'imv0'. ['Traceback (most recent call last):\n', '  File "C:\\ProgramData\\Anaconda3\\lib\\site-packages\\ScopeFoundry\\measurement.py", line 273, in _on_display_update_timer\n    self.update_display()\n', '  File "C:\\LabPrograms\\Python\\DAQ_Laser_Camera\\SyncreadoutTriggerCounterMeasurement_dvp.py", line 281, in update_display\n    self.imv0.setImage((self.image0).T, autoLevels=self.settings.autoLevels0.val,\n', "AttributeError: 'SyncreadoutTriggerCounterMeasurement' object has no attribute 'imv0'\n"]
2020-02-17T19:12:51|ERROR|SyncreadoutTriggerCounterMeasurement|SyncreadoutTriggerCounterMeasurement Failed to update figure1: 'SyncreadoutTriggerCounterMeasurement' object has no attribute 'imv1'. ['Traceback (most recent call last):\n', '  File "C:\\ProgramData\\Anaconda3\\lib\\site-packages\\ScopeFoundry\\measurement.py", line 273, in _on_display_update_timer\n    self.update_display()\n', '  File "C:\\LabPrograms\\Python\\DAQ_Laser_Camera\\SyncreadoutTriggerCounterMeasurement_dvp.py", line 290, in update_display\n    self.imv1.setImage((self.image1).T, autoLevels=self.settings.autoLevels1.val,\n', "AttributeError: 'SyncreadoutTriggerCounterMeasurement' object has no attribute 'imv1'\n"]
