2020-02-26T18:07:31|CRITICAL|root|Unhandled exception:Traceback (most recent call last):
  File "C:\ProgramData\Anaconda3\lib\site-packages\h5py\_hl\files.py", line 162, in make_fid
    fid = h5f.open(name, h5f.ACC_RDWR, fapl=fapl)
  File "h5py\_objects.pyx", line 54, in h5py._objects.with_phil.wrapper
  File "h5py\_objects.pyx", line 55, in h5py._objects.with_phil.wrapper
  File "h5py\h5f.pyx", line 78, in h5py.h5f.open
OSError: Unable to open file (unable to open file: name = 'D:\Data\Nuova_Cartella\200226_180731_cell_counter_Camera_dual_save.h5', errno = 2, error message = 'No such file or directory', flags = 1, o_flags = 2)

During handling of the above exception, another exception occurred:

Traceback (most recent call last):
  File "C:\ProgramData\Anaconda3\lib\site-packages\h5py\_hl\files.py", line 165, in make_fid
    fid = h5f.open(name, h5f.ACC_RDONLY, fapl=fapl)
  File "h5py\_objects.pyx", line 54, in h5py._objects.with_phil.wrapper
  File "h5py\_objects.pyx", line 55, in h5py._objects.with_phil.wrapper
  File "h5py\h5f.pyx", line 78, in h5py.h5f.open
OSError: Unable to open file (unable to open file: name = 'D:\Data\Nuova_Cartella\200226_180731_cell_counter_Camera_dual_save.h5', errno = 2, error message = 'No such file or directory', flags = 0, o_flags = 0)

During handling of the above exception, another exception occurred:

Traceback (most recent call last):
  File "C:\ProgramData\Anaconda3\lib\site-packages\ScopeFoundry\measurement.py", line 25, in run
    self.measurement._thread_run()
  File "C:\ProgramData\Anaconda3\lib\site-packages\ScopeFoundry\measurement.py", line 179, in _thread_run
    self.run()
  File "C:\LabPrograms\Python\DAQ_Laser_Camera\Camera_dual_save_dvp.py", line 106, in run
    self.initH5CellCounter()
  File "C:\LabPrograms\Python\DAQ_Laser_Camera\Camera_dual_save_dvp.py", line 439, in initH5CellCounter
    self.h5file_counter = h5_io.h5_base_file(app=self.app, measurement=self, fname = fname)
  File "C:\ProgramData\Anaconda3\lib\site-packages\ScopeFoundry\h5_io.py", line 65, in h5_base_file
    h5_file = h5py.File(fname)
  File "C:\ProgramData\Anaconda3\lib\site-packages\h5py\_hl\files.py", line 312, in __init__
    fid = make_fid(name, mode, userblock_size, fapl, swmr=swmr)
  File "C:\ProgramData\Anaconda3\lib\site-packages\h5py\_hl\files.py", line 167, in make_fid
    fid = h5f.create(name, h5f.ACC_EXCL, fapl=fapl, fcpl=fcpl)
  File "h5py\_objects.pyx", line 54, in h5py._objects.with_phil.wrapper
  File "h5py\_objects.pyx", line 55, in h5py._objects.with_phil.wrapper
  File "h5py\h5f.pyx", line 98, in h5py.h5f.create
OSError: Unable to create file (unable to open file: name = 'D:\Data\Nuova_Cartella\200226_180731_cell_counter_Camera_dual_save.h5', errno = 2, error message = 'No such file or directory', flags = 15, o_flags = 502)

2020-02-26T18:07:31|CRITICAL|root|Unhandled exception:Traceback (most recent call last):
  File "C:\ProgramData\Anaconda3\lib\site-packages\pyqtgraph\graphicsItems\HistogramLUTItem.py", line 195, in imageChanged
    h = self.imageItem().getHistogram()
  File "C:\ProgramData\Anaconda3\lib\site-packages\pyqtgraph\graphicsItems\ImageItem.py", line 464, in getHistogram
    bins = np.arange(mn, mx+1.01*step, step, dtype=np.int)
ValueError: arange: cannot compute length

2020-02-26T18:07:31|CRITICAL|root|Unhandled exception:Traceback (most recent call last):
  File "C:\ProgramData\Anaconda3\lib\site-packages\pyqtgraph\graphicsItems\HistogramLUTItem.py", line 195, in imageChanged
    h = self.imageItem().getHistogram()
  File "C:\ProgramData\Anaconda3\lib\site-packages\pyqtgraph\graphicsItems\ImageItem.py", line 464, in getHistogram
    bins = np.arange(mn, mx+1.01*step, step, dtype=np.int)
ValueError: arange: cannot compute length

2020-02-26T18:08:03|CRITICAL|root|Unhandled exception:Traceback (most recent call last):
  File "C:\ProgramData\Anaconda3\lib\site-packages\ScopeFoundry\measurement.py", line 25, in run
    self.measurement._thread_run()
  File "C:\ProgramData\Anaconda3\lib\site-packages\ScopeFoundry\measurement.py", line 179, in _thread_run
    self.run()
  File "C:\LabPrograms\Python\DAQ_Laser_Camera\Camera_dual_save_dvp.py", line 237, in run
    self.image_h5_1[index, :, :] = self.image_on_the_run_odd  # saving to the h5 dataset
  File "h5py\_objects.pyx", line 54, in h5py._objects.with_phil.wrapper
  File "h5py\_objects.pyx", line 55, in h5py._objects.with_phil.wrapper
  File "C:\ProgramData\Anaconda3\lib\site-packages\h5py\_hl\dataset.py", line 609, in __setitem__
    selection = sel.select(self.shape, args, dsid=self.id)
  File "C:\ProgramData\Anaconda3\lib\site-packages\h5py\_hl\selections.py", line 94, in select
    sel[args]
  File "C:\ProgramData\Anaconda3\lib\site-packages\h5py\_hl\selections.py", line 261, in __getitem__
    start, count, step, scalar = _handle_simple(self.shape,args)
  File "C:\ProgramData\Anaconda3\lib\site-packages\h5py\_hl\selections.py", line 451, in _handle_simple
    x,y,z = _translate_int(int(arg), length)
  File "C:\ProgramData\Anaconda3\lib\site-packages\h5py\_hl\selections.py", line 471, in _translate_int
    raise ValueError("Index (%s) out of range (0-%s)" % (exp, length-1))
ValueError: Index (100) out of range (0-99)

