2019-02-06T14:14:06|CRITICAL|root|Unhandled exception:Traceback (most recent call last):
  File "C:\Users\Admin\eclipse-workspace\Laser_DAQ_Camera\Laser_DAQ_Camera_App.py", line 42, in <module>
    app = Laser_DAQ_Camera_App(sys.argv)
  File "C:\LabPrograms\Python\BaseMicroscopeModified_ScopeFoundry\BaseMicroscopeAppModified.py", line 16, in __init__
    super().__init__(*kwds) # *kwds is needed since in the main we pass as argument sys.argv. Without
  File "C:\ProgramData\Anaconda3\lib\site-packages\ScopeFoundry\base_app.py", line 332, in __init__
    self.setup()
  File "C:\Users\Admin\eclipse-workspace\Laser_DAQ_Camera\Laser_DAQ_Camera_App.py", line 21, in setup
    self.add_hardware(CO2)
  File "C:\ProgramData\Anaconda3\lib\site-packages\ScopeFoundry\base_app.py", line 605, in add_hardware
    assert not hw.name in self.hardware.keys()
AssertionError

