2019-02-08T16:10:08|CRITICAL|root|Unhandled exception:Traceback (most recent call last):
  File "C:\Users\Admin\eclipse-workspace\Laser_DAQ_Camera\Laser_DAQ_Camera_App.py", line 38, in <module>
    app = Laser_DAQ_Camera_App(sys.argv)
  File "C:\LabPrograms\Python\BaseMicroscopeModified_ScopeFoundry\BaseMicroscopeAppModified.py", line 16, in __init__
    super().__init__(*kwds) # *kwds is needed since in the main we pass as argument sys.argv. Without
  File "C:\ProgramData\Anaconda3\lib\site-packages\ScopeFoundry\base_app.py", line 332, in __init__
    self.setup()
  File "C:\Users\Admin\eclipse-workspace\Laser_DAQ_Camera\Laser_DAQ_Camera_App.py", line 26, in setup
    self.add_measurement(DaqControlledMeasurement(self))
  File "C:\ProgramData\Anaconda3\lib\site-packages\ScopeFoundry\measurement.py", line 93, in __init__
    self.setup()
  File "C:\Users\Admin\eclipse-workspace\Laser_DAQ_Camera\DaqControlledMeasurement.py", line 20, in setup
    self.settings.New('record', dtype=bool, initial=False, hardware_set_func=self.setRecord, hardware_read_func=self.getRecord, reread_from_hardware_after_write=True)
  File "C:\ProgramData\Anaconda3\lib\site-packages\ScopeFoundry\logged_quantity.py", line 1108, in New
    return self.Add(lq)
  File "C:\ProgramData\Anaconda3\lib\site-packages\ScopeFoundry\logged_quantity.py", line 1115, in Add
    assert not (name in self._logged_quantities)
AssertionError

