2021-07-21T10:00:52|CRITICAL|root|Unhandled exception:Traceback (most recent call last):
  File "C:\Users\Admin\anaconda3\envs\scopefoundry\lib\site-packages\ScopeFoundry\hardware.py", line 208, in enable_connection
    raise err
  File "C:\Users\Admin\anaconda3\envs\scopefoundry\lib\site-packages\ScopeFoundry\hardware.py", line 204, in enable_connection
    self.connect()
  File "C:\LabPrograms\Python\OBIS_ScopeFoundry\laser_hardware.py", line 35, in connect
    self.laser = LaserDevice(port=self.port.val, debug=self.debug_mode.val)
  File "C:\LabPrograms\Python\OBIS_ScopeFoundry\laser_device.py", line 14, in __init__
    self.ser = ser = serial.Serial(port=self.port, baudrate=921600,
  File "C:\Users\Admin\anaconda3\envs\scopefoundry\lib\site-packages\serial\serialwin32.py", line 31, in __init__
    super(Serial, self).__init__(*args, **kwargs)
  File "C:\Users\Admin\anaconda3\envs\scopefoundry\lib\site-packages\serial\serialutil.py", line 240, in __init__
    self.open()
  File "C:\Users\Admin\anaconda3\envs\scopefoundry\lib\site-packages\serial\serialwin32.py", line 62, in open
    raise SerialException("could not open port {!r}: {!r}".format(self.portstr, ctypes.WinError()))
serial.serialutil.SerialException: could not open port 'COM7': FileNotFoundError(2, 'Impossibile trovare il file specificato.', None, 2)

2021-07-21T10:54:19|WARNING|LoggedQuantity|present_output_power read_from_hardware called when not connected to hardware
2021-07-21T10:54:19|WARNING|LoggedQuantity|present_output_power read_from_hardware called when not connected to hardware
2021-07-21T10:54:19|WARNING|LoggedQuantity|present_output_power read_from_hardware called when not connected to hardware
2021-07-21T10:54:22|WARNING|LoggedQuantity|present_output_power read_from_hardware called when not connected to hardware
2021-07-21T10:54:22|WARNING|LoggedQuantity|present_output_power read_from_hardware called when not connected to hardware
2021-07-21T10:54:22|WARNING|LoggedQuantity|present_output_power read_from_hardware called when not connected to hardware
2021-07-21T11:44:42|CRITICAL|root|Unhandled exception:Traceback (most recent call last):
  File "C:\LabPrograms\Python\Hamamatsu_ScopeFoundry\CameraMeasurement.py", line 106, in run
    self.camera.hamamatsu.startAcquisition()
AttributeError: 'HamamatsuHardware' object has no attribute 'hamamatsu'

During handling of the above exception, another exception occurred:

Traceback (most recent call last):
  File "C:\Users\Admin\anaconda3\envs\scopefoundry\lib\site-packages\ScopeFoundry\measurement.py", line 25, in run
    self.measurement._thread_run()
  File "C:\Users\Admin\anaconda3\envs\scopefoundry\lib\site-packages\ScopeFoundry\measurement.py", line 179, in _thread_run
    self.run()
  File "C:\LabPrograms\Python\Hamamatsu_ScopeFoundry\CameraMeasurement.py", line 198, in run
    self.camera.hamamatsu.stopAcquisition()
AttributeError: 'HamamatsuHardware' object has no attribute 'hamamatsu'

2021-07-21T11:50:28|CRITICAL|root|Unhandled exception:Traceback (most recent call last):
  File "C:\Users\Admin\anaconda3\envs\scopefoundry\lib\site-packages\ScopeFoundry\measurement.py", line 244, in start_stop
    self._start()
  File "C:\Users\Admin\anaconda3\envs\scopefoundry\lib\site-packages\ScopeFoundry\measurement.py", line 134, in _start
    raise RuntimeError("Cannot start a new measurement while still measuring")
RuntimeError: Cannot start a new measurement while still measuring

2021-07-21T11:54:55|WARNING|LoggedQuantity|present_output_power read_from_hardware called when not connected to hardware
2021-07-21T11:54:55|WARNING|LoggedQuantity|present_output_power read_from_hardware called when not connected to hardware
2021-07-21T11:54:55|WARNING|LoggedQuantity|present_output_power read_from_hardware called when not connected to hardware
2021-07-21T11:54:55|WARNING|LoggedQuantity|present_output_power read_from_hardware called when not connected to hardware
2021-07-21T11:54:59|WARNING|LoggedQuantity|present_output_power read_from_hardware called when not connected to hardware
2021-07-21T11:54:59|WARNING|LoggedQuantity|present_output_power read_from_hardware called when not connected to hardware
2021-07-21T11:54:59|WARNING|LoggedQuantity|present_output_power read_from_hardware called when not connected to hardware
2021-07-21T11:54:59|WARNING|LoggedQuantity|present_output_power read_from_hardware called when not connected to hardware
2021-07-21T11:55:01|WARNING|LoggedQuantity|present_output_power read_from_hardware called when not connected to hardware
2021-07-21T11:55:01|WARNING|LoggedQuantity|present_output_power read_from_hardware called when not connected to hardware
2021-07-21T11:55:01|WARNING|LoggedQuantity|present_output_power read_from_hardware called when not connected to hardware
2021-07-21T11:55:01|WARNING|LoggedQuantity|present_output_power read_from_hardware called when not connected to hardware
