2022-01-11T14:34:02|CRITICAL|root|Unhandled exception:Traceback (most recent call last):
  File "C:\Users\Admin\anaconda3\envs\scopefoundry\lib\site-packages\ScopeFoundry\hardware.py", line 208, in enable_connection
    raise err
  File "C:\Users\Admin\anaconda3\envs\scopefoundry\lib\site-packages\ScopeFoundry\hardware.py", line 204, in enable_connection
    self.connect()
  File "C:\LabPrograms\Python\OBIS_ScopeFoundry\laser_hardware.py", line 35, in connect
    self.laser = LaserDevice(port=self.port.val, debug=self.debug_mode.val)
  File "C:\LabPrograms\Python\OBIS_ScopeFoundry\laser_device.py", line 14, in __init__
    self.ser = ser = serial.Serial(port=self.port, baudrate=921600,
  File "C:\Users\Admin\anaconda3\envs\scopefoundry\lib\site-packages\serial\serialwin32.py", line 31, in __init__
    super(Serial, self).__init__(*args, **kwargs)
  File "C:\Users\Admin\anaconda3\envs\scopefoundry\lib\site-packages\serial\serialutil.py", line 240, in __init__
    self.open()
  File "C:\Users\Admin\anaconda3\envs\scopefoundry\lib\site-packages\serial\serialwin32.py", line 62, in open
    raise SerialException("could not open port {!r}: {!r}".format(self.portstr, ctypes.WinError()))
serial.serialutil.SerialException: could not open port 'COM7': FileNotFoundError(2, 'Impossibile trovare il file specificato.', None, 2)

2022-01-11T15:48:02|ERROR|PROCHIP_SIM_Measurement|PROCHIP_SIM Failed to update figure1: <class 'PyQt5.QtCore.QEvent'> returned a result with an error set. ['Traceback (most recent call last):\n', '  File "C:\\Users\\Admin\\anaconda3\\envs\\scopefoundry\\lib\\site-packages\\ScopeFoundry\\logged_quantity.py", line 241, in update_value\n    self.hardware_set_func(self.val)\n', '  File "C:\\LabPrograms\\Python\\HexSimAnalyser\\HexSimAnalyser_measurement.py", line 499, in reset_processor\n    self.start_sim_processor()\n', '  File "C:\\LabPrograms\\Python\\HexSimAnalyser\\HexSimAnalyser_measurement.py", line 222, in start_sim_processor\n    raise(ValueError("Invalid number of phases"))\n', 'ValueError: Invalid number of phases\n', '\nThe above exception was the direct cause of the following exception:\n\n', "SystemError: <class 'PyQt5.QtCore.QEvent'> returned a result with an error set\n", '\nThe above exception was the direct cause of the following exception:\n\n', 'Traceback (most recent call last):\n', '  File "C:\\Users\\Admin\\anaconda3\\envs\\scopefoundry\\lib\\site-packages\\ScopeFoundry\\measurement.py", line 273, in _on_display_update_timer\n    self.update_display()\n', "SystemError: <class 'PyQt5.QtCore.QEvent'> returned a result with an error set\n"]
2022-01-11T15:48:02|ERROR|PROCHIP_SIM_Measurement|PROCHIP_SIM Failed to update figure1: <class 'PyQt5.QtCore.QEvent'> returned a result with an error set. ['Traceback (most recent call last):\n', '  File "C:\\Users\\Admin\\anaconda3\\envs\\scopefoundry\\lib\\site-packages\\ScopeFoundry\\logged_quantity.py", line 241, in update_value\n    self.hardware_set_func(self.val)\n', '  File "C:\\LabPrograms\\Python\\HexSimAnalyser\\HexSimAnalyser_measurement.py", line 499, in reset_processor\n    self.start_sim_processor()\n', '  File "C:\\LabPrograms\\Python\\HexSimAnalyser\\HexSimAnalyser_measurement.py", line 222, in start_sim_processor\n    raise(ValueError("Invalid number of phases"))\n', 'ValueError: Invalid number of phases\n', '\nThe above exception was the direct cause of the following exception:\n\n', "SystemError: <class 'PyQt5.QtCore.QEvent'> returned a result with an error set\n", '\nThe above exception was the direct cause of the following exception:\n\n', "SystemError: <class 'PyQt5.QtCore.QEvent'> returned a result with an error set\n", '\nThe above exception was the direct cause of the following exception:\n\n', "SystemError: <class 'PyQt5.QtCore.QEvent'> returned a result with an error set\n", '\nThe above exception was the direct cause of the following exception:\n\n', 'Traceback (most recent call last):\n', '  File "C:\\Users\\Admin\\anaconda3\\envs\\scopefoundry\\lib\\site-packages\\ScopeFoundry\\measurement.py", line 273, in _on_display_update_timer\n    self.update_display()\n', "SystemError: <class 'PyQt5.QtCore.QEvent'> returned a result with an error set\n"]
2022-01-11T15:48:03|CRITICAL|root|Unhandled exception:Traceback (most recent call last):
  File "C:\Users\Admin\anaconda3\envs\scopefoundry\lib\site-packages\ScopeFoundry\logged_quantity.py", line 241, in update_value
    self.hardware_set_func(self.val)
  File "C:\LabPrograms\Python\HexSimAnalyser\HexSimAnalyser_measurement.py", line 499, in reset_processor
    self.start_sim_processor()
  File "C:\LabPrograms\Python\HexSimAnalyser\HexSimAnalyser_measurement.py", line 222, in start_sim_processor
    raise(ValueError("Invalid number of phases"))
ValueError: Invalid number of phases

2022-01-11T15:48:10|CRITICAL|root|Unhandled exception:Traceback (most recent call last):
  File "C:\Users\Admin\anaconda3\envs\scopefoundry\lib\site-packages\ScopeFoundry\logged_quantity.py", line 241, in update_value
    self.hardware_set_func(self.val)
  File "C:\LabPrograms\Python\HexSimAnalyser\HexSimAnalyser_measurement.py", line 660, in setReconstructor
    self.h.usePhases = self.settings['use_phases']
AttributeError: 'HexSimAnalysis' object has no attribute 'h'

2022-01-11T15:48:13|ERROR|PROCHIP_SIM_Measurement|PROCHIP_SIM Failed to update figure1: <class 'PyQt5.QtCore.QEvent'> returned a result with an error set. ['Traceback (most recent call last):\n', '  File "C:\\Users\\Admin\\anaconda3\\envs\\scopefoundry\\lib\\site-packages\\ScopeFoundry\\logged_quantity.py", line 241, in update_value\n    self.hardware_set_func(self.val)\n', '  File "C:\\LabPrograms\\Python\\HexSimAnalyser\\HexSimAnalyser_measurement.py", line 660, in setReconstructor\n    self.h.usePhases = self.settings[\'use_phases\']\n', "AttributeError: 'HexSimAnalysis' object has no attribute 'h'\n", '\nThe above exception was the direct cause of the following exception:\n\n', "SystemError: <class 'PyQt5.QtCore.QEvent'> returned a result with an error set\n", '\nThe above exception was the direct cause of the following exception:\n\n', "SystemError: <class 'PyQt5.QtCore.QEvent'> returned a result with an error set\n", '\nThe above exception was the direct cause of the following exception:\n\n', "SystemError: <class 'PyQt5.QtCore.QEvent'> returned a result with an error set\n", '\nThe above exception was the direct cause of the following exception:\n\n', "SystemError: <class 'PyQt5.QtCore.QEvent'> returned a result with an error set\n", '\nThe above exception was the direct cause of the following exception:\n\n', 'Traceback (most recent call last):\n', '  File "C:\\Users\\Admin\\anaconda3\\envs\\scopefoundry\\lib\\site-packages\\ScopeFoundry\\measurement.py", line 273, in _on_display_update_timer\n    self.update_display()\n', "SystemError: <class 'PyQt5.QtCore.QEvent'> returned a result with an error set\n"]
2022-01-11T15:48:14|ERROR|PROCHIP_SIM_Measurement|PROCHIP_SIM Failed to update figure1: <class 'PyQt5.QtCore.QEvent'> returned a result with an error set. ['Traceback (most recent call last):\n', '  File "C:\\Users\\Admin\\anaconda3\\envs\\scopefoundry\\lib\\site-packages\\ScopeFoundry\\logged_quantity.py", line 241, in update_value\n    self.hardware_set_func(self.val)\n', '  File "C:\\LabPrograms\\Python\\HexSimAnalyser\\HexSimAnalyser_measurement.py", line 660, in setReconstructor\n    self.h.usePhases = self.settings[\'use_phases\']\n', "AttributeError: 'HexSimAnalysis' object has no attribute 'h'\n", '\nThe above exception was the direct cause of the following exception:\n\n', "SystemError: <class 'PyQt5.QtCore.QEvent'> returned a result with an error set\n", '\nThe above exception was the direct cause of the following exception:\n\n', 'Traceback (most recent call last):\n', '  File "C:\\Users\\Admin\\anaconda3\\envs\\scopefoundry\\lib\\site-packages\\ScopeFoundry\\measurement.py", line 273, in _on_display_update_timer\n    self.update_display()\n', "SystemError: <class 'PyQt5.QtCore.QEvent'> returned a result with an error set\n"]
2022-01-11T15:48:15|CRITICAL|root|Unhandled exception:Traceback (most recent call last):
  File "C:\Users\Admin\anaconda3\envs\scopefoundry\lib\site-packages\ScopeFoundry\logged_quantity.py", line 241, in update_value
    self.hardware_set_func(self.val)
  File "C:\LabPrograms\Python\HexSimAnalyser\HexSimAnalyser_measurement.py", line 660, in setReconstructor
    self.h.usePhases = self.settings['use_phases']
AttributeError: 'HexSimAnalysis' object has no attribute 'h'

2022-01-11T15:48:32|CRITICAL|root|Unhandled exception:Traceback (most recent call last):
  File "C:\Users\Admin\anaconda3\envs\scopefoundry\lib\site-packages\ScopeFoundry\logged_quantity.py", line 241, in update_value
    self.hardware_set_func(self.val)
  File "C:\LabPrograms\Python\HexSimAnalyser\HexSimAnalyser_measurement.py", line 660, in setReconstructor
    self.h.usePhases = self.settings['use_phases']
AttributeError: 'HexSimAnalysis' object has no attribute 'h'

2022-01-11T15:48:34|CRITICAL|root|Unhandled exception:Traceback (most recent call last):
  File "C:\LabPrograms\Python\HexSimAnalyser\HexSimAnalyser_measurement.py", line 31, in inner
    result = function(cls)
  File "C:\LabPrograms\Python\HexSimAnalyser\HexSimAnalyser_measurement.py", line 533, in calibration
    self.setReconstructor()
  File "C:\LabPrograms\Python\HexSimAnalyser\HexSimAnalyser_measurement.py", line 660, in setReconstructor
    self.h.usePhases = self.settings['use_phases']
AttributeError: 'HexSimAnalysis' object has no attribute 'h'

2022-01-11T15:48:41|CRITICAL|root|Unhandled exception:Traceback (most recent call last):
  File "C:\Users\Admin\anaconda3\envs\scopefoundry\lib\site-packages\ScopeFoundry\logged_quantity.py", line 241, in update_value
    self.hardware_set_func(self.val)
  File "C:\LabPrograms\Python\HexSimAnalyser\HexSimAnalyser_measurement.py", line 327, in set_frame
    self.imageRaw = self.imageRaw # frame update is done by the imageRaw setter
  File "C:\LabPrograms\Python\HexSimAnalyser\HexSimAnalyser_measurement.py", line 186, in imageRaw
    xcorr = self.calculate_carrier(img_raw[:,frame_index,:,:]) # calculates the power spectrum of imageRaw for the first phase
  File "C:\LabPrograms\Python\HexSimAnalyser\HexSimAnalyser_measurement.py", line 467, in calculate_carrier
    self.calculate_kr(N)
  File "C:\LabPrograms\Python\HexSimAnalyser\HexSimAnalyser_measurement.py", line 454, in calculate_kr
    _dx = self.h.pixelsize / self.h.magnification  # Sampling in image plane
AttributeError: 'HexSimAnalysis' object has no attribute 'h'

2022-01-11T15:48:43|CRITICAL|root|Unhandled exception:Traceback (most recent call last):
  File "C:\Users\Admin\anaconda3\envs\scopefoundry\lib\site-packages\ScopeFoundry\logged_quantity.py", line 241, in update_value
    self.hardware_set_func(self.val)
  File "C:\LabPrograms\Python\HexSimAnalyser\HexSimAnalyser_measurement.py", line 315, in set_dataset
    self.imageRaw = stack
  File "C:\LabPrograms\Python\HexSimAnalyser\HexSimAnalyser_measurement.py", line 186, in imageRaw
    xcorr = self.calculate_carrier(img_raw[:,frame_index,:,:]) # calculates the power spectrum of imageRaw for the first phase
  File "C:\LabPrograms\Python\HexSimAnalyser\HexSimAnalyser_measurement.py", line 467, in calculate_carrier
    self.calculate_kr(N)
  File "C:\LabPrograms\Python\HexSimAnalyser\HexSimAnalyser_measurement.py", line 454, in calculate_kr
    _dx = self.h.pixelsize / self.h.magnification  # Sampling in image plane
AttributeError: 'HexSimAnalysis' object has no attribute 'h'

2022-01-11T15:48:47|CRITICAL|root|Unhandled exception:Traceback (most recent call last):
  File "C:\Users\Admin\anaconda3\envs\scopefoundry\lib\site-packages\ScopeFoundry\logged_quantity.py", line 241, in update_value
    self.hardware_set_func(self.val)
  File "C:\LabPrograms\Python\HexSimAnalyser\HexSimAnalyser_measurement.py", line 327, in set_frame
    self.imageRaw = self.imageRaw # frame update is done by the imageRaw setter
  File "C:\LabPrograms\Python\HexSimAnalyser\HexSimAnalyser_measurement.py", line 186, in imageRaw
    xcorr = self.calculate_carrier(img_raw[:,frame_index,:,:]) # calculates the power spectrum of imageRaw for the first phase
  File "C:\LabPrograms\Python\HexSimAnalyser\HexSimAnalyser_measurement.py", line 467, in calculate_carrier
    self.calculate_kr(N)
  File "C:\LabPrograms\Python\HexSimAnalyser\HexSimAnalyser_measurement.py", line 454, in calculate_kr
    _dx = self.h.pixelsize / self.h.magnification  # Sampling in image plane
AttributeError: 'HexSimAnalysis' object has no attribute 'h'

2022-01-11T15:48:49|CRITICAL|root|Unhandled exception:Traceback (most recent call last):
  File "C:\LabPrograms\Python\HexSimAnalyser\HexSimAnalyser_measurement.py", line 434, in loadFile
    self.load_h5_file()
  File "C:\LabPrograms\Python\HexSimAnalyser\HexSimAnalyser_measurement.py", line 238, in load_h5_file
    available_datasets = self.open_PROCHIP_h5_file()
  File "C:\LabPrograms\Python\HexSimAnalyser\HexSimAnalyser_measurement.py", line 280, in open_PROCHIP_h5_file
    available_datasets = self.set_dataset(idx = 0)
  File "C:\LabPrograms\Python\HexSimAnalyser\HexSimAnalyser_measurement.py", line 315, in set_dataset
    self.imageRaw = stack
  File "C:\LabPrograms\Python\HexSimAnalyser\HexSimAnalyser_measurement.py", line 186, in imageRaw
    xcorr = self.calculate_carrier(img_raw[:,frame_index,:,:]) # calculates the power spectrum of imageRaw for the first phase
  File "C:\LabPrograms\Python\HexSimAnalyser\HexSimAnalyser_measurement.py", line 467, in calculate_carrier
    self.calculate_kr(N)
  File "C:\LabPrograms\Python\HexSimAnalyser\HexSimAnalyser_measurement.py", line 454, in calculate_kr
    _dx = self.h.pixelsize / self.h.magnification  # Sampling in image plane
AttributeError: 'HexSimAnalysis' object has no attribute 'h'

2022-01-11T15:50:22|CRITICAL|root|Unhandled exception:Traceback (most recent call last):
  File "C:\LabPrograms\Python\HexSimAnalyser\HexSimAnalyser_measurement.py", line 434, in loadFile
    self.load_h5_file()
  File "C:\LabPrograms\Python\HexSimAnalyser\HexSimAnalyser_measurement.py", line 238, in load_h5_file
    available_datasets = self.open_PROCHIP_h5_file()
  File "C:\LabPrograms\Python\HexSimAnalyser\HexSimAnalyser_measurement.py", line 280, in open_PROCHIP_h5_file
    available_datasets = self.set_dataset(idx = 0)
  File "C:\LabPrograms\Python\HexSimAnalyser\HexSimAnalyser_measurement.py", line 315, in set_dataset
    self.imageRaw = stack
  File "C:\LabPrograms\Python\HexSimAnalyser\HexSimAnalyser_measurement.py", line 186, in imageRaw
    xcorr = self.calculate_carrier(img_raw[:,frame_index,:,:]) # calculates the power spectrum of imageRaw for the first phase
  File "C:\LabPrograms\Python\HexSimAnalyser\HexSimAnalyser_measurement.py", line 467, in calculate_carrier
    self.calculate_kr(N)
  File "C:\LabPrograms\Python\HexSimAnalyser\HexSimAnalyser_measurement.py", line 454, in calculate_kr
    _dx = self.h.pixelsize / self.h.magnification  # Sampling in image plane
AttributeError: 'HexSimAnalysis' object has no attribute 'h'

2022-01-11T15:51:05|CRITICAL|root|Unhandled exception:Traceback (most recent call last):
  File "C:\Users\Admin\anaconda3\envs\scopefoundry\lib\site-packages\ScopeFoundry\logged_quantity.py", line 241, in update_value
    self.hardware_set_func(self.val)
  File "C:\LabPrograms\Python\HexSimAnalyser\HexSimAnalyser_measurement.py", line 327, in set_frame
    self.imageRaw = self.imageRaw # frame update is done by the imageRaw setter
  File "C:\LabPrograms\Python\HexSimAnalyser\HexSimAnalyser_measurement.py", line 186, in imageRaw
    xcorr = self.calculate_carrier(img_raw[:,frame_index,:,:]) # calculates the power spectrum of imageRaw for the first phase
  File "C:\LabPrograms\Python\HexSimAnalyser\HexSimAnalyser_measurement.py", line 467, in calculate_carrier
    self.calculate_kr(N)
  File "C:\LabPrograms\Python\HexSimAnalyser\HexSimAnalyser_measurement.py", line 454, in calculate_kr
    _dx = self.h.pixelsize / self.h.magnification  # Sampling in image plane
AttributeError: 'HexSimAnalysis' object has no attribute 'h'

2022-01-11T15:55:55|CRITICAL|root|Unhandled exception:Traceback (most recent call last):
  File "C:\LabPrograms\Python\HexSimAnalyser\HexSimAnalyser_measurement.py", line 434, in loadFile
    self.load_h5_file()
  File "C:\LabPrograms\Python\HexSimAnalyser\HexSimAnalyser_measurement.py", line 238, in load_h5_file
    available_datasets = self.open_PROCHIP_h5_file()
  File "C:\LabPrograms\Python\HexSimAnalyser\HexSimAnalyser_measurement.py", line 280, in open_PROCHIP_h5_file
    available_datasets = self.set_dataset(idx = 0)
  File "C:\LabPrograms\Python\HexSimAnalyser\HexSimAnalyser_measurement.py", line 315, in set_dataset
    self.imageRaw = stack
  File "C:\LabPrograms\Python\HexSimAnalyser\HexSimAnalyser_measurement.py", line 186, in imageRaw
    xcorr = self.calculate_carrier(img_raw[:,frame_index,:,:]) # calculates the power spectrum of imageRaw for the first phase
  File "C:\LabPrograms\Python\HexSimAnalyser\HexSimAnalyser_measurement.py", line 467, in calculate_carrier
    self.calculate_kr(N)
  File "C:\LabPrograms\Python\HexSimAnalyser\HexSimAnalyser_measurement.py", line 454, in calculate_kr
    _dx = self.h.pixelsize / self.h.magnification  # Sampling in image plane
AttributeError: 'HexSimAnalysis' object has no attribute 'h'

2022-01-11T16:31:34|CRITICAL|root|Unhandled exception:Traceback (most recent call last):
  File "C:\LabPrograms\Python\HexSimAnalyser\HexSimAnalyser_measurement.py", line 31, in inner
    result = function(cls)
  File "C:\LabPrograms\Python\HexSimAnalyser\HexSimAnalyser_measurement.py", line 731, in estimate_resolution
    ciWF = ImageDecorr(self.imageWF, square_crop=True,pixel_size=pixelsizeWF)
  File "C:\LabPrograms\Python\HexSimAnalyser\image_decorr.py", line 104, in __init__
    self.image = apodise(image, self.pod_size, self.pod_order)
  File "C:\LabPrograms\Python\HexSimAnalyser\image_decorr.py", line 48, in apodise
    nx, ny = image.shape
ValueError: too many values to unpack (expected 2)

2022-01-11T18:14:05|CRITICAL|root|Unhandled exception:Traceback (most recent call last):
  File "C:\Users\Admin\anaconda3\envs\scopefoundry\lib\site-packages\ScopeFoundry\measurement.py", line 25, in run
    self.measurement._thread_run()
  File "C:\Users\Admin\anaconda3\envs\scopefoundry\lib\site-packages\ScopeFoundry\measurement.py", line 179, in _thread_run
    self.run()
  File "C:\LabPrograms\Python\PROCHIP_Microscope\PROCHIP_Measurement_SIM.py", line 276, in run
    self.stop_triggered_Acquisition()
  File "C:\LabPrograms\Python\PROCHIP_Microscope\PROCHIP_Measurement_SIM.py", line 457, in stop_triggered_Acquisition
    self.stop_laser(self.laser_0)
  File "C:\LabPrograms\Python\PROCHIP_Microscope\PROCHIP_Measurement_SIM.py", line 369, in stop_laser
    laserHW.laser_status.write_to_hardware()
  File "C:\Users\Admin\anaconda3\envs\scopefoundry\lib\site-packages\ScopeFoundry\logged_quantity.py", line 174, in write_to_hardware
    self.hardware_set_func(self.val)
  File "C:\LabPrograms\Python\OBIS_ScopeFoundry\laser_device.py", line 155, in set_laser_status
    fullresp = self.write_cmd('SOURce:AM:STATe '+cmd) # cmd = ON|OFF
  File "C:\LabPrograms\Python\OBIS_ScopeFoundry\laser_device.py", line 25, in write_cmd
    self.ser.write(serialcmd.encode())
  File "C:\Users\Admin\anaconda3\envs\scopefoundry\lib\site-packages\serial\serialwin32.py", line 315, in write
    raise SerialException("WriteFile failed ({!r})".format(ctypes.WinError()))
serial.serialutil.SerialException: WriteFile failed (PermissionError(13, 'Il dispositivo non riconosce il comando.', None, 22))

2022-01-11T18:19:37|CRITICAL|root|Unhandled exception:Traceback (most recent call last):
  File "C:\Users\Admin\anaconda3\envs\scopefoundry\lib\site-packages\ScopeFoundry\measurement.py", line 25, in run
    self.measurement._thread_run()
  File "C:\Users\Admin\anaconda3\envs\scopefoundry\lib\site-packages\ScopeFoundry\measurement.py", line 179, in _thread_run
    self.run()
  File "C:\LabPrograms\Python\Hamamatsu_ScopeFoundry\CameraMeasurement.py", line 148, in run
    [frame, dims] = self.camera.hamamatsu.getLastFrame()
  File "C:\LabPrograms\Python\Hamamatsu_ScopeFoundry\CameraDevice.py", line 1199, in getLastFrame
    hc_data.copyData(paramlock.buf)
  File "C:\LabPrograms\Python\Hamamatsu_ScopeFoundry\CameraDevice.py", line 309, in copyData
    ctypes.memmove(self.np_array.ctypes.data, address, self.size) #copies self.size bytes from address into self.np_array.ctyps.data
OSError: exception: access violation reading 0x0000000000000000

