2021-03-18T10:19:01|CRITICAL|root|Unhandled exception:Traceback (most recent call last):
  File "C:\Users\Admin\anaconda3\envs\scopefoundry\lib\site-packages\ScopeFoundry\hardware.py", line 208, in enable_connection
    raise err
  File "C:\Users\Admin\anaconda3\envs\scopefoundry\lib\site-packages\ScopeFoundry\hardware.py", line 204, in enable_connection
    self.connect()
  File "C:\LabPrograms\Python\OBIS_ScopeFoundry\laser_hardware.py", line 35, in connect
    self.laser = LaserDevice(port=self.port.val, debug=self.debug_mode.val)
  File "C:\LabPrograms\Python\OBIS_ScopeFoundry\laser_device.py", line 14, in __init__
    self.ser = ser = serial.Serial(port=self.port, baudrate=921600,
  File "C:\Users\Admin\anaconda3\envs\scopefoundry\lib\site-packages\serial\serialwin32.py", line 31, in __init__
    super(Serial, self).__init__(*args, **kwargs)
  File "C:\Users\Admin\anaconda3\envs\scopefoundry\lib\site-packages\serial\serialutil.py", line 240, in __init__
    self.open()
  File "C:\Users\Admin\anaconda3\envs\scopefoundry\lib\site-packages\serial\serialwin32.py", line 62, in open
    raise SerialException("could not open port {!r}: {!r}".format(self.portstr, ctypes.WinError()))
serial.serialutil.SerialException: could not open port 'COM6': FileNotFoundError(2, 'Impossibile trovare il file specificato.', None, 2)

2021-03-18T10:19:01|CRITICAL|root|Unhandled exception:Traceback (most recent call last):
  File "C:\Users\Admin\anaconda3\envs\scopefoundry\lib\site-packages\ScopeFoundry\hardware.py", line 208, in enable_connection
    raise err
  File "C:\Users\Admin\anaconda3\envs\scopefoundry\lib\site-packages\ScopeFoundry\hardware.py", line 204, in enable_connection
    self.connect()
  File "C:\LabPrograms\Python\OBIS_ScopeFoundry\laser_hardware.py", line 35, in connect
    self.laser = LaserDevice(port=self.port.val, debug=self.debug_mode.val)
  File "C:\LabPrograms\Python\OBIS_ScopeFoundry\laser_device.py", line 14, in __init__
    self.ser = ser = serial.Serial(port=self.port, baudrate=921600,
  File "C:\Users\Admin\anaconda3\envs\scopefoundry\lib\site-packages\serial\serialwin32.py", line 31, in __init__
    super(Serial, self).__init__(*args, **kwargs)
  File "C:\Users\Admin\anaconda3\envs\scopefoundry\lib\site-packages\serial\serialutil.py", line 240, in __init__
    self.open()
  File "C:\Users\Admin\anaconda3\envs\scopefoundry\lib\site-packages\serial\serialwin32.py", line 62, in open
    raise SerialException("could not open port {!r}: {!r}".format(self.portstr, ctypes.WinError()))
serial.serialutil.SerialException: could not open port 'COM7': FileNotFoundError(2, 'Impossibile trovare il file specificato.', None, 2)

2021-03-18T10:19:14|ERROR|PROCHIP_termalshifter_Measurement|PROCHIP_termalshifter Failed to update figure1: list index out of range. ['Traceback (most recent call last):\n', '  File "C:\\Users\\Admin\\anaconda3\\envs\\scopefoundry\\lib\\site-packages\\ScopeFoundry\\measurement.py", line 273, in _on_display_update_timer\n    self.update_display()\n', '  File "C:\\LabPrograms\\Python\\PROCHIP_Microscope\\PROCHIP_Measurement_termalshifter_dev.py", line 281, in update_display\n    img_thres = np.clip(self.im.image[ch], level_min, level_max)\n', 'IndexError: list index out of range\n']
2021-03-18T10:19:14|ERROR|PROCHIP_termalshifter_Measurement|PROCHIP_termalshifter Failed to update figure1: list index out of range. ['Traceback (most recent call last):\n', '  File "C:\\Users\\Admin\\anaconda3\\envs\\scopefoundry\\lib\\site-packages\\ScopeFoundry\\measurement.py", line 273, in _on_display_update_timer\n    self.update_display()\n', '  File "C:\\LabPrograms\\Python\\PROCHIP_Microscope\\PROCHIP_Measurement_termalshifter_dev.py", line 281, in update_display\n    img_thres = np.clip(self.im.image[ch], level_min, level_max)\n', 'IndexError: list index out of range\n']
2021-03-18T10:19:15|ERROR|PROCHIP_termalshifter_Measurement|PROCHIP_termalshifter Failed to update figure1: list index out of range. ['Traceback (most recent call last):\n', '  File "C:\\Users\\Admin\\anaconda3\\envs\\scopefoundry\\lib\\site-packages\\ScopeFoundry\\measurement.py", line 273, in _on_display_update_timer\n    self.update_display()\n', '  File "C:\\LabPrograms\\Python\\PROCHIP_Microscope\\PROCHIP_Measurement_termalshifter_dev.py", line 281, in update_display\n    img_thres = np.clip(self.im.image[ch], level_min, level_max)\n', 'IndexError: list index out of range\n']
2021-03-18T10:19:15|ERROR|PROCHIP_termalshifter_Measurement|PROCHIP_termalshifter Failed to update figure1: list index out of range. ['Traceback (most recent call last):\n', '  File "C:\\Users\\Admin\\anaconda3\\envs\\scopefoundry\\lib\\site-packages\\ScopeFoundry\\measurement.py", line 273, in _on_display_update_timer\n    self.update_display()\n', '  File "C:\\LabPrograms\\Python\\PROCHIP_Microscope\\PROCHIP_Measurement_termalshifter_dev.py", line 281, in update_display\n    img_thres = np.clip(self.im.image[ch], level_min, level_max)\n', 'IndexError: list index out of range\n']
2021-03-18T10:19:15|ERROR|PROCHIP_termalshifter_Measurement|PROCHIP_termalshifter Failed to update figure1: list index out of range. ['Traceback (most recent call last):\n', '  File "C:\\Users\\Admin\\anaconda3\\envs\\scopefoundry\\lib\\site-packages\\ScopeFoundry\\measurement.py", line 273, in _on_display_update_timer\n    self.update_display()\n', '  File "C:\\LabPrograms\\Python\\PROCHIP_Microscope\\PROCHIP_Measurement_termalshifter_dev.py", line 281, in update_display\n    img_thres = np.clip(self.im.image[ch], level_min, level_max)\n', 'IndexError: list index out of range\n']
2021-03-18T10:19:15|ERROR|PROCHIP_termalshifter_Measurement|PROCHIP_termalshifter Failed to update figure1: list index out of range. ['Traceback (most recent call last):\n', '  File "C:\\Users\\Admin\\anaconda3\\envs\\scopefoundry\\lib\\site-packages\\ScopeFoundry\\measurement.py", line 273, in _on_display_update_timer\n    self.update_display()\n', '  File "C:\\LabPrograms\\Python\\PROCHIP_Microscope\\PROCHIP_Measurement_termalshifter_dev.py", line 281, in update_display\n    img_thres = np.clip(self.im.image[ch], level_min, level_max)\n', 'IndexError: list index out of range\n']
2021-03-18T10:19:15|ERROR|PROCHIP_termalshifter_Measurement|PROCHIP_termalshifter Failed to update figure1: list index out of range. ['Traceback (most recent call last):\n', '  File "C:\\Users\\Admin\\anaconda3\\envs\\scopefoundry\\lib\\site-packages\\ScopeFoundry\\measurement.py", line 273, in _on_display_update_timer\n    self.update_display()\n', '  File "C:\\LabPrograms\\Python\\PROCHIP_Microscope\\PROCHIP_Measurement_termalshifter_dev.py", line 281, in update_display\n    img_thres = np.clip(self.im.image[ch], level_min, level_max)\n', 'IndexError: list index out of range\n']
2021-03-18T10:19:15|ERROR|PROCHIP_termalshifter_Measurement|PROCHIP_termalshifter Failed to update figure1: list index out of range. ['Traceback (most recent call last):\n', '  File "C:\\Users\\Admin\\anaconda3\\envs\\scopefoundry\\lib\\site-packages\\ScopeFoundry\\measurement.py", line 273, in _on_display_update_timer\n    self.update_display()\n', '  File "C:\\LabPrograms\\Python\\PROCHIP_Microscope\\PROCHIP_Measurement_termalshifter_dev.py", line 281, in update_display\n    img_thres = np.clip(self.im.image[ch], level_min, level_max)\n', 'IndexError: list index out of range\n']
2021-03-18T10:19:15|ERROR|PROCHIP_termalshifter_Measurement|PROCHIP_termalshifter Failed to update figure1: list index out of range. ['Traceback (most recent call last):\n', '  File "C:\\Users\\Admin\\anaconda3\\envs\\scopefoundry\\lib\\site-packages\\ScopeFoundry\\measurement.py", line 273, in _on_display_update_timer\n    self.update_display()\n', '  File "C:\\LabPrograms\\Python\\PROCHIP_Microscope\\PROCHIP_Measurement_termalshifter_dev.py", line 281, in update_display\n    img_thres = np.clip(self.im.image[ch], level_min, level_max)\n', 'IndexError: list index out of range\n']
2021-03-18T10:19:15|ERROR|PROCHIP_termalshifter_Measurement|PROCHIP_termalshifter Failed to update figure1: list index out of range. ['Traceback (most recent call last):\n', '  File "C:\\Users\\Admin\\anaconda3\\envs\\scopefoundry\\lib\\site-packages\\ScopeFoundry\\measurement.py", line 273, in _on_display_update_timer\n    self.update_display()\n', '  File "C:\\LabPrograms\\Python\\PROCHIP_Microscope\\PROCHIP_Measurement_termalshifter_dev.py", line 281, in update_display\n    img_thres = np.clip(self.im.image[ch], level_min, level_max)\n', 'IndexError: list index out of range\n']
2021-03-18T10:19:15|ERROR|PROCHIP_termalshifter_Measurement|PROCHIP_termalshifter Failed to update figure1: list index out of range. ['Traceback (most recent call last):\n', '  File "C:\\Users\\Admin\\anaconda3\\envs\\scopefoundry\\lib\\site-packages\\ScopeFoundry\\measurement.py", line 273, in _on_display_update_timer\n    self.update_display()\n', '  File "C:\\LabPrograms\\Python\\PROCHIP_Microscope\\PROCHIP_Measurement_termalshifter_dev.py", line 281, in update_display\n    img_thres = np.clip(self.im.image[ch], level_min, level_max)\n', 'IndexError: list index out of range\n']
2021-03-18T10:19:15|ERROR|PROCHIP_termalshifter_Measurement|PROCHIP_termalshifter Failed to update figure1: list index out of range. ['Traceback (most recent call last):\n', '  File "C:\\Users\\Admin\\anaconda3\\envs\\scopefoundry\\lib\\site-packages\\ScopeFoundry\\measurement.py", line 273, in _on_display_update_timer\n    self.update_display()\n', '  File "C:\\LabPrograms\\Python\\PROCHIP_Microscope\\PROCHIP_Measurement_termalshifter_dev.py", line 281, in update_display\n    img_thres = np.clip(self.im.image[ch], level_min, level_max)\n', 'IndexError: list index out of range\n']
2021-03-18T10:19:16|ERROR|PROCHIP_termalshifter_Measurement|PROCHIP_termalshifter Failed to update figure1: list index out of range. ['Traceback (most recent call last):\n', '  File "C:\\Users\\Admin\\anaconda3\\envs\\scopefoundry\\lib\\site-packages\\ScopeFoundry\\measurement.py", line 273, in _on_display_update_timer\n    self.update_display()\n', '  File "C:\\LabPrograms\\Python\\PROCHIP_Microscope\\PROCHIP_Measurement_termalshifter_dev.py", line 281, in update_display\n    img_thres = np.clip(self.im.image[ch], level_min, level_max)\n', 'IndexError: list index out of range\n']
2021-03-18T10:19:16|ERROR|PROCHIP_termalshifter_Measurement|PROCHIP_termalshifter Failed to update figure1: list index out of range. ['Traceback (most recent call last):\n', '  File "C:\\Users\\Admin\\anaconda3\\envs\\scopefoundry\\lib\\site-packages\\ScopeFoundry\\measurement.py", line 273, in _on_display_update_timer\n    self.update_display()\n', '  File "C:\\LabPrograms\\Python\\PROCHIP_Microscope\\PROCHIP_Measurement_termalshifter_dev.py", line 281, in update_display\n    img_thres = np.clip(self.im.image[ch], level_min, level_max)\n', 'IndexError: list index out of range\n']
2021-03-18T10:19:16|ERROR|PROCHIP_termalshifter_Measurement|PROCHIP_termalshifter Failed to update figure1: list index out of range. ['Traceback (most recent call last):\n', '  File "C:\\Users\\Admin\\anaconda3\\envs\\scopefoundry\\lib\\site-packages\\ScopeFoundry\\measurement.py", line 273, in _on_display_update_timer\n    self.update_display()\n', '  File "C:\\LabPrograms\\Python\\PROCHIP_Microscope\\PROCHIP_Measurement_termalshifter_dev.py", line 281, in update_display\n    img_thres = np.clip(self.im.image[ch], level_min, level_max)\n', 'IndexError: list index out of range\n']
2021-03-18T10:19:16|ERROR|PROCHIP_termalshifter_Measurement|PROCHIP_termalshifter Failed to update figure1: list index out of range. ['Traceback (most recent call last):\n', '  File "C:\\Users\\Admin\\anaconda3\\envs\\scopefoundry\\lib\\site-packages\\ScopeFoundry\\measurement.py", line 273, in _on_display_update_timer\n    self.update_display()\n', '  File "C:\\LabPrograms\\Python\\PROCHIP_Microscope\\PROCHIP_Measurement_termalshifter_dev.py", line 281, in update_display\n    img_thres = np.clip(self.im.image[ch], level_min, level_max)\n', 'IndexError: list index out of range\n']
2021-03-18T10:19:16|ERROR|PROCHIP_termalshifter_Measurement|PROCHIP_termalshifter Failed to update figure1: list index out of range. ['Traceback (most recent call last):\n', '  File "C:\\Users\\Admin\\anaconda3\\envs\\scopefoundry\\lib\\site-packages\\ScopeFoundry\\measurement.py", line 273, in _on_display_update_timer\n    self.update_display()\n', '  File "C:\\LabPrograms\\Python\\PROCHIP_Microscope\\PROCHIP_Measurement_termalshifter_dev.py", line 281, in update_display\n    img_thres = np.clip(self.im.image[ch], level_min, level_max)\n', 'IndexError: list index out of range\n']
2021-03-18T10:19:16|ERROR|PROCHIP_termalshifter_Measurement|PROCHIP_termalshifter Failed to update figure1: list index out of range. ['Traceback (most recent call last):\n', '  File "C:\\Users\\Admin\\anaconda3\\envs\\scopefoundry\\lib\\site-packages\\ScopeFoundry\\measurement.py", line 273, in _on_display_update_timer\n    self.update_display()\n', '  File "C:\\LabPrograms\\Python\\PROCHIP_Microscope\\PROCHIP_Measurement_termalshifter_dev.py", line 281, in update_display\n    img_thres = np.clip(self.im.image[ch], level_min, level_max)\n', 'IndexError: list index out of range\n']
2021-03-18T10:19:16|ERROR|PROCHIP_termalshifter_Measurement|PROCHIP_termalshifter Failed to update figure1: list index out of range. ['Traceback (most recent call last):\n', '  File "C:\\Users\\Admin\\anaconda3\\envs\\scopefoundry\\lib\\site-packages\\ScopeFoundry\\measurement.py", line 273, in _on_display_update_timer\n    self.update_display()\n', '  File "C:\\LabPrograms\\Python\\PROCHIP_Microscope\\PROCHIP_Measurement_termalshifter_dev.py", line 281, in update_display\n    img_thres = np.clip(self.im.image[ch], level_min, level_max)\n', 'IndexError: list index out of range\n']
2021-03-18T10:19:16|ERROR|PROCHIP_termalshifter_Measurement|PROCHIP_termalshifter Failed to update figure1: list index out of range. ['Traceback (most recent call last):\n', '  File "C:\\Users\\Admin\\anaconda3\\envs\\scopefoundry\\lib\\site-packages\\ScopeFoundry\\measurement.py", line 273, in _on_display_update_timer\n    self.update_display()\n', '  File "C:\\LabPrograms\\Python\\PROCHIP_Microscope\\PROCHIP_Measurement_termalshifter_dev.py", line 281, in update_display\n    img_thres = np.clip(self.im.image[ch], level_min, level_max)\n', 'IndexError: list index out of range\n']
2021-03-18T10:19:16|ERROR|PROCHIP_termalshifter_Measurement|PROCHIP_termalshifter Failed to update figure1: list index out of range. ['Traceback (most recent call last):\n', '  File "C:\\Users\\Admin\\anaconda3\\envs\\scopefoundry\\lib\\site-packages\\ScopeFoundry\\measurement.py", line 273, in _on_display_update_timer\n    self.update_display()\n', '  File "C:\\LabPrograms\\Python\\PROCHIP_Microscope\\PROCHIP_Measurement_termalshifter_dev.py", line 281, in update_display\n    img_thres = np.clip(self.im.image[ch], level_min, level_max)\n', 'IndexError: list index out of range\n']
2021-03-18T10:19:16|ERROR|PROCHIP_termalshifter_Measurement|PROCHIP_termalshifter Failed to update figure1: list index out of range. ['Traceback (most recent call last):\n', '  File "C:\\Users\\Admin\\anaconda3\\envs\\scopefoundry\\lib\\site-packages\\ScopeFoundry\\measurement.py", line 273, in _on_display_update_timer\n    self.update_display()\n', '  File "C:\\LabPrograms\\Python\\PROCHIP_Microscope\\PROCHIP_Measurement_termalshifter_dev.py", line 281, in update_display\n    img_thres = np.clip(self.im.image[ch], level_min, level_max)\n', 'IndexError: list index out of range\n']
2021-03-18T10:19:17|ERROR|PROCHIP_termalshifter_Measurement|PROCHIP_termalshifter Failed to update figure1: list index out of range. ['Traceback (most recent call last):\n', '  File "C:\\Users\\Admin\\anaconda3\\envs\\scopefoundry\\lib\\site-packages\\ScopeFoundry\\measurement.py", line 273, in _on_display_update_timer\n    self.update_display()\n', '  File "C:\\LabPrograms\\Python\\PROCHIP_Microscope\\PROCHIP_Measurement_termalshifter_dev.py", line 281, in update_display\n    img_thres = np.clip(self.im.image[ch], level_min, level_max)\n', 'IndexError: list index out of range\n']
2021-03-18T10:19:17|ERROR|PROCHIP_termalshifter_Measurement|PROCHIP_termalshifter Failed to update figure1: list index out of range. ['Traceback (most recent call last):\n', '  File "C:\\Users\\Admin\\anaconda3\\envs\\scopefoundry\\lib\\site-packages\\ScopeFoundry\\measurement.py", line 273, in _on_display_update_timer\n    self.update_display()\n', '  File "C:\\LabPrograms\\Python\\PROCHIP_Microscope\\PROCHIP_Measurement_termalshifter_dev.py", line 281, in update_display\n    img_thres = np.clip(self.im.image[ch], level_min, level_max)\n', 'IndexError: list index out of range\n']
2021-03-18T10:19:17|ERROR|PROCHIP_termalshifter_Measurement|PROCHIP_termalshifter Failed to update figure1: list index out of range. ['Traceback (most recent call last):\n', '  File "C:\\Users\\Admin\\anaconda3\\envs\\scopefoundry\\lib\\site-packages\\ScopeFoundry\\measurement.py", line 273, in _on_display_update_timer\n    self.update_display()\n', '  File "C:\\LabPrograms\\Python\\PROCHIP_Microscope\\PROCHIP_Measurement_termalshifter_dev.py", line 281, in update_display\n    img_thres = np.clip(self.im.image[ch], level_min, level_max)\n', 'IndexError: list index out of range\n']
2021-03-18T10:19:17|ERROR|PROCHIP_termalshifter_Measurement|PROCHIP_termalshifter Failed to update figure1: list index out of range. ['Traceback (most recent call last):\n', '  File "C:\\Users\\Admin\\anaconda3\\envs\\scopefoundry\\lib\\site-packages\\ScopeFoundry\\measurement.py", line 273, in _on_display_update_timer\n    self.update_display()\n', '  File "C:\\LabPrograms\\Python\\PROCHIP_Microscope\\PROCHIP_Measurement_termalshifter_dev.py", line 281, in update_display\n    img_thres = np.clip(self.im.image[ch], level_min, level_max)\n', 'IndexError: list index out of range\n']
2021-03-18T10:19:17|ERROR|PROCHIP_termalshifter_Measurement|PROCHIP_termalshifter Failed to update figure1: list index out of range. ['Traceback (most recent call last):\n', '  File "C:\\Users\\Admin\\anaconda3\\envs\\scopefoundry\\lib\\site-packages\\ScopeFoundry\\measurement.py", line 273, in _on_display_update_timer\n    self.update_display()\n', '  File "C:\\LabPrograms\\Python\\PROCHIP_Microscope\\PROCHIP_Measurement_termalshifter_dev.py", line 281, in update_display\n    img_thres = np.clip(self.im.image[ch], level_min, level_max)\n', 'IndexError: list index out of range\n']
2021-03-18T10:19:17|ERROR|PROCHIP_termalshifter_Measurement|PROCHIP_termalshifter Failed to update figure1: list index out of range. ['Traceback (most recent call last):\n', '  File "C:\\Users\\Admin\\anaconda3\\envs\\scopefoundry\\lib\\site-packages\\ScopeFoundry\\measurement.py", line 273, in _on_display_update_timer\n    self.update_display()\n', '  File "C:\\LabPrograms\\Python\\PROCHIP_Microscope\\PROCHIP_Measurement_termalshifter_dev.py", line 281, in update_display\n    img_thres = np.clip(self.im.image[ch], level_min, level_max)\n', 'IndexError: list index out of range\n']
2021-03-18T10:19:17|ERROR|PROCHIP_termalshifter_Measurement|PROCHIP_termalshifter Failed to update figure1: list index out of range. ['Traceback (most recent call last):\n', '  File "C:\\Users\\Admin\\anaconda3\\envs\\scopefoundry\\lib\\site-packages\\ScopeFoundry\\measurement.py", line 273, in _on_display_update_timer\n    self.update_display()\n', '  File "C:\\LabPrograms\\Python\\PROCHIP_Microscope\\PROCHIP_Measurement_termalshifter_dev.py", line 281, in update_display\n    img_thres = np.clip(self.im.image[ch], level_min, level_max)\n', 'IndexError: list index out of range\n']
2021-03-18T10:19:17|ERROR|PROCHIP_termalshifter_Measurement|PROCHIP_termalshifter Failed to update figure1: list index out of range. ['Traceback (most recent call last):\n', '  File "C:\\Users\\Admin\\anaconda3\\envs\\scopefoundry\\lib\\site-packages\\ScopeFoundry\\measurement.py", line 273, in _on_display_update_timer\n    self.update_display()\n', '  File "C:\\LabPrograms\\Python\\PROCHIP_Microscope\\PROCHIP_Measurement_termalshifter_dev.py", line 281, in update_display\n    img_thres = np.clip(self.im.image[ch], level_min, level_max)\n', 'IndexError: list index out of range\n']
2021-03-18T10:19:17|ERROR|PROCHIP_termalshifter_Measurement|PROCHIP_termalshifter Failed to update figure1: list index out of range. ['Traceback (most recent call last):\n', '  File "C:\\Users\\Admin\\anaconda3\\envs\\scopefoundry\\lib\\site-packages\\ScopeFoundry\\measurement.py", line 273, in _on_display_update_timer\n    self.update_display()\n', '  File "C:\\LabPrograms\\Python\\PROCHIP_Microscope\\PROCHIP_Measurement_termalshifter_dev.py", line 281, in update_display\n    img_thres = np.clip(self.im.image[ch], level_min, level_max)\n', 'IndexError: list index out of range\n']
2021-03-18T10:19:17|ERROR|PROCHIP_termalshifter_Measurement|PROCHIP_termalshifter Failed to update figure1: list index out of range. ['Traceback (most recent call last):\n', '  File "C:\\Users\\Admin\\anaconda3\\envs\\scopefoundry\\lib\\site-packages\\ScopeFoundry\\measurement.py", line 273, in _on_display_update_timer\n    self.update_display()\n', '  File "C:\\LabPrograms\\Python\\PROCHIP_Microscope\\PROCHIP_Measurement_termalshifter_dev.py", line 281, in update_display\n    img_thres = np.clip(self.im.image[ch], level_min, level_max)\n', 'IndexError: list index out of range\n']
2021-03-18T10:19:18|ERROR|PROCHIP_termalshifter_Measurement|PROCHIP_termalshifter Failed to update figure1: list index out of range. ['Traceback (most recent call last):\n', '  File "C:\\Users\\Admin\\anaconda3\\envs\\scopefoundry\\lib\\site-packages\\ScopeFoundry\\measurement.py", line 273, in _on_display_update_timer\n    self.update_display()\n', '  File "C:\\LabPrograms\\Python\\PROCHIP_Microscope\\PROCHIP_Measurement_termalshifter_dev.py", line 281, in update_display\n    img_thres = np.clip(self.im.image[ch], level_min, level_max)\n', 'IndexError: list index out of range\n']
2021-03-18T10:19:18|ERROR|PROCHIP_termalshifter_Measurement|PROCHIP_termalshifter Failed to update figure1: list index out of range. ['Traceback (most recent call last):\n', '  File "C:\\Users\\Admin\\anaconda3\\envs\\scopefoundry\\lib\\site-packages\\ScopeFoundry\\measurement.py", line 273, in _on_display_update_timer\n    self.update_display()\n', '  File "C:\\LabPrograms\\Python\\PROCHIP_Microscope\\PROCHIP_Measurement_termalshifter_dev.py", line 281, in update_display\n    img_thres = np.clip(self.im.image[ch], level_min, level_max)\n', 'IndexError: list index out of range\n']
2021-03-18T10:19:18|ERROR|PROCHIP_termalshifter_Measurement|PROCHIP_termalshifter Failed to update figure1: list index out of range. ['Traceback (most recent call last):\n', '  File "C:\\Users\\Admin\\anaconda3\\envs\\scopefoundry\\lib\\site-packages\\ScopeFoundry\\measurement.py", line 273, in _on_display_update_timer\n    self.update_display()\n', '  File "C:\\LabPrograms\\Python\\PROCHIP_Microscope\\PROCHIP_Measurement_termalshifter_dev.py", line 281, in update_display\n    img_thres = np.clip(self.im.image[ch], level_min, level_max)\n', 'IndexError: list index out of range\n']
2021-03-18T10:19:18|ERROR|PROCHIP_termalshifter_Measurement|PROCHIP_termalshifter Failed to update figure1: list index out of range. ['Traceback (most recent call last):\n', '  File "C:\\Users\\Admin\\anaconda3\\envs\\scopefoundry\\lib\\site-packages\\ScopeFoundry\\measurement.py", line 273, in _on_display_update_timer\n    self.update_display()\n', '  File "C:\\LabPrograms\\Python\\PROCHIP_Microscope\\PROCHIP_Measurement_termalshifter_dev.py", line 281, in update_display\n    img_thres = np.clip(self.im.image[ch], level_min, level_max)\n', 'IndexError: list index out of range\n']
2021-03-18T10:19:18|ERROR|PROCHIP_termalshifter_Measurement|PROCHIP_termalshifter Failed to update figure1: list index out of range. ['Traceback (most recent call last):\n', '  File "C:\\Users\\Admin\\anaconda3\\envs\\scopefoundry\\lib\\site-packages\\ScopeFoundry\\measurement.py", line 273, in _on_display_update_timer\n    self.update_display()\n', '  File "C:\\LabPrograms\\Python\\PROCHIP_Microscope\\PROCHIP_Measurement_termalshifter_dev.py", line 281, in update_display\n    img_thres = np.clip(self.im.image[ch], level_min, level_max)\n', 'IndexError: list index out of range\n']
2021-03-18T10:19:18|ERROR|PROCHIP_termalshifter_Measurement|PROCHIP_termalshifter Failed to update figure1: list index out of range. ['Traceback (most recent call last):\n', '  File "C:\\Users\\Admin\\anaconda3\\envs\\scopefoundry\\lib\\site-packages\\ScopeFoundry\\measurement.py", line 273, in _on_display_update_timer\n    self.update_display()\n', '  File "C:\\LabPrograms\\Python\\PROCHIP_Microscope\\PROCHIP_Measurement_termalshifter_dev.py", line 281, in update_display\n    img_thres = np.clip(self.im.image[ch], level_min, level_max)\n', 'IndexError: list index out of range\n']
2021-03-18T10:19:18|ERROR|PROCHIP_termalshifter_Measurement|PROCHIP_termalshifter Failed to update figure1: list index out of range. ['Traceback (most recent call last):\n', '  File "C:\\Users\\Admin\\anaconda3\\envs\\scopefoundry\\lib\\site-packages\\ScopeFoundry\\measurement.py", line 273, in _on_display_update_timer\n    self.update_display()\n', '  File "C:\\LabPrograms\\Python\\PROCHIP_Microscope\\PROCHIP_Measurement_termalshifter_dev.py", line 281, in update_display\n    img_thres = np.clip(self.im.image[ch], level_min, level_max)\n', 'IndexError: list index out of range\n']
2021-03-18T10:19:18|ERROR|PROCHIP_termalshifter_Measurement|PROCHIP_termalshifter Failed to update figure1: list index out of range. ['Traceback (most recent call last):\n', '  File "C:\\Users\\Admin\\anaconda3\\envs\\scopefoundry\\lib\\site-packages\\ScopeFoundry\\measurement.py", line 273, in _on_display_update_timer\n    self.update_display()\n', '  File "C:\\LabPrograms\\Python\\PROCHIP_Microscope\\PROCHIP_Measurement_termalshifter_dev.py", line 281, in update_display\n    img_thres = np.clip(self.im.image[ch], level_min, level_max)\n', 'IndexError: list index out of range\n']
2021-03-18T10:19:18|ERROR|PROCHIP_termalshifter_Measurement|PROCHIP_termalshifter Failed to update figure1: list index out of range. ['Traceback (most recent call last):\n', '  File "C:\\Users\\Admin\\anaconda3\\envs\\scopefoundry\\lib\\site-packages\\ScopeFoundry\\measurement.py", line 273, in _on_display_update_timer\n    self.update_display()\n', '  File "C:\\LabPrograms\\Python\\PROCHIP_Microscope\\PROCHIP_Measurement_termalshifter_dev.py", line 281, in update_display\n    img_thres = np.clip(self.im.image[ch], level_min, level_max)\n', 'IndexError: list index out of range\n']
2021-03-18T10:19:18|ERROR|PROCHIP_termalshifter_Measurement|PROCHIP_termalshifter Failed to update figure1: list index out of range. ['Traceback (most recent call last):\n', '  File "C:\\Users\\Admin\\anaconda3\\envs\\scopefoundry\\lib\\site-packages\\ScopeFoundry\\measurement.py", line 273, in _on_display_update_timer\n    self.update_display()\n', '  File "C:\\LabPrograms\\Python\\PROCHIP_Microscope\\PROCHIP_Measurement_termalshifter_dev.py", line 281, in update_display\n    img_thres = np.clip(self.im.image[ch], level_min, level_max)\n', 'IndexError: list index out of range\n']
2021-03-18T10:19:19|ERROR|PROCHIP_termalshifter_Measurement|PROCHIP_termalshifter Failed to update figure1: list index out of range. ['Traceback (most recent call last):\n', '  File "C:\\Users\\Admin\\anaconda3\\envs\\scopefoundry\\lib\\site-packages\\ScopeFoundry\\measurement.py", line 273, in _on_display_update_timer\n    self.update_display()\n', '  File "C:\\LabPrograms\\Python\\PROCHIP_Microscope\\PROCHIP_Measurement_termalshifter_dev.py", line 281, in update_display\n    img_thres = np.clip(self.im.image[ch], level_min, level_max)\n', 'IndexError: list index out of range\n']
2021-03-18T10:19:19|ERROR|PROCHIP_termalshifter_Measurement|PROCHIP_termalshifter Failed to update figure1: list index out of range. ['Traceback (most recent call last):\n', '  File "C:\\Users\\Admin\\anaconda3\\envs\\scopefoundry\\lib\\site-packages\\ScopeFoundry\\measurement.py", line 273, in _on_display_update_timer\n    self.update_display()\n', '  File "C:\\LabPrograms\\Python\\PROCHIP_Microscope\\PROCHIP_Measurement_termalshifter_dev.py", line 281, in update_display\n    img_thres = np.clip(self.im.image[ch], level_min, level_max)\n', 'IndexError: list index out of range\n']
2021-03-18T10:19:19|ERROR|PROCHIP_termalshifter_Measurement|PROCHIP_termalshifter Failed to update figure1: list index out of range. ['Traceback (most recent call last):\n', '  File "C:\\Users\\Admin\\anaconda3\\envs\\scopefoundry\\lib\\site-packages\\ScopeFoundry\\measurement.py", line 273, in _on_display_update_timer\n    self.update_display()\n', '  File "C:\\LabPrograms\\Python\\PROCHIP_Microscope\\PROCHIP_Measurement_termalshifter_dev.py", line 281, in update_display\n    img_thres = np.clip(self.im.image[ch], level_min, level_max)\n', 'IndexError: list index out of range\n']
2021-03-18T10:19:19|ERROR|PROCHIP_termalshifter_Measurement|PROCHIP_termalshifter Failed to update figure1: list index out of range. ['Traceback (most recent call last):\n', '  File "C:\\Users\\Admin\\anaconda3\\envs\\scopefoundry\\lib\\site-packages\\ScopeFoundry\\measurement.py", line 273, in _on_display_update_timer\n    self.update_display()\n', '  File "C:\\LabPrograms\\Python\\PROCHIP_Microscope\\PROCHIP_Measurement_termalshifter_dev.py", line 281, in update_display\n    img_thres = np.clip(self.im.image[ch], level_min, level_max)\n', 'IndexError: list index out of range\n']
2021-03-18T10:19:19|ERROR|PROCHIP_termalshifter_Measurement|PROCHIP_termalshifter Failed to update figure1: list index out of range. ['Traceback (most recent call last):\n', '  File "C:\\Users\\Admin\\anaconda3\\envs\\scopefoundry\\lib\\site-packages\\ScopeFoundry\\measurement.py", line 273, in _on_display_update_timer\n    self.update_display()\n', '  File "C:\\LabPrograms\\Python\\PROCHIP_Microscope\\PROCHIP_Measurement_termalshifter_dev.py", line 281, in update_display\n    img_thres = np.clip(self.im.image[ch], level_min, level_max)\n', 'IndexError: list index out of range\n']
2021-03-18T10:19:19|ERROR|PROCHIP_termalshifter_Measurement|PROCHIP_termalshifter Failed to update figure1: list index out of range. ['Traceback (most recent call last):\n', '  File "C:\\Users\\Admin\\anaconda3\\envs\\scopefoundry\\lib\\site-packages\\ScopeFoundry\\measurement.py", line 273, in _on_display_update_timer\n    self.update_display()\n', '  File "C:\\LabPrograms\\Python\\PROCHIP_Microscope\\PROCHIP_Measurement_termalshifter_dev.py", line 281, in update_display\n    img_thres = np.clip(self.im.image[ch], level_min, level_max)\n', 'IndexError: list index out of range\n']
2021-03-18T10:19:19|ERROR|PROCHIP_termalshifter_Measurement|PROCHIP_termalshifter Failed to update figure1: list index out of range. ['Traceback (most recent call last):\n', '  File "C:\\Users\\Admin\\anaconda3\\envs\\scopefoundry\\lib\\site-packages\\ScopeFoundry\\measurement.py", line 273, in _on_display_update_timer\n    self.update_display()\n', '  File "C:\\LabPrograms\\Python\\PROCHIP_Microscope\\PROCHIP_Measurement_termalshifter_dev.py", line 281, in update_display\n    img_thres = np.clip(self.im.image[ch], level_min, level_max)\n', 'IndexError: list index out of range\n']
2021-03-18T10:19:19|ERROR|PROCHIP_termalshifter_Measurement|PROCHIP_termalshifter Failed to update figure1: list index out of range. ['Traceback (most recent call last):\n', '  File "C:\\Users\\Admin\\anaconda3\\envs\\scopefoundry\\lib\\site-packages\\ScopeFoundry\\measurement.py", line 273, in _on_display_update_timer\n    self.update_display()\n', '  File "C:\\LabPrograms\\Python\\PROCHIP_Microscope\\PROCHIP_Measurement_termalshifter_dev.py", line 281, in update_display\n    img_thres = np.clip(self.im.image[ch], level_min, level_max)\n', 'IndexError: list index out of range\n']
2021-03-18T10:19:19|ERROR|PROCHIP_termalshifter_Measurement|PROCHIP_termalshifter Failed to update figure1: list index out of range. ['Traceback (most recent call last):\n', '  File "C:\\Users\\Admin\\anaconda3\\envs\\scopefoundry\\lib\\site-packages\\ScopeFoundry\\measurement.py", line 273, in _on_display_update_timer\n    self.update_display()\n', '  File "C:\\LabPrograms\\Python\\PROCHIP_Microscope\\PROCHIP_Measurement_termalshifter_dev.py", line 281, in update_display\n    img_thres = np.clip(self.im.image[ch], level_min, level_max)\n', 'IndexError: list index out of range\n']
2021-03-18T10:19:19|ERROR|PROCHIP_termalshifter_Measurement|PROCHIP_termalshifter Failed to update figure1: list index out of range. ['Traceback (most recent call last):\n', '  File "C:\\Users\\Admin\\anaconda3\\envs\\scopefoundry\\lib\\site-packages\\ScopeFoundry\\measurement.py", line 273, in _on_display_update_timer\n    self.update_display()\n', '  File "C:\\LabPrograms\\Python\\PROCHIP_Microscope\\PROCHIP_Measurement_termalshifter_dev.py", line 281, in update_display\n    img_thres = np.clip(self.im.image[ch], level_min, level_max)\n', 'IndexError: list index out of range\n']
2021-03-18T10:19:20|ERROR|PROCHIP_termalshifter_Measurement|PROCHIP_termalshifter Failed to update figure1: list index out of range. ['Traceback (most recent call last):\n', '  File "C:\\Users\\Admin\\anaconda3\\envs\\scopefoundry\\lib\\site-packages\\ScopeFoundry\\measurement.py", line 273, in _on_display_update_timer\n    self.update_display()\n', '  File "C:\\LabPrograms\\Python\\PROCHIP_Microscope\\PROCHIP_Measurement_termalshifter_dev.py", line 281, in update_display\n    img_thres = np.clip(self.im.image[ch], level_min, level_max)\n', 'IndexError: list index out of range\n']
2021-03-18T10:19:20|ERROR|PROCHIP_termalshifter_Measurement|PROCHIP_termalshifter Failed to update figure1: list index out of range. ['Traceback (most recent call last):\n', '  File "C:\\Users\\Admin\\anaconda3\\envs\\scopefoundry\\lib\\site-packages\\ScopeFoundry\\measurement.py", line 273, in _on_display_update_timer\n    self.update_display()\n', '  File "C:\\LabPrograms\\Python\\PROCHIP_Microscope\\PROCHIP_Measurement_termalshifter_dev.py", line 281, in update_display\n    img_thres = np.clip(self.im.image[ch], level_min, level_max)\n', 'IndexError: list index out of range\n']
2021-03-18T10:19:20|ERROR|PROCHIP_termalshifter_Measurement|PROCHIP_termalshifter Failed to update figure1: list index out of range. ['Traceback (most recent call last):\n', '  File "C:\\Users\\Admin\\anaconda3\\envs\\scopefoundry\\lib\\site-packages\\ScopeFoundry\\measurement.py", line 273, in _on_display_update_timer\n    self.update_display()\n', '  File "C:\\LabPrograms\\Python\\PROCHIP_Microscope\\PROCHIP_Measurement_termalshifter_dev.py", line 281, in update_display\n    img_thres = np.clip(self.im.image[ch], level_min, level_max)\n', 'IndexError: list index out of range\n']
2021-03-18T10:19:20|ERROR|PROCHIP_termalshifter_Measurement|PROCHIP_termalshifter Failed to update figure1: list index out of range. ['Traceback (most recent call last):\n', '  File "C:\\Users\\Admin\\anaconda3\\envs\\scopefoundry\\lib\\site-packages\\ScopeFoundry\\measurement.py", line 273, in _on_display_update_timer\n    self.update_display()\n', '  File "C:\\LabPrograms\\Python\\PROCHIP_Microscope\\PROCHIP_Measurement_termalshifter_dev.py", line 281, in update_display\n    img_thres = np.clip(self.im.image[ch], level_min, level_max)\n', 'IndexError: list index out of range\n']
2021-03-18T10:19:20|ERROR|PROCHIP_termalshifter_Measurement|PROCHIP_termalshifter Failed to update figure1: list index out of range. ['Traceback (most recent call last):\n', '  File "C:\\Users\\Admin\\anaconda3\\envs\\scopefoundry\\lib\\site-packages\\ScopeFoundry\\measurement.py", line 273, in _on_display_update_timer\n    self.update_display()\n', '  File "C:\\LabPrograms\\Python\\PROCHIP_Microscope\\PROCHIP_Measurement_termalshifter_dev.py", line 281, in update_display\n    img_thres = np.clip(self.im.image[ch], level_min, level_max)\n', 'IndexError: list index out of range\n']
2021-03-18T10:19:20|ERROR|PROCHIP_termalshifter_Measurement|PROCHIP_termalshifter Failed to update figure1: list index out of range. ['Traceback (most recent call last):\n', '  File "C:\\Users\\Admin\\anaconda3\\envs\\scopefoundry\\lib\\site-packages\\ScopeFoundry\\measurement.py", line 273, in _on_display_update_timer\n    self.update_display()\n', '  File "C:\\LabPrograms\\Python\\PROCHIP_Microscope\\PROCHIP_Measurement_termalshifter_dev.py", line 281, in update_display\n    img_thres = np.clip(self.im.image[ch], level_min, level_max)\n', 'IndexError: list index out of range\n']
2021-03-18T10:19:20|ERROR|PROCHIP_termalshifter_Measurement|PROCHIP_termalshifter Failed to update figure1: list index out of range. ['Traceback (most recent call last):\n', '  File "C:\\Users\\Admin\\anaconda3\\envs\\scopefoundry\\lib\\site-packages\\ScopeFoundry\\measurement.py", line 273, in _on_display_update_timer\n    self.update_display()\n', '  File "C:\\LabPrograms\\Python\\PROCHIP_Microscope\\PROCHIP_Measurement_termalshifter_dev.py", line 281, in update_display\n    img_thres = np.clip(self.im.image[ch], level_min, level_max)\n', 'IndexError: list index out of range\n']
2021-03-18T10:19:20|ERROR|PROCHIP_termalshifter_Measurement|PROCHIP_termalshifter Failed to update figure1: list index out of range. ['Traceback (most recent call last):\n', '  File "C:\\Users\\Admin\\anaconda3\\envs\\scopefoundry\\lib\\site-packages\\ScopeFoundry\\measurement.py", line 273, in _on_display_update_timer\n    self.update_display()\n', '  File "C:\\LabPrograms\\Python\\PROCHIP_Microscope\\PROCHIP_Measurement_termalshifter_dev.py", line 281, in update_display\n    img_thres = np.clip(self.im.image[ch], level_min, level_max)\n', 'IndexError: list index out of range\n']
2021-03-18T10:19:20|ERROR|PROCHIP_termalshifter_Measurement|PROCHIP_termalshifter Failed to update figure1: list index out of range. ['Traceback (most recent call last):\n', '  File "C:\\Users\\Admin\\anaconda3\\envs\\scopefoundry\\lib\\site-packages\\ScopeFoundry\\measurement.py", line 273, in _on_display_update_timer\n    self.update_display()\n', '  File "C:\\LabPrograms\\Python\\PROCHIP_Microscope\\PROCHIP_Measurement_termalshifter_dev.py", line 281, in update_display\n    img_thres = np.clip(self.im.image[ch], level_min, level_max)\n', 'IndexError: list index out of range\n']
2021-03-18T10:19:20|ERROR|PROCHIP_termalshifter_Measurement|PROCHIP_termalshifter Failed to update figure1: list index out of range. ['Traceback (most recent call last):\n', '  File "C:\\Users\\Admin\\anaconda3\\envs\\scopefoundry\\lib\\site-packages\\ScopeFoundry\\measurement.py", line 273, in _on_display_update_timer\n    self.update_display()\n', '  File "C:\\LabPrograms\\Python\\PROCHIP_Microscope\\PROCHIP_Measurement_termalshifter_dev.py", line 281, in update_display\n    img_thres = np.clip(self.im.image[ch], level_min, level_max)\n', 'IndexError: list index out of range\n']
2021-03-18T10:19:20|ERROR|PROCHIP_termalshifter_Measurement|PROCHIP_termalshifter Failed to update figure1: list index out of range. ['Traceback (most recent call last):\n', '  File "C:\\Users\\Admin\\anaconda3\\envs\\scopefoundry\\lib\\site-packages\\ScopeFoundry\\measurement.py", line 273, in _on_display_update_timer\n    self.update_display()\n', '  File "C:\\LabPrograms\\Python\\PROCHIP_Microscope\\PROCHIP_Measurement_termalshifter_dev.py", line 281, in update_display\n    img_thres = np.clip(self.im.image[ch], level_min, level_max)\n', 'IndexError: list index out of range\n']
2021-03-18T10:19:21|ERROR|PROCHIP_termalshifter_Measurement|PROCHIP_termalshifter Failed to update figure1: list index out of range. ['Traceback (most recent call last):\n', '  File "C:\\Users\\Admin\\anaconda3\\envs\\scopefoundry\\lib\\site-packages\\ScopeFoundry\\measurement.py", line 273, in _on_display_update_timer\n    self.update_display()\n', '  File "C:\\LabPrograms\\Python\\PROCHIP_Microscope\\PROCHIP_Measurement_termalshifter_dev.py", line 281, in update_display\n    img_thres = np.clip(self.im.image[ch], level_min, level_max)\n', 'IndexError: list index out of range\n']
2021-03-18T10:19:21|ERROR|PROCHIP_termalshifter_Measurement|PROCHIP_termalshifter Failed to update figure1: list index out of range. ['Traceback (most recent call last):\n', '  File "C:\\Users\\Admin\\anaconda3\\envs\\scopefoundry\\lib\\site-packages\\ScopeFoundry\\measurement.py", line 273, in _on_display_update_timer\n    self.update_display()\n', '  File "C:\\LabPrograms\\Python\\PROCHIP_Microscope\\PROCHIP_Measurement_termalshifter_dev.py", line 281, in update_display\n    img_thres = np.clip(self.im.image[ch], level_min, level_max)\n', 'IndexError: list index out of range\n']
2021-03-18T10:19:21|ERROR|PROCHIP_termalshifter_Measurement|PROCHIP_termalshifter Failed to update figure1: list index out of range. ['Traceback (most recent call last):\n', '  File "C:\\Users\\Admin\\anaconda3\\envs\\scopefoundry\\lib\\site-packages\\ScopeFoundry\\measurement.py", line 273, in _on_display_update_timer\n    self.update_display()\n', '  File "C:\\LabPrograms\\Python\\PROCHIP_Microscope\\PROCHIP_Measurement_termalshifter_dev.py", line 281, in update_display\n    img_thres = np.clip(self.im.image[ch], level_min, level_max)\n', 'IndexError: list index out of range\n']
2021-03-18T10:19:21|ERROR|PROCHIP_termalshifter_Measurement|PROCHIP_termalshifter Failed to update figure1: list index out of range. ['Traceback (most recent call last):\n', '  File "C:\\Users\\Admin\\anaconda3\\envs\\scopefoundry\\lib\\site-packages\\ScopeFoundry\\measurement.py", line 273, in _on_display_update_timer\n    self.update_display()\n', '  File "C:\\LabPrograms\\Python\\PROCHIP_Microscope\\PROCHIP_Measurement_termalshifter_dev.py", line 281, in update_display\n    img_thres = np.clip(self.im.image[ch], level_min, level_max)\n', 'IndexError: list index out of range\n']
2021-03-18T10:19:21|ERROR|PROCHIP_termalshifter_Measurement|PROCHIP_termalshifter Failed to update figure1: list index out of range. ['Traceback (most recent call last):\n', '  File "C:\\Users\\Admin\\anaconda3\\envs\\scopefoundry\\lib\\site-packages\\ScopeFoundry\\measurement.py", line 273, in _on_display_update_timer\n    self.update_display()\n', '  File "C:\\LabPrograms\\Python\\PROCHIP_Microscope\\PROCHIP_Measurement_termalshifter_dev.py", line 281, in update_display\n    img_thres = np.clip(self.im.image[ch], level_min, level_max)\n', 'IndexError: list index out of range\n']
2021-03-18T10:19:21|ERROR|PROCHIP_termalshifter_Measurement|PROCHIP_termalshifter Failed to update figure1: list index out of range. ['Traceback (most recent call last):\n', '  File "C:\\Users\\Admin\\anaconda3\\envs\\scopefoundry\\lib\\site-packages\\ScopeFoundry\\measurement.py", line 273, in _on_display_update_timer\n    self.update_display()\n', '  File "C:\\LabPrograms\\Python\\PROCHIP_Microscope\\PROCHIP_Measurement_termalshifter_dev.py", line 281, in update_display\n    img_thres = np.clip(self.im.image[ch], level_min, level_max)\n', 'IndexError: list index out of range\n']
2021-03-18T10:19:21|ERROR|PROCHIP_termalshifter_Measurement|PROCHIP_termalshifter Failed to update figure1: list index out of range. ['Traceback (most recent call last):\n', '  File "C:\\Users\\Admin\\anaconda3\\envs\\scopefoundry\\lib\\site-packages\\ScopeFoundry\\measurement.py", line 273, in _on_display_update_timer\n    self.update_display()\n', '  File "C:\\LabPrograms\\Python\\PROCHIP_Microscope\\PROCHIP_Measurement_termalshifter_dev.py", line 281, in update_display\n    img_thres = np.clip(self.im.image[ch], level_min, level_max)\n', 'IndexError: list index out of range\n']
2021-03-18T10:19:21|ERROR|PROCHIP_termalshifter_Measurement|PROCHIP_termalshifter Failed to update figure1: list index out of range. ['Traceback (most recent call last):\n', '  File "C:\\Users\\Admin\\anaconda3\\envs\\scopefoundry\\lib\\site-packages\\ScopeFoundry\\measurement.py", line 273, in _on_display_update_timer\n    self.update_display()\n', '  File "C:\\LabPrograms\\Python\\PROCHIP_Microscope\\PROCHIP_Measurement_termalshifter_dev.py", line 281, in update_display\n    img_thres = np.clip(self.im.image[ch], level_min, level_max)\n', 'IndexError: list index out of range\n']
2021-03-18T10:19:21|ERROR|PROCHIP_termalshifter_Measurement|PROCHIP_termalshifter Failed to update figure1: list index out of range. ['Traceback (most recent call last):\n', '  File "C:\\Users\\Admin\\anaconda3\\envs\\scopefoundry\\lib\\site-packages\\ScopeFoundry\\measurement.py", line 273, in _on_display_update_timer\n    self.update_display()\n', '  File "C:\\LabPrograms\\Python\\PROCHIP_Microscope\\PROCHIP_Measurement_termalshifter_dev.py", line 281, in update_display\n    img_thres = np.clip(self.im.image[ch], level_min, level_max)\n', 'IndexError: list index out of range\n']
2021-03-18T10:19:22|ERROR|PROCHIP_termalshifter_Measurement|PROCHIP_termalshifter Failed to update figure1: list index out of range. ['Traceback (most recent call last):\n', '  File "C:\\Users\\Admin\\anaconda3\\envs\\scopefoundry\\lib\\site-packages\\ScopeFoundry\\measurement.py", line 273, in _on_display_update_timer\n    self.update_display()\n', '  File "C:\\LabPrograms\\Python\\PROCHIP_Microscope\\PROCHIP_Measurement_termalshifter_dev.py", line 281, in update_display\n    img_thres = np.clip(self.im.image[ch], level_min, level_max)\n', 'IndexError: list index out of range\n']
2021-03-18T10:19:22|ERROR|PROCHIP_termalshifter_Measurement|PROCHIP_termalshifter Failed to update figure1: list index out of range. ['Traceback (most recent call last):\n', '  File "C:\\Users\\Admin\\anaconda3\\envs\\scopefoundry\\lib\\site-packages\\ScopeFoundry\\measurement.py", line 273, in _on_display_update_timer\n    self.update_display()\n', '  File "C:\\LabPrograms\\Python\\PROCHIP_Microscope\\PROCHIP_Measurement_termalshifter_dev.py", line 281, in update_display\n    img_thres = np.clip(self.im.image[ch], level_min, level_max)\n', 'IndexError: list index out of range\n']
2021-03-18T10:19:22|ERROR|PROCHIP_termalshifter_Measurement|PROCHIP_termalshifter Failed to update figure1: list index out of range. ['Traceback (most recent call last):\n', '  File "C:\\Users\\Admin\\anaconda3\\envs\\scopefoundry\\lib\\site-packages\\ScopeFoundry\\measurement.py", line 273, in _on_display_update_timer\n    self.update_display()\n', '  File "C:\\LabPrograms\\Python\\PROCHIP_Microscope\\PROCHIP_Measurement_termalshifter_dev.py", line 281, in update_display\n    img_thres = np.clip(self.im.image[ch], level_min, level_max)\n', 'IndexError: list index out of range\n']
2021-03-18T10:19:22|ERROR|PROCHIP_termalshifter_Measurement|PROCHIP_termalshifter Failed to update figure1: list index out of range. ['Traceback (most recent call last):\n', '  File "C:\\Users\\Admin\\anaconda3\\envs\\scopefoundry\\lib\\site-packages\\ScopeFoundry\\measurement.py", line 273, in _on_display_update_timer\n    self.update_display()\n', '  File "C:\\LabPrograms\\Python\\PROCHIP_Microscope\\PROCHIP_Measurement_termalshifter_dev.py", line 281, in update_display\n    img_thres = np.clip(self.im.image[ch], level_min, level_max)\n', 'IndexError: list index out of range\n']
2021-03-18T10:19:22|ERROR|PROCHIP_termalshifter_Measurement|PROCHIP_termalshifter Failed to update figure1: list index out of range. ['Traceback (most recent call last):\n', '  File "C:\\Users\\Admin\\anaconda3\\envs\\scopefoundry\\lib\\site-packages\\ScopeFoundry\\measurement.py", line 273, in _on_display_update_timer\n    self.update_display()\n', '  File "C:\\LabPrograms\\Python\\PROCHIP_Microscope\\PROCHIP_Measurement_termalshifter_dev.py", line 281, in update_display\n    img_thres = np.clip(self.im.image[ch], level_min, level_max)\n', 'IndexError: list index out of range\n']
2021-03-18T10:19:22|ERROR|PROCHIP_termalshifter_Measurement|PROCHIP_termalshifter Failed to update figure1: list index out of range. ['Traceback (most recent call last):\n', '  File "C:\\Users\\Admin\\anaconda3\\envs\\scopefoundry\\lib\\site-packages\\ScopeFoundry\\measurement.py", line 273, in _on_display_update_timer\n    self.update_display()\n', '  File "C:\\LabPrograms\\Python\\PROCHIP_Microscope\\PROCHIP_Measurement_termalshifter_dev.py", line 281, in update_display\n    img_thres = np.clip(self.im.image[ch], level_min, level_max)\n', 'IndexError: list index out of range\n']
2021-03-18T10:19:22|ERROR|PROCHIP_termalshifter_Measurement|PROCHIP_termalshifter Failed to update figure1: list index out of range. ['Traceback (most recent call last):\n', '  File "C:\\Users\\Admin\\anaconda3\\envs\\scopefoundry\\lib\\site-packages\\ScopeFoundry\\measurement.py", line 273, in _on_display_update_timer\n    self.update_display()\n', '  File "C:\\LabPrograms\\Python\\PROCHIP_Microscope\\PROCHIP_Measurement_termalshifter_dev.py", line 281, in update_display\n    img_thres = np.clip(self.im.image[ch], level_min, level_max)\n', 'IndexError: list index out of range\n']
2021-03-18T10:19:22|ERROR|PROCHIP_termalshifter_Measurement|PROCHIP_termalshifter Failed to update figure1: list index out of range. ['Traceback (most recent call last):\n', '  File "C:\\Users\\Admin\\anaconda3\\envs\\scopefoundry\\lib\\site-packages\\ScopeFoundry\\measurement.py", line 273, in _on_display_update_timer\n    self.update_display()\n', '  File "C:\\LabPrograms\\Python\\PROCHIP_Microscope\\PROCHIP_Measurement_termalshifter_dev.py", line 281, in update_display\n    img_thres = np.clip(self.im.image[ch], level_min, level_max)\n', 'IndexError: list index out of range\n']
2021-03-18T10:19:22|ERROR|PROCHIP_termalshifter_Measurement|PROCHIP_termalshifter Failed to update figure1: list index out of range. ['Traceback (most recent call last):\n', '  File "C:\\Users\\Admin\\anaconda3\\envs\\scopefoundry\\lib\\site-packages\\ScopeFoundry\\measurement.py", line 273, in _on_display_update_timer\n    self.update_display()\n', '  File "C:\\LabPrograms\\Python\\PROCHIP_Microscope\\PROCHIP_Measurement_termalshifter_dev.py", line 281, in update_display\n    img_thres = np.clip(self.im.image[ch], level_min, level_max)\n', 'IndexError: list index out of range\n']
2021-03-18T10:19:22|ERROR|PROCHIP_termalshifter_Measurement|PROCHIP_termalshifter Failed to update figure1: list index out of range. ['Traceback (most recent call last):\n', '  File "C:\\Users\\Admin\\anaconda3\\envs\\scopefoundry\\lib\\site-packages\\ScopeFoundry\\measurement.py", line 273, in _on_display_update_timer\n    self.update_display()\n', '  File "C:\\LabPrograms\\Python\\PROCHIP_Microscope\\PROCHIP_Measurement_termalshifter_dev.py", line 281, in update_display\n    img_thres = np.clip(self.im.image[ch], level_min, level_max)\n', 'IndexError: list index out of range\n']
2021-03-18T10:19:22|ERROR|PROCHIP_termalshifter_Measurement|PROCHIP_termalshifter Failed to update figure1: list index out of range. ['Traceback (most recent call last):\n', '  File "C:\\Users\\Admin\\anaconda3\\envs\\scopefoundry\\lib\\site-packages\\ScopeFoundry\\measurement.py", line 273, in _on_display_update_timer\n    self.update_display()\n', '  File "C:\\LabPrograms\\Python\\PROCHIP_Microscope\\PROCHIP_Measurement_termalshifter_dev.py", line 281, in update_display\n    img_thres = np.clip(self.im.image[ch], level_min, level_max)\n', 'IndexError: list index out of range\n']
2021-03-18T10:19:23|ERROR|PROCHIP_termalshifter_Measurement|PROCHIP_termalshifter Failed to update figure1: list index out of range. ['Traceback (most recent call last):\n', '  File "C:\\Users\\Admin\\anaconda3\\envs\\scopefoundry\\lib\\site-packages\\ScopeFoundry\\measurement.py", line 273, in _on_display_update_timer\n    self.update_display()\n', '  File "C:\\LabPrograms\\Python\\PROCHIP_Microscope\\PROCHIP_Measurement_termalshifter_dev.py", line 281, in update_display\n    img_thres = np.clip(self.im.image[ch], level_min, level_max)\n', 'IndexError: list index out of range\n']
2021-03-18T10:19:23|ERROR|PROCHIP_termalshifter_Measurement|PROCHIP_termalshifter Failed to update figure1: list index out of range. ['Traceback (most recent call last):\n', '  File "C:\\Users\\Admin\\anaconda3\\envs\\scopefoundry\\lib\\site-packages\\ScopeFoundry\\measurement.py", line 273, in _on_display_update_timer\n    self.update_display()\n', '  File "C:\\LabPrograms\\Python\\PROCHIP_Microscope\\PROCHIP_Measurement_termalshifter_dev.py", line 281, in update_display\n    img_thres = np.clip(self.im.image[ch], level_min, level_max)\n', 'IndexError: list index out of range\n']
2021-03-18T10:19:23|ERROR|PROCHIP_termalshifter_Measurement|PROCHIP_termalshifter Failed to update figure1: list index out of range. ['Traceback (most recent call last):\n', '  File "C:\\Users\\Admin\\anaconda3\\envs\\scopefoundry\\lib\\site-packages\\ScopeFoundry\\measurement.py", line 273, in _on_display_update_timer\n    self.update_display()\n', '  File "C:\\LabPrograms\\Python\\PROCHIP_Microscope\\PROCHIP_Measurement_termalshifter_dev.py", line 281, in update_display\n    img_thres = np.clip(self.im.image[ch], level_min, level_max)\n', 'IndexError: list index out of range\n']
2021-03-18T10:19:23|ERROR|PROCHIP_termalshifter_Measurement|PROCHIP_termalshifter Failed to update figure1: list index out of range. ['Traceback (most recent call last):\n', '  File "C:\\Users\\Admin\\anaconda3\\envs\\scopefoundry\\lib\\site-packages\\ScopeFoundry\\measurement.py", line 273, in _on_display_update_timer\n    self.update_display()\n', '  File "C:\\LabPrograms\\Python\\PROCHIP_Microscope\\PROCHIP_Measurement_termalshifter_dev.py", line 281, in update_display\n    img_thres = np.clip(self.im.image[ch], level_min, level_max)\n', 'IndexError: list index out of range\n']
2021-03-18T10:19:23|ERROR|PROCHIP_termalshifter_Measurement|PROCHIP_termalshifter Failed to update figure1: list index out of range. ['Traceback (most recent call last):\n', '  File "C:\\Users\\Admin\\anaconda3\\envs\\scopefoundry\\lib\\site-packages\\ScopeFoundry\\measurement.py", line 273, in _on_display_update_timer\n    self.update_display()\n', '  File "C:\\LabPrograms\\Python\\PROCHIP_Microscope\\PROCHIP_Measurement_termalshifter_dev.py", line 281, in update_display\n    img_thres = np.clip(self.im.image[ch], level_min, level_max)\n', 'IndexError: list index out of range\n']
2021-03-18T10:19:23|ERROR|PROCHIP_termalshifter_Measurement|PROCHIP_termalshifter Failed to update figure1: list index out of range. ['Traceback (most recent call last):\n', '  File "C:\\Users\\Admin\\anaconda3\\envs\\scopefoundry\\lib\\site-packages\\ScopeFoundry\\measurement.py", line 273, in _on_display_update_timer\n    self.update_display()\n', '  File "C:\\LabPrograms\\Python\\PROCHIP_Microscope\\PROCHIP_Measurement_termalshifter_dev.py", line 281, in update_display\n    img_thres = np.clip(self.im.image[ch], level_min, level_max)\n', 'IndexError: list index out of range\n']
2021-03-18T10:19:23|ERROR|PROCHIP_termalshifter_Measurement|PROCHIP_termalshifter Failed to update figure1: list index out of range. ['Traceback (most recent call last):\n', '  File "C:\\Users\\Admin\\anaconda3\\envs\\scopefoundry\\lib\\site-packages\\ScopeFoundry\\measurement.py", line 273, in _on_display_update_timer\n    self.update_display()\n', '  File "C:\\LabPrograms\\Python\\PROCHIP_Microscope\\PROCHIP_Measurement_termalshifter_dev.py", line 281, in update_display\n    img_thres = np.clip(self.im.image[ch], level_min, level_max)\n', 'IndexError: list index out of range\n']
2021-03-18T10:19:23|ERROR|PROCHIP_termalshifter_Measurement|PROCHIP_termalshifter Failed to update figure1: list index out of range. ['Traceback (most recent call last):\n', '  File "C:\\Users\\Admin\\anaconda3\\envs\\scopefoundry\\lib\\site-packages\\ScopeFoundry\\measurement.py", line 273, in _on_display_update_timer\n    self.update_display()\n', '  File "C:\\LabPrograms\\Python\\PROCHIP_Microscope\\PROCHIP_Measurement_termalshifter_dev.py", line 281, in update_display\n    img_thres = np.clip(self.im.image[ch], level_min, level_max)\n', 'IndexError: list index out of range\n']
2021-03-18T10:19:23|ERROR|PROCHIP_termalshifter_Measurement|PROCHIP_termalshifter Failed to update figure1: list index out of range. ['Traceback (most recent call last):\n', '  File "C:\\Users\\Admin\\anaconda3\\envs\\scopefoundry\\lib\\site-packages\\ScopeFoundry\\measurement.py", line 273, in _on_display_update_timer\n    self.update_display()\n', '  File "C:\\LabPrograms\\Python\\PROCHIP_Microscope\\PROCHIP_Measurement_termalshifter_dev.py", line 281, in update_display\n    img_thres = np.clip(self.im.image[ch], level_min, level_max)\n', 'IndexError: list index out of range\n']
2021-03-18T10:19:23|ERROR|PROCHIP_termalshifter_Measurement|PROCHIP_termalshifter Failed to update figure1: list index out of range. ['Traceback (most recent call last):\n', '  File "C:\\Users\\Admin\\anaconda3\\envs\\scopefoundry\\lib\\site-packages\\ScopeFoundry\\measurement.py", line 273, in _on_display_update_timer\n    self.update_display()\n', '  File "C:\\LabPrograms\\Python\\PROCHIP_Microscope\\PROCHIP_Measurement_termalshifter_dev.py", line 281, in update_display\n    img_thres = np.clip(self.im.image[ch], level_min, level_max)\n', 'IndexError: list index out of range\n']
2021-03-18T10:19:24|ERROR|PROCHIP_termalshifter_Measurement|PROCHIP_termalshifter Failed to update figure1: list index out of range. ['Traceback (most recent call last):\n', '  File "C:\\Users\\Admin\\anaconda3\\envs\\scopefoundry\\lib\\site-packages\\ScopeFoundry\\measurement.py", line 273, in _on_display_update_timer\n    self.update_display()\n', '  File "C:\\LabPrograms\\Python\\PROCHIP_Microscope\\PROCHIP_Measurement_termalshifter_dev.py", line 281, in update_display\n    img_thres = np.clip(self.im.image[ch], level_min, level_max)\n', 'IndexError: list index out of range\n']
2021-03-18T10:19:24|ERROR|PROCHIP_termalshifter_Measurement|PROCHIP_termalshifter Failed to update figure1: list index out of range. ['Traceback (most recent call last):\n', '  File "C:\\Users\\Admin\\anaconda3\\envs\\scopefoundry\\lib\\site-packages\\ScopeFoundry\\measurement.py", line 273, in _on_display_update_timer\n    self.update_display()\n', '  File "C:\\LabPrograms\\Python\\PROCHIP_Microscope\\PROCHIP_Measurement_termalshifter_dev.py", line 281, in update_display\n    img_thres = np.clip(self.im.image[ch], level_min, level_max)\n', 'IndexError: list index out of range\n']
2021-03-18T10:19:24|ERROR|PROCHIP_termalshifter_Measurement|PROCHIP_termalshifter Failed to update figure1: list index out of range. ['Traceback (most recent call last):\n', '  File "C:\\Users\\Admin\\anaconda3\\envs\\scopefoundry\\lib\\site-packages\\ScopeFoundry\\measurement.py", line 273, in _on_display_update_timer\n    self.update_display()\n', '  File "C:\\LabPrograms\\Python\\PROCHIP_Microscope\\PROCHIP_Measurement_termalshifter_dev.py", line 281, in update_display\n    img_thres = np.clip(self.im.image[ch], level_min, level_max)\n', 'IndexError: list index out of range\n']
2021-03-18T10:19:24|ERROR|PROCHIP_termalshifter_Measurement|PROCHIP_termalshifter Failed to update figure1: list index out of range. ['Traceback (most recent call last):\n', '  File "C:\\Users\\Admin\\anaconda3\\envs\\scopefoundry\\lib\\site-packages\\ScopeFoundry\\measurement.py", line 273, in _on_display_update_timer\n    self.update_display()\n', '  File "C:\\LabPrograms\\Python\\PROCHIP_Microscope\\PROCHIP_Measurement_termalshifter_dev.py", line 281, in update_display\n    img_thres = np.clip(self.im.image[ch], level_min, level_max)\n', 'IndexError: list index out of range\n']
2021-03-18T10:19:24|ERROR|PROCHIP_termalshifter_Measurement|PROCHIP_termalshifter Failed to update figure1: list index out of range. ['Traceback (most recent call last):\n', '  File "C:\\Users\\Admin\\anaconda3\\envs\\scopefoundry\\lib\\site-packages\\ScopeFoundry\\measurement.py", line 273, in _on_display_update_timer\n    self.update_display()\n', '  File "C:\\LabPrograms\\Python\\PROCHIP_Microscope\\PROCHIP_Measurement_termalshifter_dev.py", line 281, in update_display\n    img_thres = np.clip(self.im.image[ch], level_min, level_max)\n', 'IndexError: list index out of range\n']
2021-03-18T10:19:24|ERROR|PROCHIP_termalshifter_Measurement|PROCHIP_termalshifter Failed to update figure1: list index out of range. ['Traceback (most recent call last):\n', '  File "C:\\Users\\Admin\\anaconda3\\envs\\scopefoundry\\lib\\site-packages\\ScopeFoundry\\measurement.py", line 273, in _on_display_update_timer\n    self.update_display()\n', '  File "C:\\LabPrograms\\Python\\PROCHIP_Microscope\\PROCHIP_Measurement_termalshifter_dev.py", line 281, in update_display\n    img_thres = np.clip(self.im.image[ch], level_min, level_max)\n', 'IndexError: list index out of range\n']
2021-03-18T10:19:24|ERROR|PROCHIP_termalshifter_Measurement|PROCHIP_termalshifter Failed to update figure1: list index out of range. ['Traceback (most recent call last):\n', '  File "C:\\Users\\Admin\\anaconda3\\envs\\scopefoundry\\lib\\site-packages\\ScopeFoundry\\measurement.py", line 273, in _on_display_update_timer\n    self.update_display()\n', '  File "C:\\LabPrograms\\Python\\PROCHIP_Microscope\\PROCHIP_Measurement_termalshifter_dev.py", line 281, in update_display\n    img_thres = np.clip(self.im.image[ch], level_min, level_max)\n', 'IndexError: list index out of range\n']
2021-03-18T10:19:24|ERROR|PROCHIP_termalshifter_Measurement|PROCHIP_termalshifter Failed to update figure1: list index out of range. ['Traceback (most recent call last):\n', '  File "C:\\Users\\Admin\\anaconda3\\envs\\scopefoundry\\lib\\site-packages\\ScopeFoundry\\measurement.py", line 273, in _on_display_update_timer\n    self.update_display()\n', '  File "C:\\LabPrograms\\Python\\PROCHIP_Microscope\\PROCHIP_Measurement_termalshifter_dev.py", line 281, in update_display\n    img_thres = np.clip(self.im.image[ch], level_min, level_max)\n', 'IndexError: list index out of range\n']
2021-03-18T10:19:24|ERROR|PROCHIP_termalshifter_Measurement|PROCHIP_termalshifter Failed to update figure1: list index out of range. ['Traceback (most recent call last):\n', '  File "C:\\Users\\Admin\\anaconda3\\envs\\scopefoundry\\lib\\site-packages\\ScopeFoundry\\measurement.py", line 273, in _on_display_update_timer\n    self.update_display()\n', '  File "C:\\LabPrograms\\Python\\PROCHIP_Microscope\\PROCHIP_Measurement_termalshifter_dev.py", line 281, in update_display\n    img_thres = np.clip(self.im.image[ch], level_min, level_max)\n', 'IndexError: list index out of range\n']
2021-03-18T10:19:24|ERROR|PROCHIP_termalshifter_Measurement|PROCHIP_termalshifter Failed to update figure1: list index out of range. ['Traceback (most recent call last):\n', '  File "C:\\Users\\Admin\\anaconda3\\envs\\scopefoundry\\lib\\site-packages\\ScopeFoundry\\measurement.py", line 273, in _on_display_update_timer\n    self.update_display()\n', '  File "C:\\LabPrograms\\Python\\PROCHIP_Microscope\\PROCHIP_Measurement_termalshifter_dev.py", line 281, in update_display\n    img_thres = np.clip(self.im.image[ch], level_min, level_max)\n', 'IndexError: list index out of range\n']
2021-03-18T10:19:25|ERROR|PROCHIP_termalshifter_Measurement|PROCHIP_termalshifter Failed to update figure1: list index out of range. ['Traceback (most recent call last):\n', '  File "C:\\Users\\Admin\\anaconda3\\envs\\scopefoundry\\lib\\site-packages\\ScopeFoundry\\measurement.py", line 273, in _on_display_update_timer\n    self.update_display()\n', '  File "C:\\LabPrograms\\Python\\PROCHIP_Microscope\\PROCHIP_Measurement_termalshifter_dev.py", line 281, in update_display\n    img_thres = np.clip(self.im.image[ch], level_min, level_max)\n', 'IndexError: list index out of range\n']
2021-03-18T10:19:25|ERROR|PROCHIP_termalshifter_Measurement|PROCHIP_termalshifter Failed to update figure1: list index out of range. ['Traceback (most recent call last):\n', '  File "C:\\Users\\Admin\\anaconda3\\envs\\scopefoundry\\lib\\site-packages\\ScopeFoundry\\measurement.py", line 273, in _on_display_update_timer\n    self.update_display()\n', '  File "C:\\LabPrograms\\Python\\PROCHIP_Microscope\\PROCHIP_Measurement_termalshifter_dev.py", line 281, in update_display\n    img_thres = np.clip(self.im.image[ch], level_min, level_max)\n', 'IndexError: list index out of range\n']
2021-03-18T10:19:25|ERROR|PROCHIP_termalshifter_Measurement|PROCHIP_termalshifter Failed to update figure1: list index out of range. ['Traceback (most recent call last):\n', '  File "C:\\Users\\Admin\\anaconda3\\envs\\scopefoundry\\lib\\site-packages\\ScopeFoundry\\measurement.py", line 273, in _on_display_update_timer\n    self.update_display()\n', '  File "C:\\LabPrograms\\Python\\PROCHIP_Microscope\\PROCHIP_Measurement_termalshifter_dev.py", line 281, in update_display\n    img_thres = np.clip(self.im.image[ch], level_min, level_max)\n', 'IndexError: list index out of range\n']
2021-03-18T10:19:25|ERROR|PROCHIP_termalshifter_Measurement|PROCHIP_termalshifter Failed to update figure1: list index out of range. ['Traceback (most recent call last):\n', '  File "C:\\Users\\Admin\\anaconda3\\envs\\scopefoundry\\lib\\site-packages\\ScopeFoundry\\measurement.py", line 273, in _on_display_update_timer\n    self.update_display()\n', '  File "C:\\LabPrograms\\Python\\PROCHIP_Microscope\\PROCHIP_Measurement_termalshifter_dev.py", line 281, in update_display\n    img_thres = np.clip(self.im.image[ch], level_min, level_max)\n', 'IndexError: list index out of range\n']
2021-03-18T10:19:25|ERROR|PROCHIP_termalshifter_Measurement|PROCHIP_termalshifter Failed to update figure1: list index out of range. ['Traceback (most recent call last):\n', '  File "C:\\Users\\Admin\\anaconda3\\envs\\scopefoundry\\lib\\site-packages\\ScopeFoundry\\measurement.py", line 273, in _on_display_update_timer\n    self.update_display()\n', '  File "C:\\LabPrograms\\Python\\PROCHIP_Microscope\\PROCHIP_Measurement_termalshifter_dev.py", line 281, in update_display\n    img_thres = np.clip(self.im.image[ch], level_min, level_max)\n', 'IndexError: list index out of range\n']
2021-03-18T10:19:25|ERROR|PROCHIP_termalshifter_Measurement|PROCHIP_termalshifter Failed to update figure1: list index out of range. ['Traceback (most recent call last):\n', '  File "C:\\Users\\Admin\\anaconda3\\envs\\scopefoundry\\lib\\site-packages\\ScopeFoundry\\measurement.py", line 273, in _on_display_update_timer\n    self.update_display()\n', '  File "C:\\LabPrograms\\Python\\PROCHIP_Microscope\\PROCHIP_Measurement_termalshifter_dev.py", line 281, in update_display\n    img_thres = np.clip(self.im.image[ch], level_min, level_max)\n', 'IndexError: list index out of range\n']
2021-03-18T10:19:25|ERROR|PROCHIP_termalshifter_Measurement|PROCHIP_termalshifter Failed to update figure1: list index out of range. ['Traceback (most recent call last):\n', '  File "C:\\Users\\Admin\\anaconda3\\envs\\scopefoundry\\lib\\site-packages\\ScopeFoundry\\measurement.py", line 273, in _on_display_update_timer\n    self.update_display()\n', '  File "C:\\LabPrograms\\Python\\PROCHIP_Microscope\\PROCHIP_Measurement_termalshifter_dev.py", line 281, in update_display\n    img_thres = np.clip(self.im.image[ch], level_min, level_max)\n', 'IndexError: list index out of range\n']
2021-03-18T10:19:25|ERROR|PROCHIP_termalshifter_Measurement|PROCHIP_termalshifter Failed to update figure1: list index out of range. ['Traceback (most recent call last):\n', '  File "C:\\Users\\Admin\\anaconda3\\envs\\scopefoundry\\lib\\site-packages\\ScopeFoundry\\measurement.py", line 273, in _on_display_update_timer\n    self.update_display()\n', '  File "C:\\LabPrograms\\Python\\PROCHIP_Microscope\\PROCHIP_Measurement_termalshifter_dev.py", line 281, in update_display\n    img_thres = np.clip(self.im.image[ch], level_min, level_max)\n', 'IndexError: list index out of range\n']
2021-03-18T10:19:25|ERROR|PROCHIP_termalshifter_Measurement|PROCHIP_termalshifter Failed to update figure1: list index out of range. ['Traceback (most recent call last):\n', '  File "C:\\Users\\Admin\\anaconda3\\envs\\scopefoundry\\lib\\site-packages\\ScopeFoundry\\measurement.py", line 273, in _on_display_update_timer\n    self.update_display()\n', '  File "C:\\LabPrograms\\Python\\PROCHIP_Microscope\\PROCHIP_Measurement_termalshifter_dev.py", line 281, in update_display\n    img_thres = np.clip(self.im.image[ch], level_min, level_max)\n', 'IndexError: list index out of range\n']
2021-03-18T10:19:25|ERROR|PROCHIP_termalshifter_Measurement|PROCHIP_termalshifter Failed to update figure1: list index out of range. ['Traceback (most recent call last):\n', '  File "C:\\Users\\Admin\\anaconda3\\envs\\scopefoundry\\lib\\site-packages\\ScopeFoundry\\measurement.py", line 273, in _on_display_update_timer\n    self.update_display()\n', '  File "C:\\LabPrograms\\Python\\PROCHIP_Microscope\\PROCHIP_Measurement_termalshifter_dev.py", line 281, in update_display\n    img_thres = np.clip(self.im.image[ch], level_min, level_max)\n', 'IndexError: list index out of range\n']
2021-03-18T10:19:25|ERROR|PROCHIP_termalshifter_Measurement|PROCHIP_termalshifter Failed to update figure1: list index out of range. ['Traceback (most recent call last):\n', '  File "C:\\Users\\Admin\\anaconda3\\envs\\scopefoundry\\lib\\site-packages\\ScopeFoundry\\measurement.py", line 273, in _on_display_update_timer\n    self.update_display()\n', '  File "C:\\LabPrograms\\Python\\PROCHIP_Microscope\\PROCHIP_Measurement_termalshifter_dev.py", line 281, in update_display\n    img_thres = np.clip(self.im.image[ch], level_min, level_max)\n', 'IndexError: list index out of range\n']
2021-03-18T10:19:26|CRITICAL|root|Unhandled exception:Traceback (most recent call last):
  File "C:\Users\Admin\anaconda3\envs\scopefoundry\lib\site-packages\ScopeFoundry\measurement.py", line 25, in run
    self.measurement._thread_run()
  File "C:\Users\Admin\anaconda3\envs\scopefoundry\lib\site-packages\ScopeFoundry\measurement.py", line 179, in _thread_run
    self.run()
  File "C:\LabPrograms\Python\PROCHIP_Microscope\PROCHIP_Measurement_termalshifter_dev.py", line 149, in run
    self.im.image[channel_index] = np.reshape(self.np_data, (eff_subarrayv, eff_subarrayh))
IndexError: list assignment index out of range

2021-03-18T10:19:26|ERROR|PROCHIP_termalshifter_Measurement|PROCHIP_termalshifter Failed to update figure1: list index out of range. ['Traceback (most recent call last):\n', '  File "C:\\Users\\Admin\\anaconda3\\envs\\scopefoundry\\lib\\site-packages\\ScopeFoundry\\measurement.py", line 273, in _on_display_update_timer\n    self.update_display()\n', '  File "C:\\LabPrograms\\Python\\PROCHIP_Microscope\\PROCHIP_Measurement_termalshifter_dev.py", line 281, in update_display\n    img_thres = np.clip(self.im.image[ch], level_min, level_max)\n', 'IndexError: list index out of range\n']
