2020-09-15T14:54:20|CRITICAL|root|Unhandled exception:Traceback (most recent call last):
  File "C:\LabPrograms\Python\PROCHIP_Microscope\PROCHIP_Measurement_cell_detection.py", line 180, in run
    self.roi_h5_dataset(roi_index, channel_index)
  File "C:\LabPrograms\Python\PROCHIP_Microscope\PROCHIP_Measurement_cell_detection.py", line 570, in roi_h5_dataset
    self.roi_h5[c_index].attrs['centroid_x'] =  self.im.cx[0] # to be updated when multiple rois are saved
IndexError: list index out of range

During handling of the above exception, another exception occurred:

Traceback (most recent call last):
  File "C:\Users\Admin\anaconda3\envs\scopefoundry\lib\site-packages\ScopeFoundry\measurement.py", line 25, in run
    self.measurement._thread_run()
  File "C:\Users\Admin\anaconda3\envs\scopefoundry\lib\site-packages\ScopeFoundry\measurement.py", line 179, in _thread_run
    self.run()
  File "C:\LabPrograms\Python\PROCHIP_Microscope\PROCHIP_Measurement_cell_detection.py", line 249, in run
    self.h5file.close()
AttributeError: 'PROCHIP_Measurement' object has no attribute 'h5file'

