2021-10-29T17:56:14|CRITICAL|root|Unhandled exception:Traceback (most recent call last):
  File "C:\LabPrograms\Python\Hamamatsu_ScopeFoundry\CameraMeasurement.py", line 175, in run
    self.get_and_save_Frame(j,last_frame_index)
  File "C:\LabPrograms\Python\Hamamatsu_ScopeFoundry\CameraMeasurement.py", line 253, in get_and_save_Frame
    self.image_h5[saveindex,:,:] = self.image # saving to the h5 dataset
  File "h5py\_objects.pyx", line 54, in h5py._objects.with_phil.wrapper
  File "h5py\_objects.pyx", line 55, in h5py._objects.with_phil.wrapper
  File "C:\Users\Admin\anaconda3\envs\scopefoundry\lib\site-packages\h5py\_hl\dataset.py", line 708, in __setitem__
    self.id.write(mspace, fspace, val, mtype, dxpl=self._dxpl)
  File "h5py\_objects.pyx", line 54, in h5py._objects.with_phil.wrapper
  File "h5py\_objects.pyx", line 55, in h5py._objects.with_phil.wrapper
  File "h5py\h5d.pyx", line 222, in h5py.h5d.DatasetID.write
  File "h5py\_proxy.pyx", line 132, in h5py._proxy.dset_rw
  File "h5py\_proxy.pyx", line 93, in h5py._proxy.H5PY_H5Dwrite
OSError: Can't write data (file write failed: time = Fri Oct 29 17:55:55 2021
, filename = 'D:/Data/PROCHIP/211029_water test/cell\211029_175555_hamamatsu_measurement.h5', file descriptor = 5, errno = 28, error message = 'No space left on device', buf = 000001B740F9B048, total write size = 8388608, bytes this sub-write = 8388608, bytes actually written = 18446744073709551615, offset = 56688)

During handling of the above exception, another exception occurred:

Traceback (most recent call last):
  File "C:\Users\Admin\anaconda3\envs\scopefoundry\lib\site-packages\ScopeFoundry\measurement.py", line 25, in run
    self.measurement._thread_run()
  File "C:\Users\Admin\anaconda3\envs\scopefoundry\lib\site-packages\ScopeFoundry\measurement.py", line 179, in _thread_run
    self.run()
  File "C:\LabPrograms\Python\Hamamatsu_ScopeFoundry\CameraMeasurement.py", line 201, in run
    self.h5file.close() # close h5 file
  File "C:\Users\Admin\anaconda3\envs\scopefoundry\lib\site-packages\h5py\_hl\files.py", line 443, in close
    h5i.dec_ref(id_)
  File "h5py\_objects.pyx", line 54, in h5py._objects.with_phil.wrapper
  File "h5py\_objects.pyx", line 55, in h5py._objects.with_phil.wrapper
  File "h5py\h5i.pyx", line 150, in h5py.h5i.dec_ref
RuntimeError: Can't decrement id ref count (unable to extend file properly)

