2020-07-23T18:19:30|ERROR|PROCHIP_Measurement|PROCHIP_Measurement Failed to update figure1: name 'cx' is not defined. ['Traceback (most recent call last):\n', '  File "C:\\ProgramData\\Anaconda3\\lib\\site-packages\\ScopeFoundry\\measurement.py", line 273, in _on_display_update_timer\n    self.update_display()\n', '  File "C:\\LabPrograms\\Python\\DAQ_Laser_Camera\\PROCHIP_Measurement_cell_detection.py", line 242, in update_display\n    self.im.draw_contours_on_image(self.im.img8bit0)\n', '  File "C:\\LabPrograms\\Python\\DAQ_Laser_Camera\\image_data.py", line 85, in draw_contours_on_image\n    for indx, val in enumerate(cx):\n', "NameError: name 'cx' is not defined\n"]
2020-07-23T18:19:30|ERROR|PROCHIP_Measurement|PROCHIP_Measurement Failed to update figure1: name 'cx' is not defined. ['Traceback (most recent call last):\n', '  File "C:\\ProgramData\\Anaconda3\\lib\\site-packages\\ScopeFoundry\\measurement.py", line 273, in _on_display_update_timer\n    self.update_display()\n', '  File "C:\\LabPrograms\\Python\\DAQ_Laser_Camera\\PROCHIP_Measurement_cell_detection.py", line 242, in update_display\n    self.im.draw_contours_on_image(self.im.img8bit0)\n', '  File "C:\\LabPrograms\\Python\\DAQ_Laser_Camera\\image_data.py", line 85, in draw_contours_on_image\n    for indx, val in enumerate(cx):\n', "NameError: name 'cx' is not defined\n"]
2020-07-23T18:19:31|ERROR|PROCHIP_Measurement|PROCHIP_Measurement Failed to update figure1: name 'cx' is not defined. ['Traceback (most recent call last):\n', '  File "C:\\ProgramData\\Anaconda3\\lib\\site-packages\\ScopeFoundry\\measurement.py", line 273, in _on_display_update_timer\n    self.update_display()\n', '  File "C:\\LabPrograms\\Python\\DAQ_Laser_Camera\\PROCHIP_Measurement_cell_detection.py", line 242, in update_display\n    self.im.draw_contours_on_image(self.im.img8bit0)\n', '  File "C:\\LabPrograms\\Python\\DAQ_Laser_Camera\\image_data.py", line 85, in draw_contours_on_image\n    for indx, val in enumerate(cx):\n', "NameError: name 'cx' is not defined\n"]
2020-07-23T18:19:31|ERROR|PROCHIP_Measurement|PROCHIP_Measurement Failed to update figure1: name 'cx' is not defined. ['Traceback (most recent call last):\n', '  File "C:\\ProgramData\\Anaconda3\\lib\\site-packages\\ScopeFoundry\\measurement.py", line 273, in _on_display_update_timer\n    self.update_display()\n', '  File "C:\\LabPrograms\\Python\\DAQ_Laser_Camera\\PROCHIP_Measurement_cell_detection.py", line 242, in update_display\n    self.im.draw_contours_on_image(self.im.img8bit0)\n', '  File "C:\\LabPrograms\\Python\\DAQ_Laser_Camera\\image_data.py", line 85, in draw_contours_on_image\n    for indx, val in enumerate(cx):\n', "NameError: name 'cx' is not defined\n"]
2020-07-23T18:19:31|ERROR|PROCHIP_Measurement|PROCHIP_Measurement Failed to update figure1: name 'cx' is not defined. ['Traceback (most recent call last):\n', '  File "C:\\ProgramData\\Anaconda3\\lib\\site-packages\\ScopeFoundry\\measurement.py", line 273, in _on_display_update_timer\n    self.update_display()\n', '  File "C:\\LabPrograms\\Python\\DAQ_Laser_Camera\\PROCHIP_Measurement_cell_detection.py", line 242, in update_display\n    self.im.draw_contours_on_image(self.im.img8bit0)\n', '  File "C:\\LabPrograms\\Python\\DAQ_Laser_Camera\\image_data.py", line 85, in draw_contours_on_image\n    for indx, val in enumerate(cx):\n', "NameError: name 'cx' is not defined\n"]
2020-07-23T18:19:31|ERROR|PROCHIP_Measurement|PROCHIP_Measurement Failed to update figure1: name 'cx' is not defined. ['Traceback (most recent call last):\n', '  File "C:\\ProgramData\\Anaconda3\\lib\\site-packages\\ScopeFoundry\\measurement.py", line 273, in _on_display_update_timer\n    self.update_display()\n', '  File "C:\\LabPrograms\\Python\\DAQ_Laser_Camera\\PROCHIP_Measurement_cell_detection.py", line 242, in update_display\n    self.im.draw_contours_on_image(self.im.img8bit0)\n', '  File "C:\\LabPrograms\\Python\\DAQ_Laser_Camera\\image_data.py", line 85, in draw_contours_on_image\n    for indx, val in enumerate(cx):\n', "NameError: name 'cx' is not defined\n"]
2020-07-23T18:19:31|ERROR|PROCHIP_Measurement|PROCHIP_Measurement Failed to update figure1: name 'cx' is not defined. ['Traceback (most recent call last):\n', '  File "C:\\ProgramData\\Anaconda3\\lib\\site-packages\\ScopeFoundry\\measurement.py", line 273, in _on_display_update_timer\n    self.update_display()\n', '  File "C:\\LabPrograms\\Python\\DAQ_Laser_Camera\\PROCHIP_Measurement_cell_detection.py", line 242, in update_display\n    self.im.draw_contours_on_image(self.im.img8bit0)\n', '  File "C:\\LabPrograms\\Python\\DAQ_Laser_Camera\\image_data.py", line 85, in draw_contours_on_image\n    for indx, val in enumerate(cx):\n', "NameError: name 'cx' is not defined\n"]
2020-07-23T18:19:31|ERROR|PROCHIP_Measurement|PROCHIP_Measurement Failed to update figure1: name 'cx' is not defined. ['Traceback (most recent call last):\n', '  File "C:\\ProgramData\\Anaconda3\\lib\\site-packages\\ScopeFoundry\\measurement.py", line 273, in _on_display_update_timer\n    self.update_display()\n', '  File "C:\\LabPrograms\\Python\\DAQ_Laser_Camera\\PROCHIP_Measurement_cell_detection.py", line 242, in update_display\n    self.im.draw_contours_on_image(self.im.img8bit0)\n', '  File "C:\\LabPrograms\\Python\\DAQ_Laser_Camera\\image_data.py", line 85, in draw_contours_on_image\n    for indx, val in enumerate(cx):\n', "NameError: name 'cx' is not defined\n"]
2020-07-23T18:19:31|ERROR|PROCHIP_Measurement|PROCHIP_Measurement Failed to update figure1: name 'cx' is not defined. ['Traceback (most recent call last):\n', '  File "C:\\ProgramData\\Anaconda3\\lib\\site-packages\\ScopeFoundry\\measurement.py", line 273, in _on_display_update_timer\n    self.update_display()\n', '  File "C:\\LabPrograms\\Python\\DAQ_Laser_Camera\\PROCHIP_Measurement_cell_detection.py", line 242, in update_display\n    self.im.draw_contours_on_image(self.im.img8bit0)\n', '  File "C:\\LabPrograms\\Python\\DAQ_Laser_Camera\\image_data.py", line 85, in draw_contours_on_image\n    for indx, val in enumerate(cx):\n', "NameError: name 'cx' is not defined\n"]
2020-07-23T18:19:31|ERROR|PROCHIP_Measurement|PROCHIP_Measurement Failed to update figure1: name 'cx' is not defined. ['Traceback (most recent call last):\n', '  File "C:\\ProgramData\\Anaconda3\\lib\\site-packages\\ScopeFoundry\\measurement.py", line 273, in _on_display_update_timer\n    self.update_display()\n', '  File "C:\\LabPrograms\\Python\\DAQ_Laser_Camera\\PROCHIP_Measurement_cell_detection.py", line 242, in update_display\n    self.im.draw_contours_on_image(self.im.img8bit0)\n', '  File "C:\\LabPrograms\\Python\\DAQ_Laser_Camera\\image_data.py", line 85, in draw_contours_on_image\n    for indx, val in enumerate(cx):\n', "NameError: name 'cx' is not defined\n"]
2020-07-23T18:19:31|ERROR|PROCHIP_Measurement|PROCHIP_Measurement Failed to update figure1: name 'cx' is not defined. ['Traceback (most recent call last):\n', '  File "C:\\ProgramData\\Anaconda3\\lib\\site-packages\\ScopeFoundry\\measurement.py", line 273, in _on_display_update_timer\n    self.update_display()\n', '  File "C:\\LabPrograms\\Python\\DAQ_Laser_Camera\\PROCHIP_Measurement_cell_detection.py", line 242, in update_display\n    self.im.draw_contours_on_image(self.im.img8bit0)\n', '  File "C:\\LabPrograms\\Python\\DAQ_Laser_Camera\\image_data.py", line 85, in draw_contours_on_image\n    for indx, val in enumerate(cx):\n', "NameError: name 'cx' is not defined\n"]
2020-07-23T18:19:31|ERROR|PROCHIP_Measurement|PROCHIP_Measurement Failed to update figure1: name 'cx' is not defined. ['Traceback (most recent call last):\n', '  File "C:\\ProgramData\\Anaconda3\\lib\\site-packages\\ScopeFoundry\\measurement.py", line 273, in _on_display_update_timer\n    self.update_display()\n', '  File "C:\\LabPrograms\\Python\\DAQ_Laser_Camera\\PROCHIP_Measurement_cell_detection.py", line 242, in update_display\n    self.im.draw_contours_on_image(self.im.img8bit0)\n', '  File "C:\\LabPrograms\\Python\\DAQ_Laser_Camera\\image_data.py", line 85, in draw_contours_on_image\n    for indx, val in enumerate(cx):\n', "NameError: name 'cx' is not defined\n"]
2020-07-23T18:19:31|ERROR|PROCHIP_Measurement|PROCHIP_Measurement Failed to update figure1: name 'cx' is not defined. ['Traceback (most recent call last):\n', '  File "C:\\ProgramData\\Anaconda3\\lib\\site-packages\\ScopeFoundry\\measurement.py", line 273, in _on_display_update_timer\n    self.update_display()\n', '  File "C:\\LabPrograms\\Python\\DAQ_Laser_Camera\\PROCHIP_Measurement_cell_detection.py", line 242, in update_display\n    self.im.draw_contours_on_image(self.im.img8bit0)\n', '  File "C:\\LabPrograms\\Python\\DAQ_Laser_Camera\\image_data.py", line 85, in draw_contours_on_image\n    for indx, val in enumerate(cx):\n', "NameError: name 'cx' is not defined\n"]
2020-07-23T18:19:31|ERROR|PROCHIP_Measurement|PROCHIP_Measurement Failed to update figure1: name 'cx' is not defined. ['Traceback (most recent call last):\n', '  File "C:\\ProgramData\\Anaconda3\\lib\\site-packages\\ScopeFoundry\\measurement.py", line 273, in _on_display_update_timer\n    self.update_display()\n', '  File "C:\\LabPrograms\\Python\\DAQ_Laser_Camera\\PROCHIP_Measurement_cell_detection.py", line 242, in update_display\n    self.im.draw_contours_on_image(self.im.img8bit0)\n', '  File "C:\\LabPrograms\\Python\\DAQ_Laser_Camera\\image_data.py", line 85, in draw_contours_on_image\n    for indx, val in enumerate(cx):\n', "NameError: name 'cx' is not defined\n"]
2020-07-23T18:19:31|ERROR|PROCHIP_Measurement|PROCHIP_Measurement Failed to update figure1: name 'cx' is not defined. ['Traceback (most recent call last):\n', '  File "C:\\ProgramData\\Anaconda3\\lib\\site-packages\\ScopeFoundry\\measurement.py", line 273, in _on_display_update_timer\n    self.update_display()\n', '  File "C:\\LabPrograms\\Python\\DAQ_Laser_Camera\\PROCHIP_Measurement_cell_detection.py", line 242, in update_display\n    self.im.draw_contours_on_image(self.im.img8bit0)\n', '  File "C:\\LabPrograms\\Python\\DAQ_Laser_Camera\\image_data.py", line 85, in draw_contours_on_image\n    for indx, val in enumerate(cx):\n', "NameError: name 'cx' is not defined\n"]
2020-07-23T18:19:31|ERROR|PROCHIP_Measurement|PROCHIP_Measurement Failed to update figure1: name 'cx' is not defined. ['Traceback (most recent call last):\n', '  File "C:\\ProgramData\\Anaconda3\\lib\\site-packages\\ScopeFoundry\\measurement.py", line 273, in _on_display_update_timer\n    self.update_display()\n', '  File "C:\\LabPrograms\\Python\\DAQ_Laser_Camera\\PROCHIP_Measurement_cell_detection.py", line 242, in update_display\n    self.im.draw_contours_on_image(self.im.img8bit0)\n', '  File "C:\\LabPrograms\\Python\\DAQ_Laser_Camera\\image_data.py", line 85, in draw_contours_on_image\n    for indx, val in enumerate(cx):\n', "NameError: name 'cx' is not defined\n"]
2020-07-23T18:19:31|ERROR|PROCHIP_Measurement|PROCHIP_Measurement Failed to update figure1: name 'cx' is not defined. ['Traceback (most recent call last):\n', '  File "C:\\ProgramData\\Anaconda3\\lib\\site-packages\\ScopeFoundry\\measurement.py", line 273, in _on_display_update_timer\n    self.update_display()\n', '  File "C:\\LabPrograms\\Python\\DAQ_Laser_Camera\\PROCHIP_Measurement_cell_detection.py", line 242, in update_display\n    self.im.draw_contours_on_image(self.im.img8bit0)\n', '  File "C:\\LabPrograms\\Python\\DAQ_Laser_Camera\\image_data.py", line 85, in draw_contours_on_image\n    for indx, val in enumerate(cx):\n', "NameError: name 'cx' is not defined\n"]
2020-07-23T18:19:31|ERROR|PROCHIP_Measurement|PROCHIP_Measurement Failed to update figure1: name 'cx' is not defined. ['Traceback (most recent call last):\n', '  File "C:\\ProgramData\\Anaconda3\\lib\\site-packages\\ScopeFoundry\\measurement.py", line 273, in _on_display_update_timer\n    self.update_display()\n', '  File "C:\\LabPrograms\\Python\\DAQ_Laser_Camera\\PROCHIP_Measurement_cell_detection.py", line 242, in update_display\n    self.im.draw_contours_on_image(self.im.img8bit0)\n', '  File "C:\\LabPrograms\\Python\\DAQ_Laser_Camera\\image_data.py", line 85, in draw_contours_on_image\n    for indx, val in enumerate(cx):\n', "NameError: name 'cx' is not defined\n"]
2020-07-23T18:19:31|ERROR|PROCHIP_Measurement|PROCHIP_Measurement Failed to update figure1: name 'cx' is not defined. ['Traceback (most recent call last):\n', '  File "C:\\ProgramData\\Anaconda3\\lib\\site-packages\\ScopeFoundry\\measurement.py", line 273, in _on_display_update_timer\n    self.update_display()\n', '  File "C:\\LabPrograms\\Python\\DAQ_Laser_Camera\\PROCHIP_Measurement_cell_detection.py", line 242, in update_display\n    self.im.draw_contours_on_image(self.im.img8bit0)\n', '  File "C:\\LabPrograms\\Python\\DAQ_Laser_Camera\\image_data.py", line 85, in draw_contours_on_image\n    for indx, val in enumerate(cx):\n', "NameError: name 'cx' is not defined\n"]
2020-07-23T18:19:31|ERROR|PROCHIP_Measurement|PROCHIP_Measurement Failed to update figure1: name 'cx' is not defined. ['Traceback (most recent call last):\n', '  File "C:\\ProgramData\\Anaconda3\\lib\\site-packages\\ScopeFoundry\\measurement.py", line 273, in _on_display_update_timer\n    self.update_display()\n', '  File "C:\\LabPrograms\\Python\\DAQ_Laser_Camera\\PROCHIP_Measurement_cell_detection.py", line 242, in update_display\n    self.im.draw_contours_on_image(self.im.img8bit0)\n', '  File "C:\\LabPrograms\\Python\\DAQ_Laser_Camera\\image_data.py", line 85, in draw_contours_on_image\n    for indx, val in enumerate(cx):\n', "NameError: name 'cx' is not defined\n"]
2020-07-23T18:19:31|ERROR|PROCHIP_Measurement|PROCHIP_Measurement Failed to update figure1: name 'cx' is not defined. ['Traceback (most recent call last):\n', '  File "C:\\ProgramData\\Anaconda3\\lib\\site-packages\\ScopeFoundry\\measurement.py", line 273, in _on_display_update_timer\n    self.update_display()\n', '  File "C:\\LabPrograms\\Python\\DAQ_Laser_Camera\\PROCHIP_Measurement_cell_detection.py", line 242, in update_display\n    self.im.draw_contours_on_image(self.im.img8bit0)\n', '  File "C:\\LabPrograms\\Python\\DAQ_Laser_Camera\\image_data.py", line 85, in draw_contours_on_image\n    for indx, val in enumerate(cx):\n', "NameError: name 'cx' is not defined\n"]
2020-07-23T18:19:31|ERROR|PROCHIP_Measurement|PROCHIP_Measurement Failed to update figure1: name 'cx' is not defined. ['Traceback (most recent call last):\n', '  File "C:\\ProgramData\\Anaconda3\\lib\\site-packages\\ScopeFoundry\\measurement.py", line 273, in _on_display_update_timer\n    self.update_display()\n', '  File "C:\\LabPrograms\\Python\\DAQ_Laser_Camera\\PROCHIP_Measurement_cell_detection.py", line 242, in update_display\n    self.im.draw_contours_on_image(self.im.img8bit0)\n', '  File "C:\\LabPrograms\\Python\\DAQ_Laser_Camera\\image_data.py", line 85, in draw_contours_on_image\n    for indx, val in enumerate(cx):\n', "NameError: name 'cx' is not defined\n"]
2020-07-23T18:19:31|ERROR|PROCHIP_Measurement|PROCHIP_Measurement Failed to update figure1: name 'cx' is not defined. ['Traceback (most recent call last):\n', '  File "C:\\ProgramData\\Anaconda3\\lib\\site-packages\\ScopeFoundry\\measurement.py", line 273, in _on_display_update_timer\n    self.update_display()\n', '  File "C:\\LabPrograms\\Python\\DAQ_Laser_Camera\\PROCHIP_Measurement_cell_detection.py", line 242, in update_display\n    self.im.draw_contours_on_image(self.im.img8bit0)\n', '  File "C:\\LabPrograms\\Python\\DAQ_Laser_Camera\\image_data.py", line 85, in draw_contours_on_image\n    for indx, val in enumerate(cx):\n', "NameError: name 'cx' is not defined\n"]
2020-07-23T18:19:31|ERROR|PROCHIP_Measurement|PROCHIP_Measurement Failed to update figure1: name 'cx' is not defined. ['Traceback (most recent call last):\n', '  File "C:\\ProgramData\\Anaconda3\\lib\\site-packages\\ScopeFoundry\\measurement.py", line 273, in _on_display_update_timer\n    self.update_display()\n', '  File "C:\\LabPrograms\\Python\\DAQ_Laser_Camera\\PROCHIP_Measurement_cell_detection.py", line 242, in update_display\n    self.im.draw_contours_on_image(self.im.img8bit0)\n', '  File "C:\\LabPrograms\\Python\\DAQ_Laser_Camera\\image_data.py", line 85, in draw_contours_on_image\n    for indx, val in enumerate(cx):\n', "NameError: name 'cx' is not defined\n"]
2020-07-23T18:19:31|ERROR|PROCHIP_Measurement|PROCHIP_Measurement Failed to update figure1: name 'cx' is not defined. ['Traceback (most recent call last):\n', '  File "C:\\ProgramData\\Anaconda3\\lib\\site-packages\\ScopeFoundry\\measurement.py", line 273, in _on_display_update_timer\n    self.update_display()\n', '  File "C:\\LabPrograms\\Python\\DAQ_Laser_Camera\\PROCHIP_Measurement_cell_detection.py", line 242, in update_display\n    self.im.draw_contours_on_image(self.im.img8bit0)\n', '  File "C:\\LabPrograms\\Python\\DAQ_Laser_Camera\\image_data.py", line 85, in draw_contours_on_image\n    for indx, val in enumerate(cx):\n', "NameError: name 'cx' is not defined\n"]
2020-07-23T18:19:31|ERROR|PROCHIP_Measurement|PROCHIP_Measurement Failed to update figure1: name 'cx' is not defined. ['Traceback (most recent call last):\n', '  File "C:\\ProgramData\\Anaconda3\\lib\\site-packages\\ScopeFoundry\\measurement.py", line 273, in _on_display_update_timer\n    self.update_display()\n', '  File "C:\\LabPrograms\\Python\\DAQ_Laser_Camera\\PROCHIP_Measurement_cell_detection.py", line 242, in update_display\n    self.im.draw_contours_on_image(self.im.img8bit0)\n', '  File "C:\\LabPrograms\\Python\\DAQ_Laser_Camera\\image_data.py", line 85, in draw_contours_on_image\n    for indx, val in enumerate(cx):\n', "NameError: name 'cx' is not defined\n"]
2020-07-23T18:19:31|ERROR|PROCHIP_Measurement|PROCHIP_Measurement Failed to update figure1: name 'cx' is not defined. ['Traceback (most recent call last):\n', '  File "C:\\ProgramData\\Anaconda3\\lib\\site-packages\\ScopeFoundry\\measurement.py", line 273, in _on_display_update_timer\n    self.update_display()\n', '  File "C:\\LabPrograms\\Python\\DAQ_Laser_Camera\\PROCHIP_Measurement_cell_detection.py", line 242, in update_display\n    self.im.draw_contours_on_image(self.im.img8bit0)\n', '  File "C:\\LabPrograms\\Python\\DAQ_Laser_Camera\\image_data.py", line 85, in draw_contours_on_image\n    for indx, val in enumerate(cx):\n', "NameError: name 'cx' is not defined\n"]
2020-07-23T18:19:31|ERROR|PROCHIP_Measurement|PROCHIP_Measurement Failed to update figure1: name 'cx' is not defined. ['Traceback (most recent call last):\n', '  File "C:\\ProgramData\\Anaconda3\\lib\\site-packages\\ScopeFoundry\\measurement.py", line 273, in _on_display_update_timer\n    self.update_display()\n', '  File "C:\\LabPrograms\\Python\\DAQ_Laser_Camera\\PROCHIP_Measurement_cell_detection.py", line 242, in update_display\n    self.im.draw_contours_on_image(self.im.img8bit0)\n', '  File "C:\\LabPrograms\\Python\\DAQ_Laser_Camera\\image_data.py", line 85, in draw_contours_on_image\n    for indx, val in enumerate(cx):\n', "NameError: name 'cx' is not defined\n"]
2020-07-23T18:19:31|ERROR|PROCHIP_Measurement|PROCHIP_Measurement Failed to update figure1: name 'cx' is not defined. ['Traceback (most recent call last):\n', '  File "C:\\ProgramData\\Anaconda3\\lib\\site-packages\\ScopeFoundry\\measurement.py", line 273, in _on_display_update_timer\n    self.update_display()\n', '  File "C:\\LabPrograms\\Python\\DAQ_Laser_Camera\\PROCHIP_Measurement_cell_detection.py", line 242, in update_display\n    self.im.draw_contours_on_image(self.im.img8bit0)\n', '  File "C:\\LabPrograms\\Python\\DAQ_Laser_Camera\\image_data.py", line 85, in draw_contours_on_image\n    for indx, val in enumerate(cx):\n', "NameError: name 'cx' is not defined\n"]
2020-07-23T18:19:31|ERROR|PROCHIP_Measurement|PROCHIP_Measurement Failed to update figure1: name 'cx' is not defined. ['Traceback (most recent call last):\n', '  File "C:\\ProgramData\\Anaconda3\\lib\\site-packages\\ScopeFoundry\\measurement.py", line 273, in _on_display_update_timer\n    self.update_display()\n', '  File "C:\\LabPrograms\\Python\\DAQ_Laser_Camera\\PROCHIP_Measurement_cell_detection.py", line 242, in update_display\n    self.im.draw_contours_on_image(self.im.img8bit0)\n', '  File "C:\\LabPrograms\\Python\\DAQ_Laser_Camera\\image_data.py", line 85, in draw_contours_on_image\n    for indx, val in enumerate(cx):\n', "NameError: name 'cx' is not defined\n"]
2020-07-23T18:19:31|ERROR|PROCHIP_Measurement|PROCHIP_Measurement Failed to update figure1: name 'cx' is not defined. ['Traceback (most recent call last):\n', '  File "C:\\ProgramData\\Anaconda3\\lib\\site-packages\\ScopeFoundry\\measurement.py", line 273, in _on_display_update_timer\n    self.update_display()\n', '  File "C:\\LabPrograms\\Python\\DAQ_Laser_Camera\\PROCHIP_Measurement_cell_detection.py", line 242, in update_display\n    self.im.draw_contours_on_image(self.im.img8bit0)\n', '  File "C:\\LabPrograms\\Python\\DAQ_Laser_Camera\\image_data.py", line 85, in draw_contours_on_image\n    for indx, val in enumerate(cx):\n', "NameError: name 'cx' is not defined\n"]
2020-07-23T18:19:31|ERROR|PROCHIP_Measurement|PROCHIP_Measurement Failed to update figure1: name 'cx' is not defined. ['Traceback (most recent call last):\n', '  File "C:\\ProgramData\\Anaconda3\\lib\\site-packages\\ScopeFoundry\\measurement.py", line 273, in _on_display_update_timer\n    self.update_display()\n', '  File "C:\\LabPrograms\\Python\\DAQ_Laser_Camera\\PROCHIP_Measurement_cell_detection.py", line 242, in update_display\n    self.im.draw_contours_on_image(self.im.img8bit0)\n', '  File "C:\\LabPrograms\\Python\\DAQ_Laser_Camera\\image_data.py", line 85, in draw_contours_on_image\n    for indx, val in enumerate(cx):\n', "NameError: name 'cx' is not defined\n"]
2020-07-23T18:19:31|ERROR|PROCHIP_Measurement|PROCHIP_Measurement Failed to update figure1: name 'cx' is not defined. ['Traceback (most recent call last):\n', '  File "C:\\ProgramData\\Anaconda3\\lib\\site-packages\\ScopeFoundry\\measurement.py", line 273, in _on_display_update_timer\n    self.update_display()\n', '  File "C:\\LabPrograms\\Python\\DAQ_Laser_Camera\\PROCHIP_Measurement_cell_detection.py", line 242, in update_display\n    self.im.draw_contours_on_image(self.im.img8bit0)\n', '  File "C:\\LabPrograms\\Python\\DAQ_Laser_Camera\\image_data.py", line 85, in draw_contours_on_image\n    for indx, val in enumerate(cx):\n', "NameError: name 'cx' is not defined\n"]
2020-07-23T18:19:31|ERROR|PROCHIP_Measurement|PROCHIP_Measurement Failed to update figure1: name 'cx' is not defined. ['Traceback (most recent call last):\n', '  File "C:\\ProgramData\\Anaconda3\\lib\\site-packages\\ScopeFoundry\\measurement.py", line 273, in _on_display_update_timer\n    self.update_display()\n', '  File "C:\\LabPrograms\\Python\\DAQ_Laser_Camera\\PROCHIP_Measurement_cell_detection.py", line 242, in update_display\n    self.im.draw_contours_on_image(self.im.img8bit0)\n', '  File "C:\\LabPrograms\\Python\\DAQ_Laser_Camera\\image_data.py", line 85, in draw_contours_on_image\n    for indx, val in enumerate(cx):\n', "NameError: name 'cx' is not defined\n"]
2020-07-23T18:19:32|ERROR|PROCHIP_Measurement|PROCHIP_Measurement Failed to update figure1: name 'cx' is not defined. ['Traceback (most recent call last):\n', '  File "C:\\ProgramData\\Anaconda3\\lib\\site-packages\\ScopeFoundry\\measurement.py", line 273, in _on_display_update_timer\n    self.update_display()\n', '  File "C:\\LabPrograms\\Python\\DAQ_Laser_Camera\\PROCHIP_Measurement_cell_detection.py", line 242, in update_display\n    self.im.draw_contours_on_image(self.im.img8bit0)\n', '  File "C:\\LabPrograms\\Python\\DAQ_Laser_Camera\\image_data.py", line 85, in draw_contours_on_image\n    for indx, val in enumerate(cx):\n', "NameError: name 'cx' is not defined\n"]
2020-07-23T18:19:32|ERROR|PROCHIP_Measurement|PROCHIP_Measurement Failed to update figure1: name 'cx' is not defined. ['Traceback (most recent call last):\n', '  File "C:\\ProgramData\\Anaconda3\\lib\\site-packages\\ScopeFoundry\\measurement.py", line 273, in _on_display_update_timer\n    self.update_display()\n', '  File "C:\\LabPrograms\\Python\\DAQ_Laser_Camera\\PROCHIP_Measurement_cell_detection.py", line 242, in update_display\n    self.im.draw_contours_on_image(self.im.img8bit0)\n', '  File "C:\\LabPrograms\\Python\\DAQ_Laser_Camera\\image_data.py", line 85, in draw_contours_on_image\n    for indx, val in enumerate(cx):\n', "NameError: name 'cx' is not defined\n"]
2020-07-23T18:19:32|ERROR|PROCHIP_Measurement|PROCHIP_Measurement Failed to update figure1: name 'cx' is not defined. ['Traceback (most recent call last):\n', '  File "C:\\ProgramData\\Anaconda3\\lib\\site-packages\\ScopeFoundry\\measurement.py", line 273, in _on_display_update_timer\n    self.update_display()\n', '  File "C:\\LabPrograms\\Python\\DAQ_Laser_Camera\\PROCHIP_Measurement_cell_detection.py", line 242, in update_display\n    self.im.draw_contours_on_image(self.im.img8bit0)\n', '  File "C:\\LabPrograms\\Python\\DAQ_Laser_Camera\\image_data.py", line 85, in draw_contours_on_image\n    for indx, val in enumerate(cx):\n', "NameError: name 'cx' is not defined\n"]
2020-07-23T18:19:32|ERROR|PROCHIP_Measurement|PROCHIP_Measurement Failed to update figure1: name 'cx' is not defined. ['Traceback (most recent call last):\n', '  File "C:\\ProgramData\\Anaconda3\\lib\\site-packages\\ScopeFoundry\\measurement.py", line 273, in _on_display_update_timer\n    self.update_display()\n', '  File "C:\\LabPrograms\\Python\\DAQ_Laser_Camera\\PROCHIP_Measurement_cell_detection.py", line 242, in update_display\n    self.im.draw_contours_on_image(self.im.img8bit0)\n', '  File "C:\\LabPrograms\\Python\\DAQ_Laser_Camera\\image_data.py", line 85, in draw_contours_on_image\n    for indx, val in enumerate(cx):\n', "NameError: name 'cx' is not defined\n"]
2020-07-23T18:19:32|ERROR|PROCHIP_Measurement|PROCHIP_Measurement Failed to update figure1: name 'cx' is not defined. ['Traceback (most recent call last):\n', '  File "C:\\ProgramData\\Anaconda3\\lib\\site-packages\\ScopeFoundry\\measurement.py", line 273, in _on_display_update_timer\n    self.update_display()\n', '  File "C:\\LabPrograms\\Python\\DAQ_Laser_Camera\\PROCHIP_Measurement_cell_detection.py", line 242, in update_display\n    self.im.draw_contours_on_image(self.im.img8bit0)\n', '  File "C:\\LabPrograms\\Python\\DAQ_Laser_Camera\\image_data.py", line 85, in draw_contours_on_image\n    for indx, val in enumerate(cx):\n', "NameError: name 'cx' is not defined\n"]
2020-07-23T18:19:32|ERROR|PROCHIP_Measurement|PROCHIP_Measurement Failed to update figure1: name 'cx' is not defined. ['Traceback (most recent call last):\n', '  File "C:\\ProgramData\\Anaconda3\\lib\\site-packages\\ScopeFoundry\\measurement.py", line 273, in _on_display_update_timer\n    self.update_display()\n', '  File "C:\\LabPrograms\\Python\\DAQ_Laser_Camera\\PROCHIP_Measurement_cell_detection.py", line 242, in update_display\n    self.im.draw_contours_on_image(self.im.img8bit0)\n', '  File "C:\\LabPrograms\\Python\\DAQ_Laser_Camera\\image_data.py", line 85, in draw_contours_on_image\n    for indx, val in enumerate(cx):\n', "NameError: name 'cx' is not defined\n"]
2020-07-23T18:19:32|ERROR|PROCHIP_Measurement|PROCHIP_Measurement Failed to update figure1: name 'cx' is not defined. ['Traceback (most recent call last):\n', '  File "C:\\ProgramData\\Anaconda3\\lib\\site-packages\\ScopeFoundry\\measurement.py", line 273, in _on_display_update_timer\n    self.update_display()\n', '  File "C:\\LabPrograms\\Python\\DAQ_Laser_Camera\\PROCHIP_Measurement_cell_detection.py", line 242, in update_display\n    self.im.draw_contours_on_image(self.im.img8bit0)\n', '  File "C:\\LabPrograms\\Python\\DAQ_Laser_Camera\\image_data.py", line 85, in draw_contours_on_image\n    for indx, val in enumerate(cx):\n', "NameError: name 'cx' is not defined\n"]
2020-07-23T18:19:32|ERROR|PROCHIP_Measurement|PROCHIP_Measurement Failed to update figure1: name 'cx' is not defined. ['Traceback (most recent call last):\n', '  File "C:\\ProgramData\\Anaconda3\\lib\\site-packages\\ScopeFoundry\\measurement.py", line 273, in _on_display_update_timer\n    self.update_display()\n', '  File "C:\\LabPrograms\\Python\\DAQ_Laser_Camera\\PROCHIP_Measurement_cell_detection.py", line 242, in update_display\n    self.im.draw_contours_on_image(self.im.img8bit0)\n', '  File "C:\\LabPrograms\\Python\\DAQ_Laser_Camera\\image_data.py", line 85, in draw_contours_on_image\n    for indx, val in enumerate(cx):\n', "NameError: name 'cx' is not defined\n"]
2020-07-23T18:19:32|ERROR|PROCHIP_Measurement|PROCHIP_Measurement Failed to update figure1: name 'cx' is not defined. ['Traceback (most recent call last):\n', '  File "C:\\ProgramData\\Anaconda3\\lib\\site-packages\\ScopeFoundry\\measurement.py", line 273, in _on_display_update_timer\n    self.update_display()\n', '  File "C:\\LabPrograms\\Python\\DAQ_Laser_Camera\\PROCHIP_Measurement_cell_detection.py", line 242, in update_display\n    self.im.draw_contours_on_image(self.im.img8bit0)\n', '  File "C:\\LabPrograms\\Python\\DAQ_Laser_Camera\\image_data.py", line 85, in draw_contours_on_image\n    for indx, val in enumerate(cx):\n', "NameError: name 'cx' is not defined\n"]
2020-07-23T18:19:32|ERROR|PROCHIP_Measurement|PROCHIP_Measurement Failed to update figure1: name 'cx' is not defined. ['Traceback (most recent call last):\n', '  File "C:\\ProgramData\\Anaconda3\\lib\\site-packages\\ScopeFoundry\\measurement.py", line 273, in _on_display_update_timer\n    self.update_display()\n', '  File "C:\\LabPrograms\\Python\\DAQ_Laser_Camera\\PROCHIP_Measurement_cell_detection.py", line 242, in update_display\n    self.im.draw_contours_on_image(self.im.img8bit0)\n', '  File "C:\\LabPrograms\\Python\\DAQ_Laser_Camera\\image_data.py", line 85, in draw_contours_on_image\n    for indx, val in enumerate(cx):\n', "NameError: name 'cx' is not defined\n"]
2020-07-23T18:19:32|ERROR|PROCHIP_Measurement|PROCHIP_Measurement Failed to update figure1: name 'cx' is not defined. ['Traceback (most recent call last):\n', '  File "C:\\ProgramData\\Anaconda3\\lib\\site-packages\\ScopeFoundry\\measurement.py", line 273, in _on_display_update_timer\n    self.update_display()\n', '  File "C:\\LabPrograms\\Python\\DAQ_Laser_Camera\\PROCHIP_Measurement_cell_detection.py", line 242, in update_display\n    self.im.draw_contours_on_image(self.im.img8bit0)\n', '  File "C:\\LabPrograms\\Python\\DAQ_Laser_Camera\\image_data.py", line 85, in draw_contours_on_image\n    for indx, val in enumerate(cx):\n', "NameError: name 'cx' is not defined\n"]
2020-07-23T18:19:32|ERROR|PROCHIP_Measurement|PROCHIP_Measurement Failed to update figure1: name 'cx' is not defined. ['Traceback (most recent call last):\n', '  File "C:\\ProgramData\\Anaconda3\\lib\\site-packages\\ScopeFoundry\\measurement.py", line 273, in _on_display_update_timer\n    self.update_display()\n', '  File "C:\\LabPrograms\\Python\\DAQ_Laser_Camera\\PROCHIP_Measurement_cell_detection.py", line 242, in update_display\n    self.im.draw_contours_on_image(self.im.img8bit0)\n', '  File "C:\\LabPrograms\\Python\\DAQ_Laser_Camera\\image_data.py", line 85, in draw_contours_on_image\n    for indx, val in enumerate(cx):\n', "NameError: name 'cx' is not defined\n"]
2020-07-23T18:19:32|ERROR|PROCHIP_Measurement|PROCHIP_Measurement Failed to update figure1: name 'cx' is not defined. ['Traceback (most recent call last):\n', '  File "C:\\ProgramData\\Anaconda3\\lib\\site-packages\\ScopeFoundry\\measurement.py", line 273, in _on_display_update_timer\n    self.update_display()\n', '  File "C:\\LabPrograms\\Python\\DAQ_Laser_Camera\\PROCHIP_Measurement_cell_detection.py", line 242, in update_display\n    self.im.draw_contours_on_image(self.im.img8bit0)\n', '  File "C:\\LabPrograms\\Python\\DAQ_Laser_Camera\\image_data.py", line 85, in draw_contours_on_image\n    for indx, val in enumerate(cx):\n', "NameError: name 'cx' is not defined\n"]
2020-07-23T18:19:32|ERROR|PROCHIP_Measurement|PROCHIP_Measurement Failed to update figure1: name 'cx' is not defined. ['Traceback (most recent call last):\n', '  File "C:\\ProgramData\\Anaconda3\\lib\\site-packages\\ScopeFoundry\\measurement.py", line 273, in _on_display_update_timer\n    self.update_display()\n', '  File "C:\\LabPrograms\\Python\\DAQ_Laser_Camera\\PROCHIP_Measurement_cell_detection.py", line 242, in update_display\n    self.im.draw_contours_on_image(self.im.img8bit0)\n', '  File "C:\\LabPrograms\\Python\\DAQ_Laser_Camera\\image_data.py", line 85, in draw_contours_on_image\n    for indx, val in enumerate(cx):\n', "NameError: name 'cx' is not defined\n"]
2020-07-23T18:19:32|ERROR|PROCHIP_Measurement|PROCHIP_Measurement Failed to update figure1: name 'cx' is not defined. ['Traceback (most recent call last):\n', '  File "C:\\ProgramData\\Anaconda3\\lib\\site-packages\\ScopeFoundry\\measurement.py", line 273, in _on_display_update_timer\n    self.update_display()\n', '  File "C:\\LabPrograms\\Python\\DAQ_Laser_Camera\\PROCHIP_Measurement_cell_detection.py", line 242, in update_display\n    self.im.draw_contours_on_image(self.im.img8bit0)\n', '  File "C:\\LabPrograms\\Python\\DAQ_Laser_Camera\\image_data.py", line 85, in draw_contours_on_image\n    for indx, val in enumerate(cx):\n', "NameError: name 'cx' is not defined\n"]
2020-07-23T18:19:32|ERROR|PROCHIP_Measurement|PROCHIP_Measurement Failed to update figure1: name 'cx' is not defined. ['Traceback (most recent call last):\n', '  File "C:\\ProgramData\\Anaconda3\\lib\\site-packages\\ScopeFoundry\\measurement.py", line 273, in _on_display_update_timer\n    self.update_display()\n', '  File "C:\\LabPrograms\\Python\\DAQ_Laser_Camera\\PROCHIP_Measurement_cell_detection.py", line 242, in update_display\n    self.im.draw_contours_on_image(self.im.img8bit0)\n', '  File "C:\\LabPrograms\\Python\\DAQ_Laser_Camera\\image_data.py", line 85, in draw_contours_on_image\n    for indx, val in enumerate(cx):\n', "NameError: name 'cx' is not defined\n"]
2020-07-23T18:19:32|ERROR|PROCHIP_Measurement|PROCHIP_Measurement Failed to update figure1: name 'cx' is not defined. ['Traceback (most recent call last):\n', '  File "C:\\ProgramData\\Anaconda3\\lib\\site-packages\\ScopeFoundry\\measurement.py", line 273, in _on_display_update_timer\n    self.update_display()\n', '  File "C:\\LabPrograms\\Python\\DAQ_Laser_Camera\\PROCHIP_Measurement_cell_detection.py", line 242, in update_display\n    self.im.draw_contours_on_image(self.im.img8bit0)\n', '  File "C:\\LabPrograms\\Python\\DAQ_Laser_Camera\\image_data.py", line 85, in draw_contours_on_image\n    for indx, val in enumerate(cx):\n', "NameError: name 'cx' is not defined\n"]
2020-07-23T18:19:32|ERROR|PROCHIP_Measurement|PROCHIP_Measurement Failed to update figure1: name 'cx' is not defined. ['Traceback (most recent call last):\n', '  File "C:\\ProgramData\\Anaconda3\\lib\\site-packages\\ScopeFoundry\\measurement.py", line 273, in _on_display_update_timer\n    self.update_display()\n', '  File "C:\\LabPrograms\\Python\\DAQ_Laser_Camera\\PROCHIP_Measurement_cell_detection.py", line 242, in update_display\n    self.im.draw_contours_on_image(self.im.img8bit0)\n', '  File "C:\\LabPrograms\\Python\\DAQ_Laser_Camera\\image_data.py", line 85, in draw_contours_on_image\n    for indx, val in enumerate(cx):\n', "NameError: name 'cx' is not defined\n"]
2020-07-23T18:19:32|ERROR|PROCHIP_Measurement|PROCHIP_Measurement Failed to update figure1: name 'cx' is not defined. ['Traceback (most recent call last):\n', '  File "C:\\ProgramData\\Anaconda3\\lib\\site-packages\\ScopeFoundry\\measurement.py", line 273, in _on_display_update_timer\n    self.update_display()\n', '  File "C:\\LabPrograms\\Python\\DAQ_Laser_Camera\\PROCHIP_Measurement_cell_detection.py", line 242, in update_display\n    self.im.draw_contours_on_image(self.im.img8bit0)\n', '  File "C:\\LabPrograms\\Python\\DAQ_Laser_Camera\\image_data.py", line 85, in draw_contours_on_image\n    for indx, val in enumerate(cx):\n', "NameError: name 'cx' is not defined\n"]
2020-07-23T18:19:32|ERROR|PROCHIP_Measurement|PROCHIP_Measurement Failed to update figure1: name 'cx' is not defined. ['Traceback (most recent call last):\n', '  File "C:\\ProgramData\\Anaconda3\\lib\\site-packages\\ScopeFoundry\\measurement.py", line 273, in _on_display_update_timer\n    self.update_display()\n', '  File "C:\\LabPrograms\\Python\\DAQ_Laser_Camera\\PROCHIP_Measurement_cell_detection.py", line 242, in update_display\n    self.im.draw_contours_on_image(self.im.img8bit0)\n', '  File "C:\\LabPrograms\\Python\\DAQ_Laser_Camera\\image_data.py", line 85, in draw_contours_on_image\n    for indx, val in enumerate(cx):\n', "NameError: name 'cx' is not defined\n"]
2020-07-23T18:19:32|ERROR|PROCHIP_Measurement|PROCHIP_Measurement Failed to update figure1: name 'cx' is not defined. ['Traceback (most recent call last):\n', '  File "C:\\ProgramData\\Anaconda3\\lib\\site-packages\\ScopeFoundry\\measurement.py", line 273, in _on_display_update_timer\n    self.update_display()\n', '  File "C:\\LabPrograms\\Python\\DAQ_Laser_Camera\\PROCHIP_Measurement_cell_detection.py", line 242, in update_display\n    self.im.draw_contours_on_image(self.im.img8bit0)\n', '  File "C:\\LabPrograms\\Python\\DAQ_Laser_Camera\\image_data.py", line 85, in draw_contours_on_image\n    for indx, val in enumerate(cx):\n', "NameError: name 'cx' is not defined\n"]
2020-07-23T18:19:32|ERROR|PROCHIP_Measurement|PROCHIP_Measurement Failed to update figure1: name 'cx' is not defined. ['Traceback (most recent call last):\n', '  File "C:\\ProgramData\\Anaconda3\\lib\\site-packages\\ScopeFoundry\\measurement.py", line 273, in _on_display_update_timer\n    self.update_display()\n', '  File "C:\\LabPrograms\\Python\\DAQ_Laser_Camera\\PROCHIP_Measurement_cell_detection.py", line 242, in update_display\n    self.im.draw_contours_on_image(self.im.img8bit0)\n', '  File "C:\\LabPrograms\\Python\\DAQ_Laser_Camera\\image_data.py", line 85, in draw_contours_on_image\n    for indx, val in enumerate(cx):\n', "NameError: name 'cx' is not defined\n"]
2020-07-23T18:19:32|ERROR|PROCHIP_Measurement|PROCHIP_Measurement Failed to update figure1: name 'cx' is not defined. ['Traceback (most recent call last):\n', '  File "C:\\ProgramData\\Anaconda3\\lib\\site-packages\\ScopeFoundry\\measurement.py", line 273, in _on_display_update_timer\n    self.update_display()\n', '  File "C:\\LabPrograms\\Python\\DAQ_Laser_Camera\\PROCHIP_Measurement_cell_detection.py", line 242, in update_display\n    self.im.draw_contours_on_image(self.im.img8bit0)\n', '  File "C:\\LabPrograms\\Python\\DAQ_Laser_Camera\\image_data.py", line 85, in draw_contours_on_image\n    for indx, val in enumerate(cx):\n', "NameError: name 'cx' is not defined\n"]
2020-07-23T18:19:32|ERROR|PROCHIP_Measurement|PROCHIP_Measurement Failed to update figure1: name 'cx' is not defined. ['Traceback (most recent call last):\n', '  File "C:\\ProgramData\\Anaconda3\\lib\\site-packages\\ScopeFoundry\\measurement.py", line 273, in _on_display_update_timer\n    self.update_display()\n', '  File "C:\\LabPrograms\\Python\\DAQ_Laser_Camera\\PROCHIP_Measurement_cell_detection.py", line 242, in update_display\n    self.im.draw_contours_on_image(self.im.img8bit0)\n', '  File "C:\\LabPrograms\\Python\\DAQ_Laser_Camera\\image_data.py", line 85, in draw_contours_on_image\n    for indx, val in enumerate(cx):\n', "NameError: name 'cx' is not defined\n"]
2020-07-23T18:19:32|ERROR|PROCHIP_Measurement|PROCHIP_Measurement Failed to update figure1: name 'cx' is not defined. ['Traceback (most recent call last):\n', '  File "C:\\ProgramData\\Anaconda3\\lib\\site-packages\\ScopeFoundry\\measurement.py", line 273, in _on_display_update_timer\n    self.update_display()\n', '  File "C:\\LabPrograms\\Python\\DAQ_Laser_Camera\\PROCHIP_Measurement_cell_detection.py", line 242, in update_display\n    self.im.draw_contours_on_image(self.im.img8bit0)\n', '  File "C:\\LabPrograms\\Python\\DAQ_Laser_Camera\\image_data.py", line 85, in draw_contours_on_image\n    for indx, val in enumerate(cx):\n', "NameError: name 'cx' is not defined\n"]
2020-07-23T18:19:32|ERROR|PROCHIP_Measurement|PROCHIP_Measurement Failed to update figure1: name 'cx' is not defined. ['Traceback (most recent call last):\n', '  File "C:\\ProgramData\\Anaconda3\\lib\\site-packages\\ScopeFoundry\\measurement.py", line 273, in _on_display_update_timer\n    self.update_display()\n', '  File "C:\\LabPrograms\\Python\\DAQ_Laser_Camera\\PROCHIP_Measurement_cell_detection.py", line 242, in update_display\n    self.im.draw_contours_on_image(self.im.img8bit0)\n', '  File "C:\\LabPrograms\\Python\\DAQ_Laser_Camera\\image_data.py", line 85, in draw_contours_on_image\n    for indx, val in enumerate(cx):\n', "NameError: name 'cx' is not defined\n"]
2020-07-23T18:19:32|ERROR|PROCHIP_Measurement|PROCHIP_Measurement Failed to update figure1: name 'cx' is not defined. ['Traceback (most recent call last):\n', '  File "C:\\ProgramData\\Anaconda3\\lib\\site-packages\\ScopeFoundry\\measurement.py", line 273, in _on_display_update_timer\n    self.update_display()\n', '  File "C:\\LabPrograms\\Python\\DAQ_Laser_Camera\\PROCHIP_Measurement_cell_detection.py", line 242, in update_display\n    self.im.draw_contours_on_image(self.im.img8bit0)\n', '  File "C:\\LabPrograms\\Python\\DAQ_Laser_Camera\\image_data.py", line 85, in draw_contours_on_image\n    for indx, val in enumerate(cx):\n', "NameError: name 'cx' is not defined\n"]
2020-07-23T18:19:32|ERROR|PROCHIP_Measurement|PROCHIP_Measurement Failed to update figure1: name 'cx' is not defined. ['Traceback (most recent call last):\n', '  File "C:\\ProgramData\\Anaconda3\\lib\\site-packages\\ScopeFoundry\\measurement.py", line 273, in _on_display_update_timer\n    self.update_display()\n', '  File "C:\\LabPrograms\\Python\\DAQ_Laser_Camera\\PROCHIP_Measurement_cell_detection.py", line 242, in update_display\n    self.im.draw_contours_on_image(self.im.img8bit0)\n', '  File "C:\\LabPrograms\\Python\\DAQ_Laser_Camera\\image_data.py", line 85, in draw_contours_on_image\n    for indx, val in enumerate(cx):\n', "NameError: name 'cx' is not defined\n"]
2020-07-23T18:19:32|ERROR|PROCHIP_Measurement|PROCHIP_Measurement Failed to update figure1: name 'cx' is not defined. ['Traceback (most recent call last):\n', '  File "C:\\ProgramData\\Anaconda3\\lib\\site-packages\\ScopeFoundry\\measurement.py", line 273, in _on_display_update_timer\n    self.update_display()\n', '  File "C:\\LabPrograms\\Python\\DAQ_Laser_Camera\\PROCHIP_Measurement_cell_detection.py", line 242, in update_display\n    self.im.draw_contours_on_image(self.im.img8bit0)\n', '  File "C:\\LabPrograms\\Python\\DAQ_Laser_Camera\\image_data.py", line 85, in draw_contours_on_image\n    for indx, val in enumerate(cx):\n', "NameError: name 'cx' is not defined\n"]
2020-07-23T18:19:32|ERROR|PROCHIP_Measurement|PROCHIP_Measurement Failed to update figure1: name 'cx' is not defined. ['Traceback (most recent call last):\n', '  File "C:\\ProgramData\\Anaconda3\\lib\\site-packages\\ScopeFoundry\\measurement.py", line 273, in _on_display_update_timer\n    self.update_display()\n', '  File "C:\\LabPrograms\\Python\\DAQ_Laser_Camera\\PROCHIP_Measurement_cell_detection.py", line 242, in update_display\n    self.im.draw_contours_on_image(self.im.img8bit0)\n', '  File "C:\\LabPrograms\\Python\\DAQ_Laser_Camera\\image_data.py", line 85, in draw_contours_on_image\n    for indx, val in enumerate(cx):\n', "NameError: name 'cx' is not defined\n"]
2020-07-23T18:19:32|ERROR|PROCHIP_Measurement|PROCHIP_Measurement Failed to update figure1: name 'cx' is not defined. ['Traceback (most recent call last):\n', '  File "C:\\ProgramData\\Anaconda3\\lib\\site-packages\\ScopeFoundry\\measurement.py", line 273, in _on_display_update_timer\n    self.update_display()\n', '  File "C:\\LabPrograms\\Python\\DAQ_Laser_Camera\\PROCHIP_Measurement_cell_detection.py", line 242, in update_display\n    self.im.draw_contours_on_image(self.im.img8bit0)\n', '  File "C:\\LabPrograms\\Python\\DAQ_Laser_Camera\\image_data.py", line 85, in draw_contours_on_image\n    for indx, val in enumerate(cx):\n', "NameError: name 'cx' is not defined\n"]
2020-07-23T18:19:32|ERROR|PROCHIP_Measurement|PROCHIP_Measurement Failed to update figure1: name 'cx' is not defined. ['Traceback (most recent call last):\n', '  File "C:\\ProgramData\\Anaconda3\\lib\\site-packages\\ScopeFoundry\\measurement.py", line 273, in _on_display_update_timer\n    self.update_display()\n', '  File "C:\\LabPrograms\\Python\\DAQ_Laser_Camera\\PROCHIP_Measurement_cell_detection.py", line 242, in update_display\n    self.im.draw_contours_on_image(self.im.img8bit0)\n', '  File "C:\\LabPrograms\\Python\\DAQ_Laser_Camera\\image_data.py", line 85, in draw_contours_on_image\n    for indx, val in enumerate(cx):\n', "NameError: name 'cx' is not defined\n"]
2020-07-23T18:19:33|ERROR|PROCHIP_Measurement|PROCHIP_Measurement Failed to update figure1: name 'cx' is not defined. ['Traceback (most recent call last):\n', '  File "C:\\ProgramData\\Anaconda3\\lib\\site-packages\\ScopeFoundry\\measurement.py", line 273, in _on_display_update_timer\n    self.update_display()\n', '  File "C:\\LabPrograms\\Python\\DAQ_Laser_Camera\\PROCHIP_Measurement_cell_detection.py", line 242, in update_display\n    self.im.draw_contours_on_image(self.im.img8bit0)\n', '  File "C:\\LabPrograms\\Python\\DAQ_Laser_Camera\\image_data.py", line 85, in draw_contours_on_image\n    for indx, val in enumerate(cx):\n', "NameError: name 'cx' is not defined\n"]
2020-07-23T18:19:33|ERROR|PROCHIP_Measurement|PROCHIP_Measurement Failed to update figure1: name 'cx' is not defined. ['Traceback (most recent call last):\n', '  File "C:\\ProgramData\\Anaconda3\\lib\\site-packages\\ScopeFoundry\\measurement.py", line 273, in _on_display_update_timer\n    self.update_display()\n', '  File "C:\\LabPrograms\\Python\\DAQ_Laser_Camera\\PROCHIP_Measurement_cell_detection.py", line 242, in update_display\n    self.im.draw_contours_on_image(self.im.img8bit0)\n', '  File "C:\\LabPrograms\\Python\\DAQ_Laser_Camera\\image_data.py", line 85, in draw_contours_on_image\n    for indx, val in enumerate(cx):\n', "NameError: name 'cx' is not defined\n"]
2020-07-23T18:19:33|ERROR|PROCHIP_Measurement|PROCHIP_Measurement Failed to update figure1: name 'cx' is not defined. ['Traceback (most recent call last):\n', '  File "C:\\ProgramData\\Anaconda3\\lib\\site-packages\\ScopeFoundry\\measurement.py", line 273, in _on_display_update_timer\n    self.update_display()\n', '  File "C:\\LabPrograms\\Python\\DAQ_Laser_Camera\\PROCHIP_Measurement_cell_detection.py", line 242, in update_display\n    self.im.draw_contours_on_image(self.im.img8bit0)\n', '  File "C:\\LabPrograms\\Python\\DAQ_Laser_Camera\\image_data.py", line 85, in draw_contours_on_image\n    for indx, val in enumerate(cx):\n', "NameError: name 'cx' is not defined\n"]
2020-07-23T18:19:33|ERROR|PROCHIP_Measurement|PROCHIP_Measurement Failed to update figure1: name 'cx' is not defined. ['Traceback (most recent call last):\n', '  File "C:\\ProgramData\\Anaconda3\\lib\\site-packages\\ScopeFoundry\\measurement.py", line 273, in _on_display_update_timer\n    self.update_display()\n', '  File "C:\\LabPrograms\\Python\\DAQ_Laser_Camera\\PROCHIP_Measurement_cell_detection.py", line 242, in update_display\n    self.im.draw_contours_on_image(self.im.img8bit0)\n', '  File "C:\\LabPrograms\\Python\\DAQ_Laser_Camera\\image_data.py", line 85, in draw_contours_on_image\n    for indx, val in enumerate(cx):\n', "NameError: name 'cx' is not defined\n"]
2020-07-23T18:19:33|ERROR|PROCHIP_Measurement|PROCHIP_Measurement Failed to update figure1: name 'cx' is not defined. ['Traceback (most recent call last):\n', '  File "C:\\ProgramData\\Anaconda3\\lib\\site-packages\\ScopeFoundry\\measurement.py", line 273, in _on_display_update_timer\n    self.update_display()\n', '  File "C:\\LabPrograms\\Python\\DAQ_Laser_Camera\\PROCHIP_Measurement_cell_detection.py", line 242, in update_display\n    self.im.draw_contours_on_image(self.im.img8bit0)\n', '  File "C:\\LabPrograms\\Python\\DAQ_Laser_Camera\\image_data.py", line 85, in draw_contours_on_image\n    for indx, val in enumerate(cx):\n', "NameError: name 'cx' is not defined\n"]
2020-07-23T18:19:33|ERROR|PROCHIP_Measurement|PROCHIP_Measurement Failed to update figure1: name 'cx' is not defined. ['Traceback (most recent call last):\n', '  File "C:\\ProgramData\\Anaconda3\\lib\\site-packages\\ScopeFoundry\\measurement.py", line 273, in _on_display_update_timer\n    self.update_display()\n', '  File "C:\\LabPrograms\\Python\\DAQ_Laser_Camera\\PROCHIP_Measurement_cell_detection.py", line 242, in update_display\n    self.im.draw_contours_on_image(self.im.img8bit0)\n', '  File "C:\\LabPrograms\\Python\\DAQ_Laser_Camera\\image_data.py", line 85, in draw_contours_on_image\n    for indx, val in enumerate(cx):\n', "NameError: name 'cx' is not defined\n"]
2020-07-23T18:19:33|ERROR|PROCHIP_Measurement|PROCHIP_Measurement Failed to update figure1: name 'cx' is not defined. ['Traceback (most recent call last):\n', '  File "C:\\ProgramData\\Anaconda3\\lib\\site-packages\\ScopeFoundry\\measurement.py", line 273, in _on_display_update_timer\n    self.update_display()\n', '  File "C:\\LabPrograms\\Python\\DAQ_Laser_Camera\\PROCHIP_Measurement_cell_detection.py", line 242, in update_display\n    self.im.draw_contours_on_image(self.im.img8bit0)\n', '  File "C:\\LabPrograms\\Python\\DAQ_Laser_Camera\\image_data.py", line 85, in draw_contours_on_image\n    for indx, val in enumerate(cx):\n', "NameError: name 'cx' is not defined\n"]
2020-07-23T18:19:33|ERROR|PROCHIP_Measurement|PROCHIP_Measurement Failed to update figure1: name 'cx' is not defined. ['Traceback (most recent call last):\n', '  File "C:\\ProgramData\\Anaconda3\\lib\\site-packages\\ScopeFoundry\\measurement.py", line 273, in _on_display_update_timer\n    self.update_display()\n', '  File "C:\\LabPrograms\\Python\\DAQ_Laser_Camera\\PROCHIP_Measurement_cell_detection.py", line 242, in update_display\n    self.im.draw_contours_on_image(self.im.img8bit0)\n', '  File "C:\\LabPrograms\\Python\\DAQ_Laser_Camera\\image_data.py", line 85, in draw_contours_on_image\n    for indx, val in enumerate(cx):\n', "NameError: name 'cx' is not defined\n"]
2020-07-23T18:19:33|ERROR|PROCHIP_Measurement|PROCHIP_Measurement Failed to update figure1: name 'cx' is not defined. ['Traceback (most recent call last):\n', '  File "C:\\ProgramData\\Anaconda3\\lib\\site-packages\\ScopeFoundry\\measurement.py", line 273, in _on_display_update_timer\n    self.update_display()\n', '  File "C:\\LabPrograms\\Python\\DAQ_Laser_Camera\\PROCHIP_Measurement_cell_detection.py", line 242, in update_display\n    self.im.draw_contours_on_image(self.im.img8bit0)\n', '  File "C:\\LabPrograms\\Python\\DAQ_Laser_Camera\\image_data.py", line 85, in draw_contours_on_image\n    for indx, val in enumerate(cx):\n', "NameError: name 'cx' is not defined\n"]
2020-07-23T18:19:33|ERROR|PROCHIP_Measurement|PROCHIP_Measurement Failed to update figure1: name 'cx' is not defined. ['Traceback (most recent call last):\n', '  File "C:\\ProgramData\\Anaconda3\\lib\\site-packages\\ScopeFoundry\\measurement.py", line 273, in _on_display_update_timer\n    self.update_display()\n', '  File "C:\\LabPrograms\\Python\\DAQ_Laser_Camera\\PROCHIP_Measurement_cell_detection.py", line 242, in update_display\n    self.im.draw_contours_on_image(self.im.img8bit0)\n', '  File "C:\\LabPrograms\\Python\\DAQ_Laser_Camera\\image_data.py", line 85, in draw_contours_on_image\n    for indx, val in enumerate(cx):\n', "NameError: name 'cx' is not defined\n"]
2020-07-23T18:19:33|ERROR|PROCHIP_Measurement|PROCHIP_Measurement Failed to update figure1: name 'cx' is not defined. ['Traceback (most recent call last):\n', '  File "C:\\ProgramData\\Anaconda3\\lib\\site-packages\\ScopeFoundry\\measurement.py", line 273, in _on_display_update_timer\n    self.update_display()\n', '  File "C:\\LabPrograms\\Python\\DAQ_Laser_Camera\\PROCHIP_Measurement_cell_detection.py", line 242, in update_display\n    self.im.draw_contours_on_image(self.im.img8bit0)\n', '  File "C:\\LabPrograms\\Python\\DAQ_Laser_Camera\\image_data.py", line 85, in draw_contours_on_image\n    for indx, val in enumerate(cx):\n', "NameError: name 'cx' is not defined\n"]
2020-07-23T18:19:33|ERROR|PROCHIP_Measurement|PROCHIP_Measurement Failed to update figure1: name 'cx' is not defined. ['Traceback (most recent call last):\n', '  File "C:\\ProgramData\\Anaconda3\\lib\\site-packages\\ScopeFoundry\\measurement.py", line 273, in _on_display_update_timer\n    self.update_display()\n', '  File "C:\\LabPrograms\\Python\\DAQ_Laser_Camera\\PROCHIP_Measurement_cell_detection.py", line 242, in update_display\n    self.im.draw_contours_on_image(self.im.img8bit0)\n', '  File "C:\\LabPrograms\\Python\\DAQ_Laser_Camera\\image_data.py", line 85, in draw_contours_on_image\n    for indx, val in enumerate(cx):\n', "NameError: name 'cx' is not defined\n"]
2020-07-23T18:19:33|ERROR|PROCHIP_Measurement|PROCHIP_Measurement Failed to update figure1: name 'cx' is not defined. ['Traceback (most recent call last):\n', '  File "C:\\ProgramData\\Anaconda3\\lib\\site-packages\\ScopeFoundry\\measurement.py", line 273, in _on_display_update_timer\n    self.update_display()\n', '  File "C:\\LabPrograms\\Python\\DAQ_Laser_Camera\\PROCHIP_Measurement_cell_detection.py", line 242, in update_display\n    self.im.draw_contours_on_image(self.im.img8bit0)\n', '  File "C:\\LabPrograms\\Python\\DAQ_Laser_Camera\\image_data.py", line 85, in draw_contours_on_image\n    for indx, val in enumerate(cx):\n', "NameError: name 'cx' is not defined\n"]
2020-07-23T18:19:33|ERROR|PROCHIP_Measurement|PROCHIP_Measurement Failed to update figure1: name 'cx' is not defined. ['Traceback (most recent call last):\n', '  File "C:\\ProgramData\\Anaconda3\\lib\\site-packages\\ScopeFoundry\\measurement.py", line 273, in _on_display_update_timer\n    self.update_display()\n', '  File "C:\\LabPrograms\\Python\\DAQ_Laser_Camera\\PROCHIP_Measurement_cell_detection.py", line 242, in update_display\n    self.im.draw_contours_on_image(self.im.img8bit0)\n', '  File "C:\\LabPrograms\\Python\\DAQ_Laser_Camera\\image_data.py", line 85, in draw_contours_on_image\n    for indx, val in enumerate(cx):\n', "NameError: name 'cx' is not defined\n"]
2020-07-23T18:19:33|ERROR|PROCHIP_Measurement|PROCHIP_Measurement Failed to update figure1: name 'cx' is not defined. ['Traceback (most recent call last):\n', '  File "C:\\ProgramData\\Anaconda3\\lib\\site-packages\\ScopeFoundry\\measurement.py", line 273, in _on_display_update_timer\n    self.update_display()\n', '  File "C:\\LabPrograms\\Python\\DAQ_Laser_Camera\\PROCHIP_Measurement_cell_detection.py", line 242, in update_display\n    self.im.draw_contours_on_image(self.im.img8bit0)\n', '  File "C:\\LabPrograms\\Python\\DAQ_Laser_Camera\\image_data.py", line 85, in draw_contours_on_image\n    for indx, val in enumerate(cx):\n', "NameError: name 'cx' is not defined\n"]
2020-07-23T18:19:33|ERROR|PROCHIP_Measurement|PROCHIP_Measurement Failed to update figure1: name 'cx' is not defined. ['Traceback (most recent call last):\n', '  File "C:\\ProgramData\\Anaconda3\\lib\\site-packages\\ScopeFoundry\\measurement.py", line 273, in _on_display_update_timer\n    self.update_display()\n', '  File "C:\\LabPrograms\\Python\\DAQ_Laser_Camera\\PROCHIP_Measurement_cell_detection.py", line 242, in update_display\n    self.im.draw_contours_on_image(self.im.img8bit0)\n', '  File "C:\\LabPrograms\\Python\\DAQ_Laser_Camera\\image_data.py", line 85, in draw_contours_on_image\n    for indx, val in enumerate(cx):\n', "NameError: name 'cx' is not defined\n"]
2020-07-23T18:19:33|ERROR|PROCHIP_Measurement|PROCHIP_Measurement Failed to update figure1: name 'cx' is not defined. ['Traceback (most recent call last):\n', '  File "C:\\ProgramData\\Anaconda3\\lib\\site-packages\\ScopeFoundry\\measurement.py", line 273, in _on_display_update_timer\n    self.update_display()\n', '  File "C:\\LabPrograms\\Python\\DAQ_Laser_Camera\\PROCHIP_Measurement_cell_detection.py", line 242, in update_display\n    self.im.draw_contours_on_image(self.im.img8bit0)\n', '  File "C:\\LabPrograms\\Python\\DAQ_Laser_Camera\\image_data.py", line 85, in draw_contours_on_image\n    for indx, val in enumerate(cx):\n', "NameError: name 'cx' is not defined\n"]
2020-07-23T18:19:33|ERROR|PROCHIP_Measurement|PROCHIP_Measurement Failed to update figure1: name 'cx' is not defined. ['Traceback (most recent call last):\n', '  File "C:\\ProgramData\\Anaconda3\\lib\\site-packages\\ScopeFoundry\\measurement.py", line 273, in _on_display_update_timer\n    self.update_display()\n', '  File "C:\\LabPrograms\\Python\\DAQ_Laser_Camera\\PROCHIP_Measurement_cell_detection.py", line 242, in update_display\n    self.im.draw_contours_on_image(self.im.img8bit0)\n', '  File "C:\\LabPrograms\\Python\\DAQ_Laser_Camera\\image_data.py", line 85, in draw_contours_on_image\n    for indx, val in enumerate(cx):\n', "NameError: name 'cx' is not defined\n"]
2020-07-23T18:19:33|ERROR|PROCHIP_Measurement|PROCHIP_Measurement Failed to update figure1: name 'cx' is not defined. ['Traceback (most recent call last):\n', '  File "C:\\ProgramData\\Anaconda3\\lib\\site-packages\\ScopeFoundry\\measurement.py", line 273, in _on_display_update_timer\n    self.update_display()\n', '  File "C:\\LabPrograms\\Python\\DAQ_Laser_Camera\\PROCHIP_Measurement_cell_detection.py", line 242, in update_display\n    self.im.draw_contours_on_image(self.im.img8bit0)\n', '  File "C:\\LabPrograms\\Python\\DAQ_Laser_Camera\\image_data.py", line 85, in draw_contours_on_image\n    for indx, val in enumerate(cx):\n', "NameError: name 'cx' is not defined\n"]
2020-07-23T18:19:33|ERROR|PROCHIP_Measurement|PROCHIP_Measurement Failed to update figure1: name 'cx' is not defined. ['Traceback (most recent call last):\n', '  File "C:\\ProgramData\\Anaconda3\\lib\\site-packages\\ScopeFoundry\\measurement.py", line 273, in _on_display_update_timer\n    self.update_display()\n', '  File "C:\\LabPrograms\\Python\\DAQ_Laser_Camera\\PROCHIP_Measurement_cell_detection.py", line 242, in update_display\n    self.im.draw_contours_on_image(self.im.img8bit0)\n', '  File "C:\\LabPrograms\\Python\\DAQ_Laser_Camera\\image_data.py", line 85, in draw_contours_on_image\n    for indx, val in enumerate(cx):\n', "NameError: name 'cx' is not defined\n"]
2020-07-23T18:19:33|ERROR|PROCHIP_Measurement|PROCHIP_Measurement Failed to update figure1: name 'cx' is not defined. ['Traceback (most recent call last):\n', '  File "C:\\ProgramData\\Anaconda3\\lib\\site-packages\\ScopeFoundry\\measurement.py", line 273, in _on_display_update_timer\n    self.update_display()\n', '  File "C:\\LabPrograms\\Python\\DAQ_Laser_Camera\\PROCHIP_Measurement_cell_detection.py", line 242, in update_display\n    self.im.draw_contours_on_image(self.im.img8bit0)\n', '  File "C:\\LabPrograms\\Python\\DAQ_Laser_Camera\\image_data.py", line 85, in draw_contours_on_image\n    for indx, val in enumerate(cx):\n', "NameError: name 'cx' is not defined\n"]
2020-07-23T18:19:33|ERROR|PROCHIP_Measurement|PROCHIP_Measurement Failed to update figure1: name 'cx' is not defined. ['Traceback (most recent call last):\n', '  File "C:\\ProgramData\\Anaconda3\\lib\\site-packages\\ScopeFoundry\\measurement.py", line 273, in _on_display_update_timer\n    self.update_display()\n', '  File "C:\\LabPrograms\\Python\\DAQ_Laser_Camera\\PROCHIP_Measurement_cell_detection.py", line 242, in update_display\n    self.im.draw_contours_on_image(self.im.img8bit0)\n', '  File "C:\\LabPrograms\\Python\\DAQ_Laser_Camera\\image_data.py", line 85, in draw_contours_on_image\n    for indx, val in enumerate(cx):\n', "NameError: name 'cx' is not defined\n"]
2020-07-23T18:19:33|ERROR|PROCHIP_Measurement|PROCHIP_Measurement Failed to update figure1: name 'cx' is not defined. ['Traceback (most recent call last):\n', '  File "C:\\ProgramData\\Anaconda3\\lib\\site-packages\\ScopeFoundry\\measurement.py", line 273, in _on_display_update_timer\n    self.update_display()\n', '  File "C:\\LabPrograms\\Python\\DAQ_Laser_Camera\\PROCHIP_Measurement_cell_detection.py", line 242, in update_display\n    self.im.draw_contours_on_image(self.im.img8bit0)\n', '  File "C:\\LabPrograms\\Python\\DAQ_Laser_Camera\\image_data.py", line 85, in draw_contours_on_image\n    for indx, val in enumerate(cx):\n', "NameError: name 'cx' is not defined\n"]
2020-07-23T18:19:33|ERROR|PROCHIP_Measurement|PROCHIP_Measurement Failed to update figure1: name 'cx' is not defined. ['Traceback (most recent call last):\n', '  File "C:\\ProgramData\\Anaconda3\\lib\\site-packages\\ScopeFoundry\\measurement.py", line 273, in _on_display_update_timer\n    self.update_display()\n', '  File "C:\\LabPrograms\\Python\\DAQ_Laser_Camera\\PROCHIP_Measurement_cell_detection.py", line 242, in update_display\n    self.im.draw_contours_on_image(self.im.img8bit0)\n', '  File "C:\\LabPrograms\\Python\\DAQ_Laser_Camera\\image_data.py", line 85, in draw_contours_on_image\n    for indx, val in enumerate(cx):\n', "NameError: name 'cx' is not defined\n"]
2020-07-23T18:19:33|ERROR|PROCHIP_Measurement|PROCHIP_Measurement Failed to update figure1: name 'cx' is not defined. ['Traceback (most recent call last):\n', '  File "C:\\ProgramData\\Anaconda3\\lib\\site-packages\\ScopeFoundry\\measurement.py", line 273, in _on_display_update_timer\n    self.update_display()\n', '  File "C:\\LabPrograms\\Python\\DAQ_Laser_Camera\\PROCHIP_Measurement_cell_detection.py", line 242, in update_display\n    self.im.draw_contours_on_image(self.im.img8bit0)\n', '  File "C:\\LabPrograms\\Python\\DAQ_Laser_Camera\\image_data.py", line 85, in draw_contours_on_image\n    for indx, val in enumerate(cx):\n', "NameError: name 'cx' is not defined\n"]
2020-07-23T18:19:33|ERROR|PROCHIP_Measurement|PROCHIP_Measurement Failed to update figure1: name 'cx' is not defined. ['Traceback (most recent call last):\n', '  File "C:\\ProgramData\\Anaconda3\\lib\\site-packages\\ScopeFoundry\\measurement.py", line 273, in _on_display_update_timer\n    self.update_display()\n', '  File "C:\\LabPrograms\\Python\\DAQ_Laser_Camera\\PROCHIP_Measurement_cell_detection.py", line 242, in update_display\n    self.im.draw_contours_on_image(self.im.img8bit0)\n', '  File "C:\\LabPrograms\\Python\\DAQ_Laser_Camera\\image_data.py", line 85, in draw_contours_on_image\n    for indx, val in enumerate(cx):\n', "NameError: name 'cx' is not defined\n"]
2020-07-23T18:19:33|ERROR|PROCHIP_Measurement|PROCHIP_Measurement Failed to update figure1: name 'cx' is not defined. ['Traceback (most recent call last):\n', '  File "C:\\ProgramData\\Anaconda3\\lib\\site-packages\\ScopeFoundry\\measurement.py", line 273, in _on_display_update_timer\n    self.update_display()\n', '  File "C:\\LabPrograms\\Python\\DAQ_Laser_Camera\\PROCHIP_Measurement_cell_detection.py", line 242, in update_display\n    self.im.draw_contours_on_image(self.im.img8bit0)\n', '  File "C:\\LabPrograms\\Python\\DAQ_Laser_Camera\\image_data.py", line 85, in draw_contours_on_image\n    for indx, val in enumerate(cx):\n', "NameError: name 'cx' is not defined\n"]
2020-07-23T18:19:33|ERROR|PROCHIP_Measurement|PROCHIP_Measurement Failed to update figure1: name 'cx' is not defined. ['Traceback (most recent call last):\n', '  File "C:\\ProgramData\\Anaconda3\\lib\\site-packages\\ScopeFoundry\\measurement.py", line 273, in _on_display_update_timer\n    self.update_display()\n', '  File "C:\\LabPrograms\\Python\\DAQ_Laser_Camera\\PROCHIP_Measurement_cell_detection.py", line 242, in update_display\n    self.im.draw_contours_on_image(self.im.img8bit0)\n', '  File "C:\\LabPrograms\\Python\\DAQ_Laser_Camera\\image_data.py", line 85, in draw_contours_on_image\n    for indx, val in enumerate(cx):\n', "NameError: name 'cx' is not defined\n"]
2020-07-23T18:19:33|ERROR|PROCHIP_Measurement|PROCHIP_Measurement Failed to update figure1: name 'cx' is not defined. ['Traceback (most recent call last):\n', '  File "C:\\ProgramData\\Anaconda3\\lib\\site-packages\\ScopeFoundry\\measurement.py", line 273, in _on_display_update_timer\n    self.update_display()\n', '  File "C:\\LabPrograms\\Python\\DAQ_Laser_Camera\\PROCHIP_Measurement_cell_detection.py", line 242, in update_display\n    self.im.draw_contours_on_image(self.im.img8bit0)\n', '  File "C:\\LabPrograms\\Python\\DAQ_Laser_Camera\\image_data.py", line 85, in draw_contours_on_image\n    for indx, val in enumerate(cx):\n', "NameError: name 'cx' is not defined\n"]
2020-07-23T18:19:33|ERROR|PROCHIP_Measurement|PROCHIP_Measurement Failed to update figure1: name 'cx' is not defined. ['Traceback (most recent call last):\n', '  File "C:\\ProgramData\\Anaconda3\\lib\\site-packages\\ScopeFoundry\\measurement.py", line 273, in _on_display_update_timer\n    self.update_display()\n', '  File "C:\\LabPrograms\\Python\\DAQ_Laser_Camera\\PROCHIP_Measurement_cell_detection.py", line 242, in update_display\n    self.im.draw_contours_on_image(self.im.img8bit0)\n', '  File "C:\\LabPrograms\\Python\\DAQ_Laser_Camera\\image_data.py", line 85, in draw_contours_on_image\n    for indx, val in enumerate(cx):\n', "NameError: name 'cx' is not defined\n"]
2020-07-23T18:19:33|ERROR|PROCHIP_Measurement|PROCHIP_Measurement Failed to update figure1: name 'cx' is not defined. ['Traceback (most recent call last):\n', '  File "C:\\ProgramData\\Anaconda3\\lib\\site-packages\\ScopeFoundry\\measurement.py", line 273, in _on_display_update_timer\n    self.update_display()\n', '  File "C:\\LabPrograms\\Python\\DAQ_Laser_Camera\\PROCHIP_Measurement_cell_detection.py", line 242, in update_display\n    self.im.draw_contours_on_image(self.im.img8bit0)\n', '  File "C:\\LabPrograms\\Python\\DAQ_Laser_Camera\\image_data.py", line 85, in draw_contours_on_image\n    for indx, val in enumerate(cx):\n', "NameError: name 'cx' is not defined\n"]
2020-07-23T18:19:33|ERROR|PROCHIP_Measurement|PROCHIP_Measurement Failed to update figure1: name 'cx' is not defined. ['Traceback (most recent call last):\n', '  File "C:\\ProgramData\\Anaconda3\\lib\\site-packages\\ScopeFoundry\\measurement.py", line 273, in _on_display_update_timer\n    self.update_display()\n', '  File "C:\\LabPrograms\\Python\\DAQ_Laser_Camera\\PROCHIP_Measurement_cell_detection.py", line 242, in update_display\n    self.im.draw_contours_on_image(self.im.img8bit0)\n', '  File "C:\\LabPrograms\\Python\\DAQ_Laser_Camera\\image_data.py", line 85, in draw_contours_on_image\n    for indx, val in enumerate(cx):\n', "NameError: name 'cx' is not defined\n"]
2020-07-23T18:19:34|ERROR|PROCHIP_Measurement|PROCHIP_Measurement Failed to update figure1: name 'cx' is not defined. ['Traceback (most recent call last):\n', '  File "C:\\ProgramData\\Anaconda3\\lib\\site-packages\\ScopeFoundry\\measurement.py", line 273, in _on_display_update_timer\n    self.update_display()\n', '  File "C:\\LabPrograms\\Python\\DAQ_Laser_Camera\\PROCHIP_Measurement_cell_detection.py", line 242, in update_display\n    self.im.draw_contours_on_image(self.im.img8bit0)\n', '  File "C:\\LabPrograms\\Python\\DAQ_Laser_Camera\\image_data.py", line 85, in draw_contours_on_image\n    for indx, val in enumerate(cx):\n', "NameError: name 'cx' is not defined\n"]
2020-07-23T18:19:34|ERROR|PROCHIP_Measurement|PROCHIP_Measurement Failed to update figure1: name 'cx' is not defined. ['Traceback (most recent call last):\n', '  File "C:\\ProgramData\\Anaconda3\\lib\\site-packages\\ScopeFoundry\\measurement.py", line 273, in _on_display_update_timer\n    self.update_display()\n', '  File "C:\\LabPrograms\\Python\\DAQ_Laser_Camera\\PROCHIP_Measurement_cell_detection.py", line 242, in update_display\n    self.im.draw_contours_on_image(self.im.img8bit0)\n', '  File "C:\\LabPrograms\\Python\\DAQ_Laser_Camera\\image_data.py", line 85, in draw_contours_on_image\n    for indx, val in enumerate(cx):\n', "NameError: name 'cx' is not defined\n"]
2020-07-23T18:19:34|ERROR|PROCHIP_Measurement|PROCHIP_Measurement Failed to update figure1: name 'cx' is not defined. ['Traceback (most recent call last):\n', '  File "C:\\ProgramData\\Anaconda3\\lib\\site-packages\\ScopeFoundry\\measurement.py", line 273, in _on_display_update_timer\n    self.update_display()\n', '  File "C:\\LabPrograms\\Python\\DAQ_Laser_Camera\\PROCHIP_Measurement_cell_detection.py", line 242, in update_display\n    self.im.draw_contours_on_image(self.im.img8bit0)\n', '  File "C:\\LabPrograms\\Python\\DAQ_Laser_Camera\\image_data.py", line 85, in draw_contours_on_image\n    for indx, val in enumerate(cx):\n', "NameError: name 'cx' is not defined\n"]
2020-07-23T18:19:34|ERROR|PROCHIP_Measurement|PROCHIP_Measurement Failed to update figure1: name 'cx' is not defined. ['Traceback (most recent call last):\n', '  File "C:\\ProgramData\\Anaconda3\\lib\\site-packages\\ScopeFoundry\\measurement.py", line 273, in _on_display_update_timer\n    self.update_display()\n', '  File "C:\\LabPrograms\\Python\\DAQ_Laser_Camera\\PROCHIP_Measurement_cell_detection.py", line 242, in update_display\n    self.im.draw_contours_on_image(self.im.img8bit0)\n', '  File "C:\\LabPrograms\\Python\\DAQ_Laser_Camera\\image_data.py", line 85, in draw_contours_on_image\n    for indx, val in enumerate(cx):\n', "NameError: name 'cx' is not defined\n"]
2020-07-23T18:19:34|ERROR|PROCHIP_Measurement|PROCHIP_Measurement Failed to update figure1: name 'cx' is not defined. ['Traceback (most recent call last):\n', '  File "C:\\ProgramData\\Anaconda3\\lib\\site-packages\\ScopeFoundry\\measurement.py", line 273, in _on_display_update_timer\n    self.update_display()\n', '  File "C:\\LabPrograms\\Python\\DAQ_Laser_Camera\\PROCHIP_Measurement_cell_detection.py", line 242, in update_display\n    self.im.draw_contours_on_image(self.im.img8bit0)\n', '  File "C:\\LabPrograms\\Python\\DAQ_Laser_Camera\\image_data.py", line 85, in draw_contours_on_image\n    for indx, val in enumerate(cx):\n', "NameError: name 'cx' is not defined\n"]
2020-07-23T18:19:34|ERROR|PROCHIP_Measurement|PROCHIP_Measurement Failed to update figure1: name 'cx' is not defined. ['Traceback (most recent call last):\n', '  File "C:\\ProgramData\\Anaconda3\\lib\\site-packages\\ScopeFoundry\\measurement.py", line 273, in _on_display_update_timer\n    self.update_display()\n', '  File "C:\\LabPrograms\\Python\\DAQ_Laser_Camera\\PROCHIP_Measurement_cell_detection.py", line 242, in update_display\n    self.im.draw_contours_on_image(self.im.img8bit0)\n', '  File "C:\\LabPrograms\\Python\\DAQ_Laser_Camera\\image_data.py", line 85, in draw_contours_on_image\n    for indx, val in enumerate(cx):\n', "NameError: name 'cx' is not defined\n"]
2020-07-23T18:19:34|ERROR|PROCHIP_Measurement|PROCHIP_Measurement Failed to update figure1: name 'cx' is not defined. ['Traceback (most recent call last):\n', '  File "C:\\ProgramData\\Anaconda3\\lib\\site-packages\\ScopeFoundry\\measurement.py", line 273, in _on_display_update_timer\n    self.update_display()\n', '  File "C:\\LabPrograms\\Python\\DAQ_Laser_Camera\\PROCHIP_Measurement_cell_detection.py", line 242, in update_display\n    self.im.draw_contours_on_image(self.im.img8bit0)\n', '  File "C:\\LabPrograms\\Python\\DAQ_Laser_Camera\\image_data.py", line 85, in draw_contours_on_image\n    for indx, val in enumerate(cx):\n', "NameError: name 'cx' is not defined\n"]
2020-07-23T18:19:34|ERROR|PROCHIP_Measurement|PROCHIP_Measurement Failed to update figure1: name 'cx' is not defined. ['Traceback (most recent call last):\n', '  File "C:\\ProgramData\\Anaconda3\\lib\\site-packages\\ScopeFoundry\\measurement.py", line 273, in _on_display_update_timer\n    self.update_display()\n', '  File "C:\\LabPrograms\\Python\\DAQ_Laser_Camera\\PROCHIP_Measurement_cell_detection.py", line 242, in update_display\n    self.im.draw_contours_on_image(self.im.img8bit0)\n', '  File "C:\\LabPrograms\\Python\\DAQ_Laser_Camera\\image_data.py", line 85, in draw_contours_on_image\n    for indx, val in enumerate(cx):\n', "NameError: name 'cx' is not defined\n"]
2020-07-23T18:19:34|ERROR|PROCHIP_Measurement|PROCHIP_Measurement Failed to update figure1: name 'cx' is not defined. ['Traceback (most recent call last):\n', '  File "C:\\ProgramData\\Anaconda3\\lib\\site-packages\\ScopeFoundry\\measurement.py", line 273, in _on_display_update_timer\n    self.update_display()\n', '  File "C:\\LabPrograms\\Python\\DAQ_Laser_Camera\\PROCHIP_Measurement_cell_detection.py", line 242, in update_display\n    self.im.draw_contours_on_image(self.im.img8bit0)\n', '  File "C:\\LabPrograms\\Python\\DAQ_Laser_Camera\\image_data.py", line 85, in draw_contours_on_image\n    for indx, val in enumerate(cx):\n', "NameError: name 'cx' is not defined\n"]
2020-07-23T18:19:34|ERROR|PROCHIP_Measurement|PROCHIP_Measurement Failed to update figure1: name 'cx' is not defined. ['Traceback (most recent call last):\n', '  File "C:\\ProgramData\\Anaconda3\\lib\\site-packages\\ScopeFoundry\\measurement.py", line 273, in _on_display_update_timer\n    self.update_display()\n', '  File "C:\\LabPrograms\\Python\\DAQ_Laser_Camera\\PROCHIP_Measurement_cell_detection.py", line 242, in update_display\n    self.im.draw_contours_on_image(self.im.img8bit0)\n', '  File "C:\\LabPrograms\\Python\\DAQ_Laser_Camera\\image_data.py", line 85, in draw_contours_on_image\n    for indx, val in enumerate(cx):\n', "NameError: name 'cx' is not defined\n"]
2020-07-23T18:19:34|ERROR|PROCHIP_Measurement|PROCHIP_Measurement Failed to update figure1: name 'cx' is not defined. ['Traceback (most recent call last):\n', '  File "C:\\ProgramData\\Anaconda3\\lib\\site-packages\\ScopeFoundry\\measurement.py", line 273, in _on_display_update_timer\n    self.update_display()\n', '  File "C:\\LabPrograms\\Python\\DAQ_Laser_Camera\\PROCHIP_Measurement_cell_detection.py", line 242, in update_display\n    self.im.draw_contours_on_image(self.im.img8bit0)\n', '  File "C:\\LabPrograms\\Python\\DAQ_Laser_Camera\\image_data.py", line 85, in draw_contours_on_image\n    for indx, val in enumerate(cx):\n', "NameError: name 'cx' is not defined\n"]
2020-07-23T18:19:34|ERROR|PROCHIP_Measurement|PROCHIP_Measurement Failed to update figure1: name 'cx' is not defined. ['Traceback (most recent call last):\n', '  File "C:\\ProgramData\\Anaconda3\\lib\\site-packages\\ScopeFoundry\\measurement.py", line 273, in _on_display_update_timer\n    self.update_display()\n', '  File "C:\\LabPrograms\\Python\\DAQ_Laser_Camera\\PROCHIP_Measurement_cell_detection.py", line 242, in update_display\n    self.im.draw_contours_on_image(self.im.img8bit0)\n', '  File "C:\\LabPrograms\\Python\\DAQ_Laser_Camera\\image_data.py", line 85, in draw_contours_on_image\n    for indx, val in enumerate(cx):\n', "NameError: name 'cx' is not defined\n"]
2020-07-23T18:19:34|ERROR|PROCHIP_Measurement|PROCHIP_Measurement Failed to update figure1: name 'cx' is not defined. ['Traceback (most recent call last):\n', '  File "C:\\ProgramData\\Anaconda3\\lib\\site-packages\\ScopeFoundry\\measurement.py", line 273, in _on_display_update_timer\n    self.update_display()\n', '  File "C:\\LabPrograms\\Python\\DAQ_Laser_Camera\\PROCHIP_Measurement_cell_detection.py", line 242, in update_display\n    self.im.draw_contours_on_image(self.im.img8bit0)\n', '  File "C:\\LabPrograms\\Python\\DAQ_Laser_Camera\\image_data.py", line 85, in draw_contours_on_image\n    for indx, val in enumerate(cx):\n', "NameError: name 'cx' is not defined\n"]
2020-07-23T18:19:34|ERROR|PROCHIP_Measurement|PROCHIP_Measurement Failed to update figure1: name 'cx' is not defined. ['Traceback (most recent call last):\n', '  File "C:\\ProgramData\\Anaconda3\\lib\\site-packages\\ScopeFoundry\\measurement.py", line 273, in _on_display_update_timer\n    self.update_display()\n', '  File "C:\\LabPrograms\\Python\\DAQ_Laser_Camera\\PROCHIP_Measurement_cell_detection.py", line 242, in update_display\n    self.im.draw_contours_on_image(self.im.img8bit0)\n', '  File "C:\\LabPrograms\\Python\\DAQ_Laser_Camera\\image_data.py", line 85, in draw_contours_on_image\n    for indx, val in enumerate(cx):\n', "NameError: name 'cx' is not defined\n"]
2020-07-23T18:19:34|ERROR|PROCHIP_Measurement|PROCHIP_Measurement Failed to update figure1: name 'cx' is not defined. ['Traceback (most recent call last):\n', '  File "C:\\ProgramData\\Anaconda3\\lib\\site-packages\\ScopeFoundry\\measurement.py", line 273, in _on_display_update_timer\n    self.update_display()\n', '  File "C:\\LabPrograms\\Python\\DAQ_Laser_Camera\\PROCHIP_Measurement_cell_detection.py", line 242, in update_display\n    self.im.draw_contours_on_image(self.im.img8bit0)\n', '  File "C:\\LabPrograms\\Python\\DAQ_Laser_Camera\\image_data.py", line 85, in draw_contours_on_image\n    for indx, val in enumerate(cx):\n', "NameError: name 'cx' is not defined\n"]
2020-07-23T18:19:34|ERROR|PROCHIP_Measurement|PROCHIP_Measurement Failed to update figure1: name 'cx' is not defined. ['Traceback (most recent call last):\n', '  File "C:\\ProgramData\\Anaconda3\\lib\\site-packages\\ScopeFoundry\\measurement.py", line 273, in _on_display_update_timer\n    self.update_display()\n', '  File "C:\\LabPrograms\\Python\\DAQ_Laser_Camera\\PROCHIP_Measurement_cell_detection.py", line 242, in update_display\n    self.im.draw_contours_on_image(self.im.img8bit0)\n', '  File "C:\\LabPrograms\\Python\\DAQ_Laser_Camera\\image_data.py", line 85, in draw_contours_on_image\n    for indx, val in enumerate(cx):\n', "NameError: name 'cx' is not defined\n"]
2020-07-23T18:19:34|ERROR|PROCHIP_Measurement|PROCHIP_Measurement Failed to update figure1: name 'cx' is not defined. ['Traceback (most recent call last):\n', '  File "C:\\ProgramData\\Anaconda3\\lib\\site-packages\\ScopeFoundry\\measurement.py", line 273, in _on_display_update_timer\n    self.update_display()\n', '  File "C:\\LabPrograms\\Python\\DAQ_Laser_Camera\\PROCHIP_Measurement_cell_detection.py", line 242, in update_display\n    self.im.draw_contours_on_image(self.im.img8bit0)\n', '  File "C:\\LabPrograms\\Python\\DAQ_Laser_Camera\\image_data.py", line 85, in draw_contours_on_image\n    for indx, val in enumerate(cx):\n', "NameError: name 'cx' is not defined\n"]
2020-07-23T18:19:34|ERROR|PROCHIP_Measurement|PROCHIP_Measurement Failed to update figure1: name 'cx' is not defined. ['Traceback (most recent call last):\n', '  File "C:\\ProgramData\\Anaconda3\\lib\\site-packages\\ScopeFoundry\\measurement.py", line 273, in _on_display_update_timer\n    self.update_display()\n', '  File "C:\\LabPrograms\\Python\\DAQ_Laser_Camera\\PROCHIP_Measurement_cell_detection.py", line 242, in update_display\n    self.im.draw_contours_on_image(self.im.img8bit0)\n', '  File "C:\\LabPrograms\\Python\\DAQ_Laser_Camera\\image_data.py", line 85, in draw_contours_on_image\n    for indx, val in enumerate(cx):\n', "NameError: name 'cx' is not defined\n"]
2020-07-23T18:19:34|ERROR|PROCHIP_Measurement|PROCHIP_Measurement Failed to update figure1: name 'cx' is not defined. ['Traceback (most recent call last):\n', '  File "C:\\ProgramData\\Anaconda3\\lib\\site-packages\\ScopeFoundry\\measurement.py", line 273, in _on_display_update_timer\n    self.update_display()\n', '  File "C:\\LabPrograms\\Python\\DAQ_Laser_Camera\\PROCHIP_Measurement_cell_detection.py", line 242, in update_display\n    self.im.draw_contours_on_image(self.im.img8bit0)\n', '  File "C:\\LabPrograms\\Python\\DAQ_Laser_Camera\\image_data.py", line 85, in draw_contours_on_image\n    for indx, val in enumerate(cx):\n', "NameError: name 'cx' is not defined\n"]
2020-07-23T18:19:34|ERROR|PROCHIP_Measurement|PROCHIP_Measurement Failed to update figure1: name 'cx' is not defined. ['Traceback (most recent call last):\n', '  File "C:\\ProgramData\\Anaconda3\\lib\\site-packages\\ScopeFoundry\\measurement.py", line 273, in _on_display_update_timer\n    self.update_display()\n', '  File "C:\\LabPrograms\\Python\\DAQ_Laser_Camera\\PROCHIP_Measurement_cell_detection.py", line 242, in update_display\n    self.im.draw_contours_on_image(self.im.img8bit0)\n', '  File "C:\\LabPrograms\\Python\\DAQ_Laser_Camera\\image_data.py", line 85, in draw_contours_on_image\n    for indx, val in enumerate(cx):\n', "NameError: name 'cx' is not defined\n"]
2020-07-23T18:19:34|ERROR|PROCHIP_Measurement|PROCHIP_Measurement Failed to update figure1: name 'cx' is not defined. ['Traceback (most recent call last):\n', '  File "C:\\ProgramData\\Anaconda3\\lib\\site-packages\\ScopeFoundry\\measurement.py", line 273, in _on_display_update_timer\n    self.update_display()\n', '  File "C:\\LabPrograms\\Python\\DAQ_Laser_Camera\\PROCHIP_Measurement_cell_detection.py", line 242, in update_display\n    self.im.draw_contours_on_image(self.im.img8bit0)\n', '  File "C:\\LabPrograms\\Python\\DAQ_Laser_Camera\\image_data.py", line 85, in draw_contours_on_image\n    for indx, val in enumerate(cx):\n', "NameError: name 'cx' is not defined\n"]
2020-07-23T18:19:34|ERROR|PROCHIP_Measurement|PROCHIP_Measurement Failed to update figure1: name 'cx' is not defined. ['Traceback (most recent call last):\n', '  File "C:\\ProgramData\\Anaconda3\\lib\\site-packages\\ScopeFoundry\\measurement.py", line 273, in _on_display_update_timer\n    self.update_display()\n', '  File "C:\\LabPrograms\\Python\\DAQ_Laser_Camera\\PROCHIP_Measurement_cell_detection.py", line 242, in update_display\n    self.im.draw_contours_on_image(self.im.img8bit0)\n', '  File "C:\\LabPrograms\\Python\\DAQ_Laser_Camera\\image_data.py", line 85, in draw_contours_on_image\n    for indx, val in enumerate(cx):\n', "NameError: name 'cx' is not defined\n"]
2020-07-23T18:19:34|ERROR|PROCHIP_Measurement|PROCHIP_Measurement Failed to update figure1: name 'cx' is not defined. ['Traceback (most recent call last):\n', '  File "C:\\ProgramData\\Anaconda3\\lib\\site-packages\\ScopeFoundry\\measurement.py", line 273, in _on_display_update_timer\n    self.update_display()\n', '  File "C:\\LabPrograms\\Python\\DAQ_Laser_Camera\\PROCHIP_Measurement_cell_detection.py", line 242, in update_display\n    self.im.draw_contours_on_image(self.im.img8bit0)\n', '  File "C:\\LabPrograms\\Python\\DAQ_Laser_Camera\\image_data.py", line 85, in draw_contours_on_image\n    for indx, val in enumerate(cx):\n', "NameError: name 'cx' is not defined\n"]
2020-07-23T18:19:34|ERROR|PROCHIP_Measurement|PROCHIP_Measurement Failed to update figure1: name 'cx' is not defined. ['Traceback (most recent call last):\n', '  File "C:\\ProgramData\\Anaconda3\\lib\\site-packages\\ScopeFoundry\\measurement.py", line 273, in _on_display_update_timer\n    self.update_display()\n', '  File "C:\\LabPrograms\\Python\\DAQ_Laser_Camera\\PROCHIP_Measurement_cell_detection.py", line 242, in update_display\n    self.im.draw_contours_on_image(self.im.img8bit0)\n', '  File "C:\\LabPrograms\\Python\\DAQ_Laser_Camera\\image_data.py", line 85, in draw_contours_on_image\n    for indx, val in enumerate(cx):\n', "NameError: name 'cx' is not defined\n"]
2020-07-23T18:19:34|ERROR|PROCHIP_Measurement|PROCHIP_Measurement Failed to update figure1: name 'cx' is not defined. ['Traceback (most recent call last):\n', '  File "C:\\ProgramData\\Anaconda3\\lib\\site-packages\\ScopeFoundry\\measurement.py", line 273, in _on_display_update_timer\n    self.update_display()\n', '  File "C:\\LabPrograms\\Python\\DAQ_Laser_Camera\\PROCHIP_Measurement_cell_detection.py", line 242, in update_display\n    self.im.draw_contours_on_image(self.im.img8bit0)\n', '  File "C:\\LabPrograms\\Python\\DAQ_Laser_Camera\\image_data.py", line 85, in draw_contours_on_image\n    for indx, val in enumerate(cx):\n', "NameError: name 'cx' is not defined\n"]
2020-07-23T18:19:34|ERROR|PROCHIP_Measurement|PROCHIP_Measurement Failed to update figure1: name 'cx' is not defined. ['Traceback (most recent call last):\n', '  File "C:\\ProgramData\\Anaconda3\\lib\\site-packages\\ScopeFoundry\\measurement.py", line 273, in _on_display_update_timer\n    self.update_display()\n', '  File "C:\\LabPrograms\\Python\\DAQ_Laser_Camera\\PROCHIP_Measurement_cell_detection.py", line 242, in update_display\n    self.im.draw_contours_on_image(self.im.img8bit0)\n', '  File "C:\\LabPrograms\\Python\\DAQ_Laser_Camera\\image_data.py", line 85, in draw_contours_on_image\n    for indx, val in enumerate(cx):\n', "NameError: name 'cx' is not defined\n"]
2020-07-23T18:19:34|ERROR|PROCHIP_Measurement|PROCHIP_Measurement Failed to update figure1: name 'cx' is not defined. ['Traceback (most recent call last):\n', '  File "C:\\ProgramData\\Anaconda3\\lib\\site-packages\\ScopeFoundry\\measurement.py", line 273, in _on_display_update_timer\n    self.update_display()\n', '  File "C:\\LabPrograms\\Python\\DAQ_Laser_Camera\\PROCHIP_Measurement_cell_detection.py", line 242, in update_display\n    self.im.draw_contours_on_image(self.im.img8bit0)\n', '  File "C:\\LabPrograms\\Python\\DAQ_Laser_Camera\\image_data.py", line 85, in draw_contours_on_image\n    for indx, val in enumerate(cx):\n', "NameError: name 'cx' is not defined\n"]
2020-07-23T18:19:34|ERROR|PROCHIP_Measurement|PROCHIP_Measurement Failed to update figure1: name 'cx' is not defined. ['Traceback (most recent call last):\n', '  File "C:\\ProgramData\\Anaconda3\\lib\\site-packages\\ScopeFoundry\\measurement.py", line 273, in _on_display_update_timer\n    self.update_display()\n', '  File "C:\\LabPrograms\\Python\\DAQ_Laser_Camera\\PROCHIP_Measurement_cell_detection.py", line 242, in update_display\n    self.im.draw_contours_on_image(self.im.img8bit0)\n', '  File "C:\\LabPrograms\\Python\\DAQ_Laser_Camera\\image_data.py", line 85, in draw_contours_on_image\n    for indx, val in enumerate(cx):\n', "NameError: name 'cx' is not defined\n"]
2020-07-23T18:19:34|ERROR|PROCHIP_Measurement|PROCHIP_Measurement Failed to update figure1: name 'cx' is not defined. ['Traceback (most recent call last):\n', '  File "C:\\ProgramData\\Anaconda3\\lib\\site-packages\\ScopeFoundry\\measurement.py", line 273, in _on_display_update_timer\n    self.update_display()\n', '  File "C:\\LabPrograms\\Python\\DAQ_Laser_Camera\\PROCHIP_Measurement_cell_detection.py", line 242, in update_display\n    self.im.draw_contours_on_image(self.im.img8bit0)\n', '  File "C:\\LabPrograms\\Python\\DAQ_Laser_Camera\\image_data.py", line 85, in draw_contours_on_image\n    for indx, val in enumerate(cx):\n', "NameError: name 'cx' is not defined\n"]
2020-07-23T18:19:34|ERROR|PROCHIP_Measurement|PROCHIP_Measurement Failed to update figure1: name 'cx' is not defined. ['Traceback (most recent call last):\n', '  File "C:\\ProgramData\\Anaconda3\\lib\\site-packages\\ScopeFoundry\\measurement.py", line 273, in _on_display_update_timer\n    self.update_display()\n', '  File "C:\\LabPrograms\\Python\\DAQ_Laser_Camera\\PROCHIP_Measurement_cell_detection.py", line 242, in update_display\n    self.im.draw_contours_on_image(self.im.img8bit0)\n', '  File "C:\\LabPrograms\\Python\\DAQ_Laser_Camera\\image_data.py", line 85, in draw_contours_on_image\n    for indx, val in enumerate(cx):\n', "NameError: name 'cx' is not defined\n"]
2020-07-23T18:19:34|ERROR|PROCHIP_Measurement|PROCHIP_Measurement Failed to update figure1: name 'cx' is not defined. ['Traceback (most recent call last):\n', '  File "C:\\ProgramData\\Anaconda3\\lib\\site-packages\\ScopeFoundry\\measurement.py", line 273, in _on_display_update_timer\n    self.update_display()\n', '  File "C:\\LabPrograms\\Python\\DAQ_Laser_Camera\\PROCHIP_Measurement_cell_detection.py", line 242, in update_display\n    self.im.draw_contours_on_image(self.im.img8bit0)\n', '  File "C:\\LabPrograms\\Python\\DAQ_Laser_Camera\\image_data.py", line 85, in draw_contours_on_image\n    for indx, val in enumerate(cx):\n', "NameError: name 'cx' is not defined\n"]
2020-07-23T18:19:34|ERROR|PROCHIP_Measurement|PROCHIP_Measurement Failed to update figure1: name 'cx' is not defined. ['Traceback (most recent call last):\n', '  File "C:\\ProgramData\\Anaconda3\\lib\\site-packages\\ScopeFoundry\\measurement.py", line 273, in _on_display_update_timer\n    self.update_display()\n', '  File "C:\\LabPrograms\\Python\\DAQ_Laser_Camera\\PROCHIP_Measurement_cell_detection.py", line 242, in update_display\n    self.im.draw_contours_on_image(self.im.img8bit0)\n', '  File "C:\\LabPrograms\\Python\\DAQ_Laser_Camera\\image_data.py", line 85, in draw_contours_on_image\n    for indx, val in enumerate(cx):\n', "NameError: name 'cx' is not defined\n"]
2020-07-23T18:19:35|ERROR|PROCHIP_Measurement|PROCHIP_Measurement Failed to update figure1: name 'cx' is not defined. ['Traceback (most recent call last):\n', '  File "C:\\ProgramData\\Anaconda3\\lib\\site-packages\\ScopeFoundry\\measurement.py", line 273, in _on_display_update_timer\n    self.update_display()\n', '  File "C:\\LabPrograms\\Python\\DAQ_Laser_Camera\\PROCHIP_Measurement_cell_detection.py", line 242, in update_display\n    self.im.draw_contours_on_image(self.im.img8bit0)\n', '  File "C:\\LabPrograms\\Python\\DAQ_Laser_Camera\\image_data.py", line 85, in draw_contours_on_image\n    for indx, val in enumerate(cx):\n', "NameError: name 'cx' is not defined\n"]
2020-07-23T18:19:35|ERROR|PROCHIP_Measurement|PROCHIP_Measurement Failed to update figure1: name 'cx' is not defined. ['Traceback (most recent call last):\n', '  File "C:\\ProgramData\\Anaconda3\\lib\\site-packages\\ScopeFoundry\\measurement.py", line 273, in _on_display_update_timer\n    self.update_display()\n', '  File "C:\\LabPrograms\\Python\\DAQ_Laser_Camera\\PROCHIP_Measurement_cell_detection.py", line 242, in update_display\n    self.im.draw_contours_on_image(self.im.img8bit0)\n', '  File "C:\\LabPrograms\\Python\\DAQ_Laser_Camera\\image_data.py", line 85, in draw_contours_on_image\n    for indx, val in enumerate(cx):\n', "NameError: name 'cx' is not defined\n"]
2020-07-23T18:19:35|ERROR|PROCHIP_Measurement|PROCHIP_Measurement Failed to update figure1: name 'cx' is not defined. ['Traceback (most recent call last):\n', '  File "C:\\ProgramData\\Anaconda3\\lib\\site-packages\\ScopeFoundry\\measurement.py", line 273, in _on_display_update_timer\n    self.update_display()\n', '  File "C:\\LabPrograms\\Python\\DAQ_Laser_Camera\\PROCHIP_Measurement_cell_detection.py", line 242, in update_display\n    self.im.draw_contours_on_image(self.im.img8bit0)\n', '  File "C:\\LabPrograms\\Python\\DAQ_Laser_Camera\\image_data.py", line 85, in draw_contours_on_image\n    for indx, val in enumerate(cx):\n', "NameError: name 'cx' is not defined\n"]
2020-07-23T18:19:35|ERROR|PROCHIP_Measurement|PROCHIP_Measurement Failed to update figure1: name 'cx' is not defined. ['Traceback (most recent call last):\n', '  File "C:\\ProgramData\\Anaconda3\\lib\\site-packages\\ScopeFoundry\\measurement.py", line 273, in _on_display_update_timer\n    self.update_display()\n', '  File "C:\\LabPrograms\\Python\\DAQ_Laser_Camera\\PROCHIP_Measurement_cell_detection.py", line 242, in update_display\n    self.im.draw_contours_on_image(self.im.img8bit0)\n', '  File "C:\\LabPrograms\\Python\\DAQ_Laser_Camera\\image_data.py", line 85, in draw_contours_on_image\n    for indx, val in enumerate(cx):\n', "NameError: name 'cx' is not defined\n"]
2020-07-23T18:19:35|ERROR|PROCHIP_Measurement|PROCHIP_Measurement Failed to update figure1: name 'cx' is not defined. ['Traceback (most recent call last):\n', '  File "C:\\ProgramData\\Anaconda3\\lib\\site-packages\\ScopeFoundry\\measurement.py", line 273, in _on_display_update_timer\n    self.update_display()\n', '  File "C:\\LabPrograms\\Python\\DAQ_Laser_Camera\\PROCHIP_Measurement_cell_detection.py", line 242, in update_display\n    self.im.draw_contours_on_image(self.im.img8bit0)\n', '  File "C:\\LabPrograms\\Python\\DAQ_Laser_Camera\\image_data.py", line 85, in draw_contours_on_image\n    for indx, val in enumerate(cx):\n', "NameError: name 'cx' is not defined\n"]
2020-07-23T18:19:35|ERROR|PROCHIP_Measurement|PROCHIP_Measurement Failed to update figure1: name 'cx' is not defined. ['Traceback (most recent call last):\n', '  File "C:\\ProgramData\\Anaconda3\\lib\\site-packages\\ScopeFoundry\\measurement.py", line 273, in _on_display_update_timer\n    self.update_display()\n', '  File "C:\\LabPrograms\\Python\\DAQ_Laser_Camera\\PROCHIP_Measurement_cell_detection.py", line 242, in update_display\n    self.im.draw_contours_on_image(self.im.img8bit0)\n', '  File "C:\\LabPrograms\\Python\\DAQ_Laser_Camera\\image_data.py", line 85, in draw_contours_on_image\n    for indx, val in enumerate(cx):\n', "NameError: name 'cx' is not defined\n"]
2020-07-23T18:19:35|ERROR|PROCHIP_Measurement|PROCHIP_Measurement Failed to update figure1: name 'cx' is not defined. ['Traceback (most recent call last):\n', '  File "C:\\ProgramData\\Anaconda3\\lib\\site-packages\\ScopeFoundry\\measurement.py", line 273, in _on_display_update_timer\n    self.update_display()\n', '  File "C:\\LabPrograms\\Python\\DAQ_Laser_Camera\\PROCHIP_Measurement_cell_detection.py", line 242, in update_display\n    self.im.draw_contours_on_image(self.im.img8bit0)\n', '  File "C:\\LabPrograms\\Python\\DAQ_Laser_Camera\\image_data.py", line 85, in draw_contours_on_image\n    for indx, val in enumerate(cx):\n', "NameError: name 'cx' is not defined\n"]
2020-07-23T18:19:35|ERROR|PROCHIP_Measurement|PROCHIP_Measurement Failed to update figure1: name 'cx' is not defined. ['Traceback (most recent call last):\n', '  File "C:\\ProgramData\\Anaconda3\\lib\\site-packages\\ScopeFoundry\\measurement.py", line 273, in _on_display_update_timer\n    self.update_display()\n', '  File "C:\\LabPrograms\\Python\\DAQ_Laser_Camera\\PROCHIP_Measurement_cell_detection.py", line 242, in update_display\n    self.im.draw_contours_on_image(self.im.img8bit0)\n', '  File "C:\\LabPrograms\\Python\\DAQ_Laser_Camera\\image_data.py", line 85, in draw_contours_on_image\n    for indx, val in enumerate(cx):\n', "NameError: name 'cx' is not defined\n"]
2020-07-23T18:19:35|ERROR|PROCHIP_Measurement|PROCHIP_Measurement Failed to update figure1: name 'cx' is not defined. ['Traceback (most recent call last):\n', '  File "C:\\ProgramData\\Anaconda3\\lib\\site-packages\\ScopeFoundry\\measurement.py", line 273, in _on_display_update_timer\n    self.update_display()\n', '  File "C:\\LabPrograms\\Python\\DAQ_Laser_Camera\\PROCHIP_Measurement_cell_detection.py", line 242, in update_display\n    self.im.draw_contours_on_image(self.im.img8bit0)\n', '  File "C:\\LabPrograms\\Python\\DAQ_Laser_Camera\\image_data.py", line 85, in draw_contours_on_image\n    for indx, val in enumerate(cx):\n', "NameError: name 'cx' is not defined\n"]
2020-07-23T18:19:35|ERROR|PROCHIP_Measurement|PROCHIP_Measurement Failed to update figure1: name 'cx' is not defined. ['Traceback (most recent call last):\n', '  File "C:\\ProgramData\\Anaconda3\\lib\\site-packages\\ScopeFoundry\\measurement.py", line 273, in _on_display_update_timer\n    self.update_display()\n', '  File "C:\\LabPrograms\\Python\\DAQ_Laser_Camera\\PROCHIP_Measurement_cell_detection.py", line 242, in update_display\n    self.im.draw_contours_on_image(self.im.img8bit0)\n', '  File "C:\\LabPrograms\\Python\\DAQ_Laser_Camera\\image_data.py", line 85, in draw_contours_on_image\n    for indx, val in enumerate(cx):\n', "NameError: name 'cx' is not defined\n"]
2020-07-23T18:19:35|ERROR|PROCHIP_Measurement|PROCHIP_Measurement Failed to update figure1: name 'cx' is not defined. ['Traceback (most recent call last):\n', '  File "C:\\ProgramData\\Anaconda3\\lib\\site-packages\\ScopeFoundry\\measurement.py", line 273, in _on_display_update_timer\n    self.update_display()\n', '  File "C:\\LabPrograms\\Python\\DAQ_Laser_Camera\\PROCHIP_Measurement_cell_detection.py", line 242, in update_display\n    self.im.draw_contours_on_image(self.im.img8bit0)\n', '  File "C:\\LabPrograms\\Python\\DAQ_Laser_Camera\\image_data.py", line 85, in draw_contours_on_image\n    for indx, val in enumerate(cx):\n', "NameError: name 'cx' is not defined\n"]
2020-07-23T18:19:35|ERROR|PROCHIP_Measurement|PROCHIP_Measurement Failed to update figure1: name 'cx' is not defined. ['Traceback (most recent call last):\n', '  File "C:\\ProgramData\\Anaconda3\\lib\\site-packages\\ScopeFoundry\\measurement.py", line 273, in _on_display_update_timer\n    self.update_display()\n', '  File "C:\\LabPrograms\\Python\\DAQ_Laser_Camera\\PROCHIP_Measurement_cell_detection.py", line 242, in update_display\n    self.im.draw_contours_on_image(self.im.img8bit0)\n', '  File "C:\\LabPrograms\\Python\\DAQ_Laser_Camera\\image_data.py", line 85, in draw_contours_on_image\n    for indx, val in enumerate(cx):\n', "NameError: name 'cx' is not defined\n"]
2020-07-23T18:19:35|ERROR|PROCHIP_Measurement|PROCHIP_Measurement Failed to update figure1: name 'cx' is not defined. ['Traceback (most recent call last):\n', '  File "C:\\ProgramData\\Anaconda3\\lib\\site-packages\\ScopeFoundry\\measurement.py", line 273, in _on_display_update_timer\n    self.update_display()\n', '  File "C:\\LabPrograms\\Python\\DAQ_Laser_Camera\\PROCHIP_Measurement_cell_detection.py", line 242, in update_display\n    self.im.draw_contours_on_image(self.im.img8bit0)\n', '  File "C:\\LabPrograms\\Python\\DAQ_Laser_Camera\\image_data.py", line 85, in draw_contours_on_image\n    for indx, val in enumerate(cx):\n', "NameError: name 'cx' is not defined\n"]
2020-07-23T18:19:35|ERROR|PROCHIP_Measurement|PROCHIP_Measurement Failed to update figure1: name 'cx' is not defined. ['Traceback (most recent call last):\n', '  File "C:\\ProgramData\\Anaconda3\\lib\\site-packages\\ScopeFoundry\\measurement.py", line 273, in _on_display_update_timer\n    self.update_display()\n', '  File "C:\\LabPrograms\\Python\\DAQ_Laser_Camera\\PROCHIP_Measurement_cell_detection.py", line 242, in update_display\n    self.im.draw_contours_on_image(self.im.img8bit0)\n', '  File "C:\\LabPrograms\\Python\\DAQ_Laser_Camera\\image_data.py", line 85, in draw_contours_on_image\n    for indx, val in enumerate(cx):\n', "NameError: name 'cx' is not defined\n"]
2020-07-23T18:19:35|ERROR|PROCHIP_Measurement|PROCHIP_Measurement Failed to update figure1: name 'cx' is not defined. ['Traceback (most recent call last):\n', '  File "C:\\ProgramData\\Anaconda3\\lib\\site-packages\\ScopeFoundry\\measurement.py", line 273, in _on_display_update_timer\n    self.update_display()\n', '  File "C:\\LabPrograms\\Python\\DAQ_Laser_Camera\\PROCHIP_Measurement_cell_detection.py", line 242, in update_display\n    self.im.draw_contours_on_image(self.im.img8bit0)\n', '  File "C:\\LabPrograms\\Python\\DAQ_Laser_Camera\\image_data.py", line 85, in draw_contours_on_image\n    for indx, val in enumerate(cx):\n', "NameError: name 'cx' is not defined\n"]
2020-07-23T18:19:35|ERROR|PROCHIP_Measurement|PROCHIP_Measurement Failed to update figure1: name 'cx' is not defined. ['Traceback (most recent call last):\n', '  File "C:\\ProgramData\\Anaconda3\\lib\\site-packages\\ScopeFoundry\\measurement.py", line 273, in _on_display_update_timer\n    self.update_display()\n', '  File "C:\\LabPrograms\\Python\\DAQ_Laser_Camera\\PROCHIP_Measurement_cell_detection.py", line 242, in update_display\n    self.im.draw_contours_on_image(self.im.img8bit0)\n', '  File "C:\\LabPrograms\\Python\\DAQ_Laser_Camera\\image_data.py", line 85, in draw_contours_on_image\n    for indx, val in enumerate(cx):\n', "NameError: name 'cx' is not defined\n"]
2020-07-23T18:19:35|ERROR|PROCHIP_Measurement|PROCHIP_Measurement Failed to update figure1: name 'cx' is not defined. ['Traceback (most recent call last):\n', '  File "C:\\ProgramData\\Anaconda3\\lib\\site-packages\\ScopeFoundry\\measurement.py", line 273, in _on_display_update_timer\n    self.update_display()\n', '  File "C:\\LabPrograms\\Python\\DAQ_Laser_Camera\\PROCHIP_Measurement_cell_detection.py", line 242, in update_display\n    self.im.draw_contours_on_image(self.im.img8bit0)\n', '  File "C:\\LabPrograms\\Python\\DAQ_Laser_Camera\\image_data.py", line 85, in draw_contours_on_image\n    for indx, val in enumerate(cx):\n', "NameError: name 'cx' is not defined\n"]
2020-07-23T18:19:35|ERROR|PROCHIP_Measurement|PROCHIP_Measurement Failed to update figure1: name 'cx' is not defined. ['Traceback (most recent call last):\n', '  File "C:\\ProgramData\\Anaconda3\\lib\\site-packages\\ScopeFoundry\\measurement.py", line 273, in _on_display_update_timer\n    self.update_display()\n', '  File "C:\\LabPrograms\\Python\\DAQ_Laser_Camera\\PROCHIP_Measurement_cell_detection.py", line 242, in update_display\n    self.im.draw_contours_on_image(self.im.img8bit0)\n', '  File "C:\\LabPrograms\\Python\\DAQ_Laser_Camera\\image_data.py", line 85, in draw_contours_on_image\n    for indx, val in enumerate(cx):\n', "NameError: name 'cx' is not defined\n"]
2020-07-23T18:19:35|ERROR|PROCHIP_Measurement|PROCHIP_Measurement Failed to update figure1: name 'cx' is not defined. ['Traceback (most recent call last):\n', '  File "C:\\ProgramData\\Anaconda3\\lib\\site-packages\\ScopeFoundry\\measurement.py", line 273, in _on_display_update_timer\n    self.update_display()\n', '  File "C:\\LabPrograms\\Python\\DAQ_Laser_Camera\\PROCHIP_Measurement_cell_detection.py", line 242, in update_display\n    self.im.draw_contours_on_image(self.im.img8bit0)\n', '  File "C:\\LabPrograms\\Python\\DAQ_Laser_Camera\\image_data.py", line 85, in draw_contours_on_image\n    for indx, val in enumerate(cx):\n', "NameError: name 'cx' is not defined\n"]
2020-07-23T18:19:35|ERROR|PROCHIP_Measurement|PROCHIP_Measurement Failed to update figure1: name 'cx' is not defined. ['Traceback (most recent call last):\n', '  File "C:\\ProgramData\\Anaconda3\\lib\\site-packages\\ScopeFoundry\\measurement.py", line 273, in _on_display_update_timer\n    self.update_display()\n', '  File "C:\\LabPrograms\\Python\\DAQ_Laser_Camera\\PROCHIP_Measurement_cell_detection.py", line 242, in update_display\n    self.im.draw_contours_on_image(self.im.img8bit0)\n', '  File "C:\\LabPrograms\\Python\\DAQ_Laser_Camera\\image_data.py", line 85, in draw_contours_on_image\n    for indx, val in enumerate(cx):\n', "NameError: name 'cx' is not defined\n"]
2020-07-23T18:19:35|ERROR|PROCHIP_Measurement|PROCHIP_Measurement Failed to update figure1: name 'cx' is not defined. ['Traceback (most recent call last):\n', '  File "C:\\ProgramData\\Anaconda3\\lib\\site-packages\\ScopeFoundry\\measurement.py", line 273, in _on_display_update_timer\n    self.update_display()\n', '  File "C:\\LabPrograms\\Python\\DAQ_Laser_Camera\\PROCHIP_Measurement_cell_detection.py", line 242, in update_display\n    self.im.draw_contours_on_image(self.im.img8bit0)\n', '  File "C:\\LabPrograms\\Python\\DAQ_Laser_Camera\\image_data.py", line 85, in draw_contours_on_image\n    for indx, val in enumerate(cx):\n', "NameError: name 'cx' is not defined\n"]
2020-07-23T18:19:35|ERROR|PROCHIP_Measurement|PROCHIP_Measurement Failed to update figure1: name 'cx' is not defined. ['Traceback (most recent call last):\n', '  File "C:\\ProgramData\\Anaconda3\\lib\\site-packages\\ScopeFoundry\\measurement.py", line 273, in _on_display_update_timer\n    self.update_display()\n', '  File "C:\\LabPrograms\\Python\\DAQ_Laser_Camera\\PROCHIP_Measurement_cell_detection.py", line 242, in update_display\n    self.im.draw_contours_on_image(self.im.img8bit0)\n', '  File "C:\\LabPrograms\\Python\\DAQ_Laser_Camera\\image_data.py", line 85, in draw_contours_on_image\n    for indx, val in enumerate(cx):\n', "NameError: name 'cx' is not defined\n"]
2020-07-23T18:19:35|ERROR|PROCHIP_Measurement|PROCHIP_Measurement Failed to update figure1: name 'cx' is not defined. ['Traceback (most recent call last):\n', '  File "C:\\ProgramData\\Anaconda3\\lib\\site-packages\\ScopeFoundry\\measurement.py", line 273, in _on_display_update_timer\n    self.update_display()\n', '  File "C:\\LabPrograms\\Python\\DAQ_Laser_Camera\\PROCHIP_Measurement_cell_detection.py", line 242, in update_display\n    self.im.draw_contours_on_image(self.im.img8bit0)\n', '  File "C:\\LabPrograms\\Python\\DAQ_Laser_Camera\\image_data.py", line 85, in draw_contours_on_image\n    for indx, val in enumerate(cx):\n', "NameError: name 'cx' is not defined\n"]
2020-07-23T18:19:35|ERROR|PROCHIP_Measurement|PROCHIP_Measurement Failed to update figure1: name 'cx' is not defined. ['Traceback (most recent call last):\n', '  File "C:\\ProgramData\\Anaconda3\\lib\\site-packages\\ScopeFoundry\\measurement.py", line 273, in _on_display_update_timer\n    self.update_display()\n', '  File "C:\\LabPrograms\\Python\\DAQ_Laser_Camera\\PROCHIP_Measurement_cell_detection.py", line 242, in update_display\n    self.im.draw_contours_on_image(self.im.img8bit0)\n', '  File "C:\\LabPrograms\\Python\\DAQ_Laser_Camera\\image_data.py", line 85, in draw_contours_on_image\n    for indx, val in enumerate(cx):\n', "NameError: name 'cx' is not defined\n"]
2020-07-23T18:19:35|ERROR|PROCHIP_Measurement|PROCHIP_Measurement Failed to update figure1: name 'cx' is not defined. ['Traceback (most recent call last):\n', '  File "C:\\ProgramData\\Anaconda3\\lib\\site-packages\\ScopeFoundry\\measurement.py", line 273, in _on_display_update_timer\n    self.update_display()\n', '  File "C:\\LabPrograms\\Python\\DAQ_Laser_Camera\\PROCHIP_Measurement_cell_detection.py", line 242, in update_display\n    self.im.draw_contours_on_image(self.im.img8bit0)\n', '  File "C:\\LabPrograms\\Python\\DAQ_Laser_Camera\\image_data.py", line 85, in draw_contours_on_image\n    for indx, val in enumerate(cx):\n', "NameError: name 'cx' is not defined\n"]
2020-07-23T18:19:35|ERROR|PROCHIP_Measurement|PROCHIP_Measurement Failed to update figure1: name 'cx' is not defined. ['Traceback (most recent call last):\n', '  File "C:\\ProgramData\\Anaconda3\\lib\\site-packages\\ScopeFoundry\\measurement.py", line 273, in _on_display_update_timer\n    self.update_display()\n', '  File "C:\\LabPrograms\\Python\\DAQ_Laser_Camera\\PROCHIP_Measurement_cell_detection.py", line 242, in update_display\n    self.im.draw_contours_on_image(self.im.img8bit0)\n', '  File "C:\\LabPrograms\\Python\\DAQ_Laser_Camera\\image_data.py", line 85, in draw_contours_on_image\n    for indx, val in enumerate(cx):\n', "NameError: name 'cx' is not defined\n"]
2020-07-23T18:19:35|ERROR|PROCHIP_Measurement|PROCHIP_Measurement Failed to update figure1: name 'cx' is not defined. ['Traceback (most recent call last):\n', '  File "C:\\ProgramData\\Anaconda3\\lib\\site-packages\\ScopeFoundry\\measurement.py", line 273, in _on_display_update_timer\n    self.update_display()\n', '  File "C:\\LabPrograms\\Python\\DAQ_Laser_Camera\\PROCHIP_Measurement_cell_detection.py", line 242, in update_display\n    self.im.draw_contours_on_image(self.im.img8bit0)\n', '  File "C:\\LabPrograms\\Python\\DAQ_Laser_Camera\\image_data.py", line 85, in draw_contours_on_image\n    for indx, val in enumerate(cx):\n', "NameError: name 'cx' is not defined\n"]
2020-07-23T18:19:35|ERROR|PROCHIP_Measurement|PROCHIP_Measurement Failed to update figure1: name 'cx' is not defined. ['Traceback (most recent call last):\n', '  File "C:\\ProgramData\\Anaconda3\\lib\\site-packages\\ScopeFoundry\\measurement.py", line 273, in _on_display_update_timer\n    self.update_display()\n', '  File "C:\\LabPrograms\\Python\\DAQ_Laser_Camera\\PROCHIP_Measurement_cell_detection.py", line 242, in update_display\n    self.im.draw_contours_on_image(self.im.img8bit0)\n', '  File "C:\\LabPrograms\\Python\\DAQ_Laser_Camera\\image_data.py", line 85, in draw_contours_on_image\n    for indx, val in enumerate(cx):\n', "NameError: name 'cx' is not defined\n"]
2020-07-23T18:19:35|ERROR|PROCHIP_Measurement|PROCHIP_Measurement Failed to update figure1: name 'cx' is not defined. ['Traceback (most recent call last):\n', '  File "C:\\ProgramData\\Anaconda3\\lib\\site-packages\\ScopeFoundry\\measurement.py", line 273, in _on_display_update_timer\n    self.update_display()\n', '  File "C:\\LabPrograms\\Python\\DAQ_Laser_Camera\\PROCHIP_Measurement_cell_detection.py", line 242, in update_display\n    self.im.draw_contours_on_image(self.im.img8bit0)\n', '  File "C:\\LabPrograms\\Python\\DAQ_Laser_Camera\\image_data.py", line 85, in draw_contours_on_image\n    for indx, val in enumerate(cx):\n', "NameError: name 'cx' is not defined\n"]
2020-07-23T18:19:35|ERROR|PROCHIP_Measurement|PROCHIP_Measurement Failed to update figure1: name 'cx' is not defined. ['Traceback (most recent call last):\n', '  File "C:\\ProgramData\\Anaconda3\\lib\\site-packages\\ScopeFoundry\\measurement.py", line 273, in _on_display_update_timer\n    self.update_display()\n', '  File "C:\\LabPrograms\\Python\\DAQ_Laser_Camera\\PROCHIP_Measurement_cell_detection.py", line 242, in update_display\n    self.im.draw_contours_on_image(self.im.img8bit0)\n', '  File "C:\\LabPrograms\\Python\\DAQ_Laser_Camera\\image_data.py", line 85, in draw_contours_on_image\n    for indx, val in enumerate(cx):\n', "NameError: name 'cx' is not defined\n"]
2020-07-23T18:19:35|ERROR|PROCHIP_Measurement|PROCHIP_Measurement Failed to update figure1: name 'cx' is not defined. ['Traceback (most recent call last):\n', '  File "C:\\ProgramData\\Anaconda3\\lib\\site-packages\\ScopeFoundry\\measurement.py", line 273, in _on_display_update_timer\n    self.update_display()\n', '  File "C:\\LabPrograms\\Python\\DAQ_Laser_Camera\\PROCHIP_Measurement_cell_detection.py", line 242, in update_display\n    self.im.draw_contours_on_image(self.im.img8bit0)\n', '  File "C:\\LabPrograms\\Python\\DAQ_Laser_Camera\\image_data.py", line 85, in draw_contours_on_image\n    for indx, val in enumerate(cx):\n', "NameError: name 'cx' is not defined\n"]
2020-07-23T18:19:35|ERROR|PROCHIP_Measurement|PROCHIP_Measurement Failed to update figure1: name 'cx' is not defined. ['Traceback (most recent call last):\n', '  File "C:\\ProgramData\\Anaconda3\\lib\\site-packages\\ScopeFoundry\\measurement.py", line 273, in _on_display_update_timer\n    self.update_display()\n', '  File "C:\\LabPrograms\\Python\\DAQ_Laser_Camera\\PROCHIP_Measurement_cell_detection.py", line 242, in update_display\n    self.im.draw_contours_on_image(self.im.img8bit0)\n', '  File "C:\\LabPrograms\\Python\\DAQ_Laser_Camera\\image_data.py", line 85, in draw_contours_on_image\n    for indx, val in enumerate(cx):\n', "NameError: name 'cx' is not defined\n"]
2020-07-23T18:19:36|ERROR|PROCHIP_Measurement|PROCHIP_Measurement Failed to update figure1: name 'cx' is not defined. ['Traceback (most recent call last):\n', '  File "C:\\ProgramData\\Anaconda3\\lib\\site-packages\\ScopeFoundry\\measurement.py", line 273, in _on_display_update_timer\n    self.update_display()\n', '  File "C:\\LabPrograms\\Python\\DAQ_Laser_Camera\\PROCHIP_Measurement_cell_detection.py", line 242, in update_display\n    self.im.draw_contours_on_image(self.im.img8bit0)\n', '  File "C:\\LabPrograms\\Python\\DAQ_Laser_Camera\\image_data.py", line 85, in draw_contours_on_image\n    for indx, val in enumerate(cx):\n', "NameError: name 'cx' is not defined\n"]
2020-07-23T18:19:36|ERROR|PROCHIP_Measurement|PROCHIP_Measurement Failed to update figure1: name 'cx' is not defined. ['Traceback (most recent call last):\n', '  File "C:\\ProgramData\\Anaconda3\\lib\\site-packages\\ScopeFoundry\\measurement.py", line 273, in _on_display_update_timer\n    self.update_display()\n', '  File "C:\\LabPrograms\\Python\\DAQ_Laser_Camera\\PROCHIP_Measurement_cell_detection.py", line 242, in update_display\n    self.im.draw_contours_on_image(self.im.img8bit0)\n', '  File "C:\\LabPrograms\\Python\\DAQ_Laser_Camera\\image_data.py", line 85, in draw_contours_on_image\n    for indx, val in enumerate(cx):\n', "NameError: name 'cx' is not defined\n"]
2020-07-23T18:19:36|ERROR|PROCHIP_Measurement|PROCHIP_Measurement Failed to update figure1: name 'cx' is not defined. ['Traceback (most recent call last):\n', '  File "C:\\ProgramData\\Anaconda3\\lib\\site-packages\\ScopeFoundry\\measurement.py", line 273, in _on_display_update_timer\n    self.update_display()\n', '  File "C:\\LabPrograms\\Python\\DAQ_Laser_Camera\\PROCHIP_Measurement_cell_detection.py", line 242, in update_display\n    self.im.draw_contours_on_image(self.im.img8bit0)\n', '  File "C:\\LabPrograms\\Python\\DAQ_Laser_Camera\\image_data.py", line 85, in draw_contours_on_image\n    for indx, val in enumerate(cx):\n', "NameError: name 'cx' is not defined\n"]
2020-07-23T18:19:36|ERROR|PROCHIP_Measurement|PROCHIP_Measurement Failed to update figure1: name 'cx' is not defined. ['Traceback (most recent call last):\n', '  File "C:\\ProgramData\\Anaconda3\\lib\\site-packages\\ScopeFoundry\\measurement.py", line 273, in _on_display_update_timer\n    self.update_display()\n', '  File "C:\\LabPrograms\\Python\\DAQ_Laser_Camera\\PROCHIP_Measurement_cell_detection.py", line 242, in update_display\n    self.im.draw_contours_on_image(self.im.img8bit0)\n', '  File "C:\\LabPrograms\\Python\\DAQ_Laser_Camera\\image_data.py", line 85, in draw_contours_on_image\n    for indx, val in enumerate(cx):\n', "NameError: name 'cx' is not defined\n"]
2020-07-23T18:19:36|ERROR|PROCHIP_Measurement|PROCHIP_Measurement Failed to update figure1: name 'cx' is not defined. ['Traceback (most recent call last):\n', '  File "C:\\ProgramData\\Anaconda3\\lib\\site-packages\\ScopeFoundry\\measurement.py", line 273, in _on_display_update_timer\n    self.update_display()\n', '  File "C:\\LabPrograms\\Python\\DAQ_Laser_Camera\\PROCHIP_Measurement_cell_detection.py", line 242, in update_display\n    self.im.draw_contours_on_image(self.im.img8bit0)\n', '  File "C:\\LabPrograms\\Python\\DAQ_Laser_Camera\\image_data.py", line 85, in draw_contours_on_image\n    for indx, val in enumerate(cx):\n', "NameError: name 'cx' is not defined\n"]
2020-07-23T18:19:36|ERROR|PROCHIP_Measurement|PROCHIP_Measurement Failed to update figure1: name 'cx' is not defined. ['Traceback (most recent call last):\n', '  File "C:\\ProgramData\\Anaconda3\\lib\\site-packages\\ScopeFoundry\\measurement.py", line 273, in _on_display_update_timer\n    self.update_display()\n', '  File "C:\\LabPrograms\\Python\\DAQ_Laser_Camera\\PROCHIP_Measurement_cell_detection.py", line 242, in update_display\n    self.im.draw_contours_on_image(self.im.img8bit0)\n', '  File "C:\\LabPrograms\\Python\\DAQ_Laser_Camera\\image_data.py", line 85, in draw_contours_on_image\n    for indx, val in enumerate(cx):\n', "NameError: name 'cx' is not defined\n"]
2020-07-23T18:19:36|ERROR|PROCHIP_Measurement|PROCHIP_Measurement Failed to update figure1: name 'cx' is not defined. ['Traceback (most recent call last):\n', '  File "C:\\ProgramData\\Anaconda3\\lib\\site-packages\\ScopeFoundry\\measurement.py", line 273, in _on_display_update_timer\n    self.update_display()\n', '  File "C:\\LabPrograms\\Python\\DAQ_Laser_Camera\\PROCHIP_Measurement_cell_detection.py", line 242, in update_display\n    self.im.draw_contours_on_image(self.im.img8bit0)\n', '  File "C:\\LabPrograms\\Python\\DAQ_Laser_Camera\\image_data.py", line 85, in draw_contours_on_image\n    for indx, val in enumerate(cx):\n', "NameError: name 'cx' is not defined\n"]
2020-07-23T18:19:36|ERROR|PROCHIP_Measurement|PROCHIP_Measurement Failed to update figure1: name 'cx' is not defined. ['Traceback (most recent call last):\n', '  File "C:\\ProgramData\\Anaconda3\\lib\\site-packages\\ScopeFoundry\\measurement.py", line 273, in _on_display_update_timer\n    self.update_display()\n', '  File "C:\\LabPrograms\\Python\\DAQ_Laser_Camera\\PROCHIP_Measurement_cell_detection.py", line 242, in update_display\n    self.im.draw_contours_on_image(self.im.img8bit0)\n', '  File "C:\\LabPrograms\\Python\\DAQ_Laser_Camera\\image_data.py", line 85, in draw_contours_on_image\n    for indx, val in enumerate(cx):\n', "NameError: name 'cx' is not defined\n"]
2020-07-23T18:19:36|ERROR|PROCHIP_Measurement|PROCHIP_Measurement Failed to update figure1: name 'cx' is not defined. ['Traceback (most recent call last):\n', '  File "C:\\ProgramData\\Anaconda3\\lib\\site-packages\\ScopeFoundry\\measurement.py", line 273, in _on_display_update_timer\n    self.update_display()\n', '  File "C:\\LabPrograms\\Python\\DAQ_Laser_Camera\\PROCHIP_Measurement_cell_detection.py", line 242, in update_display\n    self.im.draw_contours_on_image(self.im.img8bit0)\n', '  File "C:\\LabPrograms\\Python\\DAQ_Laser_Camera\\image_data.py", line 85, in draw_contours_on_image\n    for indx, val in enumerate(cx):\n', "NameError: name 'cx' is not defined\n"]
2020-07-23T18:19:36|ERROR|PROCHIP_Measurement|PROCHIP_Measurement Failed to update figure1: name 'cx' is not defined. ['Traceback (most recent call last):\n', '  File "C:\\ProgramData\\Anaconda3\\lib\\site-packages\\ScopeFoundry\\measurement.py", line 273, in _on_display_update_timer\n    self.update_display()\n', '  File "C:\\LabPrograms\\Python\\DAQ_Laser_Camera\\PROCHIP_Measurement_cell_detection.py", line 242, in update_display\n    self.im.draw_contours_on_image(self.im.img8bit0)\n', '  File "C:\\LabPrograms\\Python\\DAQ_Laser_Camera\\image_data.py", line 85, in draw_contours_on_image\n    for indx, val in enumerate(cx):\n', "NameError: name 'cx' is not defined\n"]
2020-07-23T18:19:36|ERROR|PROCHIP_Measurement|PROCHIP_Measurement Failed to update figure1: name 'cx' is not defined. ['Traceback (most recent call last):\n', '  File "C:\\ProgramData\\Anaconda3\\lib\\site-packages\\ScopeFoundry\\measurement.py", line 273, in _on_display_update_timer\n    self.update_display()\n', '  File "C:\\LabPrograms\\Python\\DAQ_Laser_Camera\\PROCHIP_Measurement_cell_detection.py", line 242, in update_display\n    self.im.draw_contours_on_image(self.im.img8bit0)\n', '  File "C:\\LabPrograms\\Python\\DAQ_Laser_Camera\\image_data.py", line 85, in draw_contours_on_image\n    for indx, val in enumerate(cx):\n', "NameError: name 'cx' is not defined\n"]
2020-07-23T18:19:36|ERROR|PROCHIP_Measurement|PROCHIP_Measurement Failed to update figure1: name 'cx' is not defined. ['Traceback (most recent call last):\n', '  File "C:\\ProgramData\\Anaconda3\\lib\\site-packages\\ScopeFoundry\\measurement.py", line 273, in _on_display_update_timer\n    self.update_display()\n', '  File "C:\\LabPrograms\\Python\\DAQ_Laser_Camera\\PROCHIP_Measurement_cell_detection.py", line 242, in update_display\n    self.im.draw_contours_on_image(self.im.img8bit0)\n', '  File "C:\\LabPrograms\\Python\\DAQ_Laser_Camera\\image_data.py", line 85, in draw_contours_on_image\n    for indx, val in enumerate(cx):\n', "NameError: name 'cx' is not defined\n"]
2020-07-23T18:19:36|ERROR|PROCHIP_Measurement|PROCHIP_Measurement Failed to update figure1: name 'cx' is not defined. ['Traceback (most recent call last):\n', '  File "C:\\ProgramData\\Anaconda3\\lib\\site-packages\\ScopeFoundry\\measurement.py", line 273, in _on_display_update_timer\n    self.update_display()\n', '  File "C:\\LabPrograms\\Python\\DAQ_Laser_Camera\\PROCHIP_Measurement_cell_detection.py", line 242, in update_display\n    self.im.draw_contours_on_image(self.im.img8bit0)\n', '  File "C:\\LabPrograms\\Python\\DAQ_Laser_Camera\\image_data.py", line 85, in draw_contours_on_image\n    for indx, val in enumerate(cx):\n', "NameError: name 'cx' is not defined\n"]
2020-07-23T18:19:36|ERROR|PROCHIP_Measurement|PROCHIP_Measurement Failed to update figure1: name 'cx' is not defined. ['Traceback (most recent call last):\n', '  File "C:\\ProgramData\\Anaconda3\\lib\\site-packages\\ScopeFoundry\\measurement.py", line 273, in _on_display_update_timer\n    self.update_display()\n', '  File "C:\\LabPrograms\\Python\\DAQ_Laser_Camera\\PROCHIP_Measurement_cell_detection.py", line 242, in update_display\n    self.im.draw_contours_on_image(self.im.img8bit0)\n', '  File "C:\\LabPrograms\\Python\\DAQ_Laser_Camera\\image_data.py", line 85, in draw_contours_on_image\n    for indx, val in enumerate(cx):\n', "NameError: name 'cx' is not defined\n"]
2020-07-23T18:19:36|ERROR|PROCHIP_Measurement|PROCHIP_Measurement Failed to update figure1: name 'cx' is not defined. ['Traceback (most recent call last):\n', '  File "C:\\ProgramData\\Anaconda3\\lib\\site-packages\\ScopeFoundry\\measurement.py", line 273, in _on_display_update_timer\n    self.update_display()\n', '  File "C:\\LabPrograms\\Python\\DAQ_Laser_Camera\\PROCHIP_Measurement_cell_detection.py", line 242, in update_display\n    self.im.draw_contours_on_image(self.im.img8bit0)\n', '  File "C:\\LabPrograms\\Python\\DAQ_Laser_Camera\\image_data.py", line 85, in draw_contours_on_image\n    for indx, val in enumerate(cx):\n', "NameError: name 'cx' is not defined\n"]
2020-07-23T18:19:36|ERROR|PROCHIP_Measurement|PROCHIP_Measurement Failed to update figure1: name 'cx' is not defined. ['Traceback (most recent call last):\n', '  File "C:\\ProgramData\\Anaconda3\\lib\\site-packages\\ScopeFoundry\\measurement.py", line 273, in _on_display_update_timer\n    self.update_display()\n', '  File "C:\\LabPrograms\\Python\\DAQ_Laser_Camera\\PROCHIP_Measurement_cell_detection.py", line 242, in update_display\n    self.im.draw_contours_on_image(self.im.img8bit0)\n', '  File "C:\\LabPrograms\\Python\\DAQ_Laser_Camera\\image_data.py", line 85, in draw_contours_on_image\n    for indx, val in enumerate(cx):\n', "NameError: name 'cx' is not defined\n"]
2020-07-23T18:19:36|ERROR|PROCHIP_Measurement|PROCHIP_Measurement Failed to update figure1: name 'cx' is not defined. ['Traceback (most recent call last):\n', '  File "C:\\ProgramData\\Anaconda3\\lib\\site-packages\\ScopeFoundry\\measurement.py", line 273, in _on_display_update_timer\n    self.update_display()\n', '  File "C:\\LabPrograms\\Python\\DAQ_Laser_Camera\\PROCHIP_Measurement_cell_detection.py", line 242, in update_display\n    self.im.draw_contours_on_image(self.im.img8bit0)\n', '  File "C:\\LabPrograms\\Python\\DAQ_Laser_Camera\\image_data.py", line 85, in draw_contours_on_image\n    for indx, val in enumerate(cx):\n', "NameError: name 'cx' is not defined\n"]
2020-07-23T18:19:36|ERROR|PROCHIP_Measurement|PROCHIP_Measurement Failed to update figure1: name 'cx' is not defined. ['Traceback (most recent call last):\n', '  File "C:\\ProgramData\\Anaconda3\\lib\\site-packages\\ScopeFoundry\\measurement.py", line 273, in _on_display_update_timer\n    self.update_display()\n', '  File "C:\\LabPrograms\\Python\\DAQ_Laser_Camera\\PROCHIP_Measurement_cell_detection.py", line 242, in update_display\n    self.im.draw_contours_on_image(self.im.img8bit0)\n', '  File "C:\\LabPrograms\\Python\\DAQ_Laser_Camera\\image_data.py", line 85, in draw_contours_on_image\n    for indx, val in enumerate(cx):\n', "NameError: name 'cx' is not defined\n"]
2020-07-23T18:19:36|ERROR|PROCHIP_Measurement|PROCHIP_Measurement Failed to update figure1: name 'cx' is not defined. ['Traceback (most recent call last):\n', '  File "C:\\ProgramData\\Anaconda3\\lib\\site-packages\\ScopeFoundry\\measurement.py", line 273, in _on_display_update_timer\n    self.update_display()\n', '  File "C:\\LabPrograms\\Python\\DAQ_Laser_Camera\\PROCHIP_Measurement_cell_detection.py", line 242, in update_display\n    self.im.draw_contours_on_image(self.im.img8bit0)\n', '  File "C:\\LabPrograms\\Python\\DAQ_Laser_Camera\\image_data.py", line 85, in draw_contours_on_image\n    for indx, val in enumerate(cx):\n', "NameError: name 'cx' is not defined\n"]
2020-07-23T18:19:36|ERROR|PROCHIP_Measurement|PROCHIP_Measurement Failed to update figure1: name 'cx' is not defined. ['Traceback (most recent call last):\n', '  File "C:\\ProgramData\\Anaconda3\\lib\\site-packages\\ScopeFoundry\\measurement.py", line 273, in _on_display_update_timer\n    self.update_display()\n', '  File "C:\\LabPrograms\\Python\\DAQ_Laser_Camera\\PROCHIP_Measurement_cell_detection.py", line 242, in update_display\n    self.im.draw_contours_on_image(self.im.img8bit0)\n', '  File "C:\\LabPrograms\\Python\\DAQ_Laser_Camera\\image_data.py", line 85, in draw_contours_on_image\n    for indx, val in enumerate(cx):\n', "NameError: name 'cx' is not defined\n"]
2020-07-23T18:19:36|ERROR|PROCHIP_Measurement|PROCHIP_Measurement Failed to update figure1: name 'cx' is not defined. ['Traceback (most recent call last):\n', '  File "C:\\ProgramData\\Anaconda3\\lib\\site-packages\\ScopeFoundry\\measurement.py", line 273, in _on_display_update_timer\n    self.update_display()\n', '  File "C:\\LabPrograms\\Python\\DAQ_Laser_Camera\\PROCHIP_Measurement_cell_detection.py", line 242, in update_display\n    self.im.draw_contours_on_image(self.im.img8bit0)\n', '  File "C:\\LabPrograms\\Python\\DAQ_Laser_Camera\\image_data.py", line 85, in draw_contours_on_image\n    for indx, val in enumerate(cx):\n', "NameError: name 'cx' is not defined\n"]
2020-07-23T18:19:36|ERROR|PROCHIP_Measurement|PROCHIP_Measurement Failed to update figure1: name 'cx' is not defined. ['Traceback (most recent call last):\n', '  File "C:\\ProgramData\\Anaconda3\\lib\\site-packages\\ScopeFoundry\\measurement.py", line 273, in _on_display_update_timer\n    self.update_display()\n', '  File "C:\\LabPrograms\\Python\\DAQ_Laser_Camera\\PROCHIP_Measurement_cell_detection.py", line 242, in update_display\n    self.im.draw_contours_on_image(self.im.img8bit0)\n', '  File "C:\\LabPrograms\\Python\\DAQ_Laser_Camera\\image_data.py", line 85, in draw_contours_on_image\n    for indx, val in enumerate(cx):\n', "NameError: name 'cx' is not defined\n"]
2020-07-23T18:19:36|ERROR|PROCHIP_Measurement|PROCHIP_Measurement Failed to update figure1: name 'cx' is not defined. ['Traceback (most recent call last):\n', '  File "C:\\ProgramData\\Anaconda3\\lib\\site-packages\\ScopeFoundry\\measurement.py", line 273, in _on_display_update_timer\n    self.update_display()\n', '  File "C:\\LabPrograms\\Python\\DAQ_Laser_Camera\\PROCHIP_Measurement_cell_detection.py", line 242, in update_display\n    self.im.draw_contours_on_image(self.im.img8bit0)\n', '  File "C:\\LabPrograms\\Python\\DAQ_Laser_Camera\\image_data.py", line 85, in draw_contours_on_image\n    for indx, val in enumerate(cx):\n', "NameError: name 'cx' is not defined\n"]
2020-07-23T18:19:36|ERROR|PROCHIP_Measurement|PROCHIP_Measurement Failed to update figure1: name 'cx' is not defined. ['Traceback (most recent call last):\n', '  File "C:\\ProgramData\\Anaconda3\\lib\\site-packages\\ScopeFoundry\\measurement.py", line 273, in _on_display_update_timer\n    self.update_display()\n', '  File "C:\\LabPrograms\\Python\\DAQ_Laser_Camera\\PROCHIP_Measurement_cell_detection.py", line 242, in update_display\n    self.im.draw_contours_on_image(self.im.img8bit0)\n', '  File "C:\\LabPrograms\\Python\\DAQ_Laser_Camera\\image_data.py", line 85, in draw_contours_on_image\n    for indx, val in enumerate(cx):\n', "NameError: name 'cx' is not defined\n"]
2020-07-23T18:19:36|ERROR|PROCHIP_Measurement|PROCHIP_Measurement Failed to update figure1: name 'cx' is not defined. ['Traceback (most recent call last):\n', '  File "C:\\ProgramData\\Anaconda3\\lib\\site-packages\\ScopeFoundry\\measurement.py", line 273, in _on_display_update_timer\n    self.update_display()\n', '  File "C:\\LabPrograms\\Python\\DAQ_Laser_Camera\\PROCHIP_Measurement_cell_detection.py", line 242, in update_display\n    self.im.draw_contours_on_image(self.im.img8bit0)\n', '  File "C:\\LabPrograms\\Python\\DAQ_Laser_Camera\\image_data.py", line 85, in draw_contours_on_image\n    for indx, val in enumerate(cx):\n', "NameError: name 'cx' is not defined\n"]
2020-07-23T18:19:36|ERROR|PROCHIP_Measurement|PROCHIP_Measurement Failed to update figure1: name 'cx' is not defined. ['Traceback (most recent call last):\n', '  File "C:\\ProgramData\\Anaconda3\\lib\\site-packages\\ScopeFoundry\\measurement.py", line 273, in _on_display_update_timer\n    self.update_display()\n', '  File "C:\\LabPrograms\\Python\\DAQ_Laser_Camera\\PROCHIP_Measurement_cell_detection.py", line 242, in update_display\n    self.im.draw_contours_on_image(self.im.img8bit0)\n', '  File "C:\\LabPrograms\\Python\\DAQ_Laser_Camera\\image_data.py", line 85, in draw_contours_on_image\n    for indx, val in enumerate(cx):\n', "NameError: name 'cx' is not defined\n"]
2020-07-23T18:19:36|ERROR|PROCHIP_Measurement|PROCHIP_Measurement Failed to update figure1: name 'cx' is not defined. ['Traceback (most recent call last):\n', '  File "C:\\ProgramData\\Anaconda3\\lib\\site-packages\\ScopeFoundry\\measurement.py", line 273, in _on_display_update_timer\n    self.update_display()\n', '  File "C:\\LabPrograms\\Python\\DAQ_Laser_Camera\\PROCHIP_Measurement_cell_detection.py", line 242, in update_display\n    self.im.draw_contours_on_image(self.im.img8bit0)\n', '  File "C:\\LabPrograms\\Python\\DAQ_Laser_Camera\\image_data.py", line 85, in draw_contours_on_image\n    for indx, val in enumerate(cx):\n', "NameError: name 'cx' is not defined\n"]
2020-07-23T18:19:36|ERROR|PROCHIP_Measurement|PROCHIP_Measurement Failed to update figure1: name 'cx' is not defined. ['Traceback (most recent call last):\n', '  File "C:\\ProgramData\\Anaconda3\\lib\\site-packages\\ScopeFoundry\\measurement.py", line 273, in _on_display_update_timer\n    self.update_display()\n', '  File "C:\\LabPrograms\\Python\\DAQ_Laser_Camera\\PROCHIP_Measurement_cell_detection.py", line 242, in update_display\n    self.im.draw_contours_on_image(self.im.img8bit0)\n', '  File "C:\\LabPrograms\\Python\\DAQ_Laser_Camera\\image_data.py", line 85, in draw_contours_on_image\n    for indx, val in enumerate(cx):\n', "NameError: name 'cx' is not defined\n"]
2020-07-23T18:19:36|ERROR|PROCHIP_Measurement|PROCHIP_Measurement Failed to update figure1: name 'cx' is not defined. ['Traceback (most recent call last):\n', '  File "C:\\ProgramData\\Anaconda3\\lib\\site-packages\\ScopeFoundry\\measurement.py", line 273, in _on_display_update_timer\n    self.update_display()\n', '  File "C:\\LabPrograms\\Python\\DAQ_Laser_Camera\\PROCHIP_Measurement_cell_detection.py", line 242, in update_display\n    self.im.draw_contours_on_image(self.im.img8bit0)\n', '  File "C:\\LabPrograms\\Python\\DAQ_Laser_Camera\\image_data.py", line 85, in draw_contours_on_image\n    for indx, val in enumerate(cx):\n', "NameError: name 'cx' is not defined\n"]
2020-07-23T18:19:36|ERROR|PROCHIP_Measurement|PROCHIP_Measurement Failed to update figure1: name 'cx' is not defined. ['Traceback (most recent call last):\n', '  File "C:\\ProgramData\\Anaconda3\\lib\\site-packages\\ScopeFoundry\\measurement.py", line 273, in _on_display_update_timer\n    self.update_display()\n', '  File "C:\\LabPrograms\\Python\\DAQ_Laser_Camera\\PROCHIP_Measurement_cell_detection.py", line 242, in update_display\n    self.im.draw_contours_on_image(self.im.img8bit0)\n', '  File "C:\\LabPrograms\\Python\\DAQ_Laser_Camera\\image_data.py", line 85, in draw_contours_on_image\n    for indx, val in enumerate(cx):\n', "NameError: name 'cx' is not defined\n"]
2020-07-23T18:19:36|ERROR|PROCHIP_Measurement|PROCHIP_Measurement Failed to update figure1: name 'cx' is not defined. ['Traceback (most recent call last):\n', '  File "C:\\ProgramData\\Anaconda3\\lib\\site-packages\\ScopeFoundry\\measurement.py", line 273, in _on_display_update_timer\n    self.update_display()\n', '  File "C:\\LabPrograms\\Python\\DAQ_Laser_Camera\\PROCHIP_Measurement_cell_detection.py", line 242, in update_display\n    self.im.draw_contours_on_image(self.im.img8bit0)\n', '  File "C:\\LabPrograms\\Python\\DAQ_Laser_Camera\\image_data.py", line 85, in draw_contours_on_image\n    for indx, val in enumerate(cx):\n', "NameError: name 'cx' is not defined\n"]
2020-07-23T18:19:36|ERROR|PROCHIP_Measurement|PROCHIP_Measurement Failed to update figure1: name 'cx' is not defined. ['Traceback (most recent call last):\n', '  File "C:\\ProgramData\\Anaconda3\\lib\\site-packages\\ScopeFoundry\\measurement.py", line 273, in _on_display_update_timer\n    self.update_display()\n', '  File "C:\\LabPrograms\\Python\\DAQ_Laser_Camera\\PROCHIP_Measurement_cell_detection.py", line 242, in update_display\n    self.im.draw_contours_on_image(self.im.img8bit0)\n', '  File "C:\\LabPrograms\\Python\\DAQ_Laser_Camera\\image_data.py", line 85, in draw_contours_on_image\n    for indx, val in enumerate(cx):\n', "NameError: name 'cx' is not defined\n"]
2020-07-23T18:19:37|ERROR|PROCHIP_Measurement|PROCHIP_Measurement Failed to update figure1: name 'cx' is not defined. ['Traceback (most recent call last):\n', '  File "C:\\ProgramData\\Anaconda3\\lib\\site-packages\\ScopeFoundry\\measurement.py", line 273, in _on_display_update_timer\n    self.update_display()\n', '  File "C:\\LabPrograms\\Python\\DAQ_Laser_Camera\\PROCHIP_Measurement_cell_detection.py", line 242, in update_display\n    self.im.draw_contours_on_image(self.im.img8bit0)\n', '  File "C:\\LabPrograms\\Python\\DAQ_Laser_Camera\\image_data.py", line 85, in draw_contours_on_image\n    for indx, val in enumerate(cx):\n', "NameError: name 'cx' is not defined\n"]
2020-07-23T18:19:37|ERROR|PROCHIP_Measurement|PROCHIP_Measurement Failed to update figure1: name 'cx' is not defined. ['Traceback (most recent call last):\n', '  File "C:\\ProgramData\\Anaconda3\\lib\\site-packages\\ScopeFoundry\\measurement.py", line 273, in _on_display_update_timer\n    self.update_display()\n', '  File "C:\\LabPrograms\\Python\\DAQ_Laser_Camera\\PROCHIP_Measurement_cell_detection.py", line 242, in update_display\n    self.im.draw_contours_on_image(self.im.img8bit0)\n', '  File "C:\\LabPrograms\\Python\\DAQ_Laser_Camera\\image_data.py", line 85, in draw_contours_on_image\n    for indx, val in enumerate(cx):\n', "NameError: name 'cx' is not defined\n"]
2020-07-23T18:19:37|ERROR|PROCHIP_Measurement|PROCHIP_Measurement Failed to update figure1: name 'cx' is not defined. ['Traceback (most recent call last):\n', '  File "C:\\ProgramData\\Anaconda3\\lib\\site-packages\\ScopeFoundry\\measurement.py", line 273, in _on_display_update_timer\n    self.update_display()\n', '  File "C:\\LabPrograms\\Python\\DAQ_Laser_Camera\\PROCHIP_Measurement_cell_detection.py", line 242, in update_display\n    self.im.draw_contours_on_image(self.im.img8bit0)\n', '  File "C:\\LabPrograms\\Python\\DAQ_Laser_Camera\\image_data.py", line 85, in draw_contours_on_image\n    for indx, val in enumerate(cx):\n', "NameError: name 'cx' is not defined\n"]
2020-07-23T18:19:37|ERROR|PROCHIP_Measurement|PROCHIP_Measurement Failed to update figure1: name 'cx' is not defined. ['Traceback (most recent call last):\n', '  File "C:\\ProgramData\\Anaconda3\\lib\\site-packages\\ScopeFoundry\\measurement.py", line 273, in _on_display_update_timer\n    self.update_display()\n', '  File "C:\\LabPrograms\\Python\\DAQ_Laser_Camera\\PROCHIP_Measurement_cell_detection.py", line 242, in update_display\n    self.im.draw_contours_on_image(self.im.img8bit0)\n', '  File "C:\\LabPrograms\\Python\\DAQ_Laser_Camera\\image_data.py", line 85, in draw_contours_on_image\n    for indx, val in enumerate(cx):\n', "NameError: name 'cx' is not defined\n"]
2020-07-23T18:19:37|ERROR|PROCHIP_Measurement|PROCHIP_Measurement Failed to update figure1: name 'cx' is not defined. ['Traceback (most recent call last):\n', '  File "C:\\ProgramData\\Anaconda3\\lib\\site-packages\\ScopeFoundry\\measurement.py", line 273, in _on_display_update_timer\n    self.update_display()\n', '  File "C:\\LabPrograms\\Python\\DAQ_Laser_Camera\\PROCHIP_Measurement_cell_detection.py", line 242, in update_display\n    self.im.draw_contours_on_image(self.im.img8bit0)\n', '  File "C:\\LabPrograms\\Python\\DAQ_Laser_Camera\\image_data.py", line 85, in draw_contours_on_image\n    for indx, val in enumerate(cx):\n', "NameError: name 'cx' is not defined\n"]
2020-07-23T18:19:37|ERROR|PROCHIP_Measurement|PROCHIP_Measurement Failed to update figure1: name 'cx' is not defined. ['Traceback (most recent call last):\n', '  File "C:\\ProgramData\\Anaconda3\\lib\\site-packages\\ScopeFoundry\\measurement.py", line 273, in _on_display_update_timer\n    self.update_display()\n', '  File "C:\\LabPrograms\\Python\\DAQ_Laser_Camera\\PROCHIP_Measurement_cell_detection.py", line 242, in update_display\n    self.im.draw_contours_on_image(self.im.img8bit0)\n', '  File "C:\\LabPrograms\\Python\\DAQ_Laser_Camera\\image_data.py", line 85, in draw_contours_on_image\n    for indx, val in enumerate(cx):\n', "NameError: name 'cx' is not defined\n"]
2020-07-23T18:19:37|ERROR|PROCHIP_Measurement|PROCHIP_Measurement Failed to update figure1: name 'cx' is not defined. ['Traceback (most recent call last):\n', '  File "C:\\ProgramData\\Anaconda3\\lib\\site-packages\\ScopeFoundry\\measurement.py", line 273, in _on_display_update_timer\n    self.update_display()\n', '  File "C:\\LabPrograms\\Python\\DAQ_Laser_Camera\\PROCHIP_Measurement_cell_detection.py", line 242, in update_display\n    self.im.draw_contours_on_image(self.im.img8bit0)\n', '  File "C:\\LabPrograms\\Python\\DAQ_Laser_Camera\\image_data.py", line 85, in draw_contours_on_image\n    for indx, val in enumerate(cx):\n', "NameError: name 'cx' is not defined\n"]
2020-07-23T18:19:37|ERROR|PROCHIP_Measurement|PROCHIP_Measurement Failed to update figure1: name 'cx' is not defined. ['Traceback (most recent call last):\n', '  File "C:\\ProgramData\\Anaconda3\\lib\\site-packages\\ScopeFoundry\\measurement.py", line 273, in _on_display_update_timer\n    self.update_display()\n', '  File "C:\\LabPrograms\\Python\\DAQ_Laser_Camera\\PROCHIP_Measurement_cell_detection.py", line 242, in update_display\n    self.im.draw_contours_on_image(self.im.img8bit0)\n', '  File "C:\\LabPrograms\\Python\\DAQ_Laser_Camera\\image_data.py", line 85, in draw_contours_on_image\n    for indx, val in enumerate(cx):\n', "NameError: name 'cx' is not defined\n"]
2020-07-23T18:19:37|ERROR|PROCHIP_Measurement|PROCHIP_Measurement Failed to update figure1: name 'cx' is not defined. ['Traceback (most recent call last):\n', '  File "C:\\ProgramData\\Anaconda3\\lib\\site-packages\\ScopeFoundry\\measurement.py", line 273, in _on_display_update_timer\n    self.update_display()\n', '  File "C:\\LabPrograms\\Python\\DAQ_Laser_Camera\\PROCHIP_Measurement_cell_detection.py", line 242, in update_display\n    self.im.draw_contours_on_image(self.im.img8bit0)\n', '  File "C:\\LabPrograms\\Python\\DAQ_Laser_Camera\\image_data.py", line 85, in draw_contours_on_image\n    for indx, val in enumerate(cx):\n', "NameError: name 'cx' is not defined\n"]
2020-07-23T18:19:37|ERROR|PROCHIP_Measurement|PROCHIP_Measurement Failed to update figure1: name 'cx' is not defined. ['Traceback (most recent call last):\n', '  File "C:\\ProgramData\\Anaconda3\\lib\\site-packages\\ScopeFoundry\\measurement.py", line 273, in _on_display_update_timer\n    self.update_display()\n', '  File "C:\\LabPrograms\\Python\\DAQ_Laser_Camera\\PROCHIP_Measurement_cell_detection.py", line 242, in update_display\n    self.im.draw_contours_on_image(self.im.img8bit0)\n', '  File "C:\\LabPrograms\\Python\\DAQ_Laser_Camera\\image_data.py", line 85, in draw_contours_on_image\n    for indx, val in enumerate(cx):\n', "NameError: name 'cx' is not defined\n"]
2020-07-23T18:19:37|ERROR|PROCHIP_Measurement|PROCHIP_Measurement Failed to update figure1: name 'cx' is not defined. ['Traceback (most recent call last):\n', '  File "C:\\ProgramData\\Anaconda3\\lib\\site-packages\\ScopeFoundry\\measurement.py", line 273, in _on_display_update_timer\n    self.update_display()\n', '  File "C:\\LabPrograms\\Python\\DAQ_Laser_Camera\\PROCHIP_Measurement_cell_detection.py", line 242, in update_display\n    self.im.draw_contours_on_image(self.im.img8bit0)\n', '  File "C:\\LabPrograms\\Python\\DAQ_Laser_Camera\\image_data.py", line 85, in draw_contours_on_image\n    for indx, val in enumerate(cx):\n', "NameError: name 'cx' is not defined\n"]
2020-07-23T18:19:37|ERROR|PROCHIP_Measurement|PROCHIP_Measurement Failed to update figure1: name 'cx' is not defined. ['Traceback (most recent call last):\n', '  File "C:\\ProgramData\\Anaconda3\\lib\\site-packages\\ScopeFoundry\\measurement.py", line 273, in _on_display_update_timer\n    self.update_display()\n', '  File "C:\\LabPrograms\\Python\\DAQ_Laser_Camera\\PROCHIP_Measurement_cell_detection.py", line 242, in update_display\n    self.im.draw_contours_on_image(self.im.img8bit0)\n', '  File "C:\\LabPrograms\\Python\\DAQ_Laser_Camera\\image_data.py", line 85, in draw_contours_on_image\n    for indx, val in enumerate(cx):\n', "NameError: name 'cx' is not defined\n"]
2020-07-23T18:19:37|ERROR|PROCHIP_Measurement|PROCHIP_Measurement Failed to update figure1: name 'cx' is not defined. ['Traceback (most recent call last):\n', '  File "C:\\ProgramData\\Anaconda3\\lib\\site-packages\\ScopeFoundry\\measurement.py", line 273, in _on_display_update_timer\n    self.update_display()\n', '  File "C:\\LabPrograms\\Python\\DAQ_Laser_Camera\\PROCHIP_Measurement_cell_detection.py", line 242, in update_display\n    self.im.draw_contours_on_image(self.im.img8bit0)\n', '  File "C:\\LabPrograms\\Python\\DAQ_Laser_Camera\\image_data.py", line 85, in draw_contours_on_image\n    for indx, val in enumerate(cx):\n', "NameError: name 'cx' is not defined\n"]
2020-07-23T18:19:37|ERROR|PROCHIP_Measurement|PROCHIP_Measurement Failed to update figure1: name 'cx' is not defined. ['Traceback (most recent call last):\n', '  File "C:\\ProgramData\\Anaconda3\\lib\\site-packages\\ScopeFoundry\\measurement.py", line 273, in _on_display_update_timer\n    self.update_display()\n', '  File "C:\\LabPrograms\\Python\\DAQ_Laser_Camera\\PROCHIP_Measurement_cell_detection.py", line 242, in update_display\n    self.im.draw_contours_on_image(self.im.img8bit0)\n', '  File "C:\\LabPrograms\\Python\\DAQ_Laser_Camera\\image_data.py", line 85, in draw_contours_on_image\n    for indx, val in enumerate(cx):\n', "NameError: name 'cx' is not defined\n"]
2020-07-23T18:19:37|ERROR|PROCHIP_Measurement|PROCHIP_Measurement Failed to update figure1: name 'cx' is not defined. ['Traceback (most recent call last):\n', '  File "C:\\ProgramData\\Anaconda3\\lib\\site-packages\\ScopeFoundry\\measurement.py", line 273, in _on_display_update_timer\n    self.update_display()\n', '  File "C:\\LabPrograms\\Python\\DAQ_Laser_Camera\\PROCHIP_Measurement_cell_detection.py", line 242, in update_display\n    self.im.draw_contours_on_image(self.im.img8bit0)\n', '  File "C:\\LabPrograms\\Python\\DAQ_Laser_Camera\\image_data.py", line 85, in draw_contours_on_image\n    for indx, val in enumerate(cx):\n', "NameError: name 'cx' is not defined\n"]
2020-07-23T18:19:37|ERROR|PROCHIP_Measurement|PROCHIP_Measurement Failed to update figure1: name 'cx' is not defined. ['Traceback (most recent call last):\n', '  File "C:\\ProgramData\\Anaconda3\\lib\\site-packages\\ScopeFoundry\\measurement.py", line 273, in _on_display_update_timer\n    self.update_display()\n', '  File "C:\\LabPrograms\\Python\\DAQ_Laser_Camera\\PROCHIP_Measurement_cell_detection.py", line 242, in update_display\n    self.im.draw_contours_on_image(self.im.img8bit0)\n', '  File "C:\\LabPrograms\\Python\\DAQ_Laser_Camera\\image_data.py", line 85, in draw_contours_on_image\n    for indx, val in enumerate(cx):\n', "NameError: name 'cx' is not defined\n"]
2020-07-23T18:19:37|ERROR|PROCHIP_Measurement|PROCHIP_Measurement Failed to update figure1: name 'cx' is not defined. ['Traceback (most recent call last):\n', '  File "C:\\ProgramData\\Anaconda3\\lib\\site-packages\\ScopeFoundry\\measurement.py", line 273, in _on_display_update_timer\n    self.update_display()\n', '  File "C:\\LabPrograms\\Python\\DAQ_Laser_Camera\\PROCHIP_Measurement_cell_detection.py", line 242, in update_display\n    self.im.draw_contours_on_image(self.im.img8bit0)\n', '  File "C:\\LabPrograms\\Python\\DAQ_Laser_Camera\\image_data.py", line 85, in draw_contours_on_image\n    for indx, val in enumerate(cx):\n', "NameError: name 'cx' is not defined\n"]
2020-07-23T18:19:37|ERROR|PROCHIP_Measurement|PROCHIP_Measurement Failed to update figure1: name 'cx' is not defined. ['Traceback (most recent call last):\n', '  File "C:\\ProgramData\\Anaconda3\\lib\\site-packages\\ScopeFoundry\\measurement.py", line 273, in _on_display_update_timer\n    self.update_display()\n', '  File "C:\\LabPrograms\\Python\\DAQ_Laser_Camera\\PROCHIP_Measurement_cell_detection.py", line 242, in update_display\n    self.im.draw_contours_on_image(self.im.img8bit0)\n', '  File "C:\\LabPrograms\\Python\\DAQ_Laser_Camera\\image_data.py", line 85, in draw_contours_on_image\n    for indx, val in enumerate(cx):\n', "NameError: name 'cx' is not defined\n"]
2020-07-23T18:19:37|ERROR|PROCHIP_Measurement|PROCHIP_Measurement Failed to update figure1: name 'cx' is not defined. ['Traceback (most recent call last):\n', '  File "C:\\ProgramData\\Anaconda3\\lib\\site-packages\\ScopeFoundry\\measurement.py", line 273, in _on_display_update_timer\n    self.update_display()\n', '  File "C:\\LabPrograms\\Python\\DAQ_Laser_Camera\\PROCHIP_Measurement_cell_detection.py", line 242, in update_display\n    self.im.draw_contours_on_image(self.im.img8bit0)\n', '  File "C:\\LabPrograms\\Python\\DAQ_Laser_Camera\\image_data.py", line 85, in draw_contours_on_image\n    for indx, val in enumerate(cx):\n', "NameError: name 'cx' is not defined\n"]
2020-07-23T18:19:37|ERROR|PROCHIP_Measurement|PROCHIP_Measurement Failed to update figure1: name 'cx' is not defined. ['Traceback (most recent call last):\n', '  File "C:\\ProgramData\\Anaconda3\\lib\\site-packages\\ScopeFoundry\\measurement.py", line 273, in _on_display_update_timer\n    self.update_display()\n', '  File "C:\\LabPrograms\\Python\\DAQ_Laser_Camera\\PROCHIP_Measurement_cell_detection.py", line 242, in update_display\n    self.im.draw_contours_on_image(self.im.img8bit0)\n', '  File "C:\\LabPrograms\\Python\\DAQ_Laser_Camera\\image_data.py", line 85, in draw_contours_on_image\n    for indx, val in enumerate(cx):\n', "NameError: name 'cx' is not defined\n"]
2020-07-23T18:19:37|ERROR|PROCHIP_Measurement|PROCHIP_Measurement Failed to update figure1: name 'cx' is not defined. ['Traceback (most recent call last):\n', '  File "C:\\ProgramData\\Anaconda3\\lib\\site-packages\\ScopeFoundry\\measurement.py", line 273, in _on_display_update_timer\n    self.update_display()\n', '  File "C:\\LabPrograms\\Python\\DAQ_Laser_Camera\\PROCHIP_Measurement_cell_detection.py", line 242, in update_display\n    self.im.draw_contours_on_image(self.im.img8bit0)\n', '  File "C:\\LabPrograms\\Python\\DAQ_Laser_Camera\\image_data.py", line 85, in draw_contours_on_image\n    for indx, val in enumerate(cx):\n', "NameError: name 'cx' is not defined\n"]
2020-07-23T18:19:37|ERROR|PROCHIP_Measurement|PROCHIP_Measurement Failed to update figure1: name 'cx' is not defined. ['Traceback (most recent call last):\n', '  File "C:\\ProgramData\\Anaconda3\\lib\\site-packages\\ScopeFoundry\\measurement.py", line 273, in _on_display_update_timer\n    self.update_display()\n', '  File "C:\\LabPrograms\\Python\\DAQ_Laser_Camera\\PROCHIP_Measurement_cell_detection.py", line 242, in update_display\n    self.im.draw_contours_on_image(self.im.img8bit0)\n', '  File "C:\\LabPrograms\\Python\\DAQ_Laser_Camera\\image_data.py", line 85, in draw_contours_on_image\n    for indx, val in enumerate(cx):\n', "NameError: name 'cx' is not defined\n"]
2020-07-23T18:19:37|ERROR|PROCHIP_Measurement|PROCHIP_Measurement Failed to update figure1: name 'cx' is not defined. ['Traceback (most recent call last):\n', '  File "C:\\ProgramData\\Anaconda3\\lib\\site-packages\\ScopeFoundry\\measurement.py", line 273, in _on_display_update_timer\n    self.update_display()\n', '  File "C:\\LabPrograms\\Python\\DAQ_Laser_Camera\\PROCHIP_Measurement_cell_detection.py", line 242, in update_display\n    self.im.draw_contours_on_image(self.im.img8bit0)\n', '  File "C:\\LabPrograms\\Python\\DAQ_Laser_Camera\\image_data.py", line 85, in draw_contours_on_image\n    for indx, val in enumerate(cx):\n', "NameError: name 'cx' is not defined\n"]
2020-07-23T18:19:37|ERROR|PROCHIP_Measurement|PROCHIP_Measurement Failed to update figure1: name 'cx' is not defined. ['Traceback (most recent call last):\n', '  File "C:\\ProgramData\\Anaconda3\\lib\\site-packages\\ScopeFoundry\\measurement.py", line 273, in _on_display_update_timer\n    self.update_display()\n', '  File "C:\\LabPrograms\\Python\\DAQ_Laser_Camera\\PROCHIP_Measurement_cell_detection.py", line 242, in update_display\n    self.im.draw_contours_on_image(self.im.img8bit0)\n', '  File "C:\\LabPrograms\\Python\\DAQ_Laser_Camera\\image_data.py", line 85, in draw_contours_on_image\n    for indx, val in enumerate(cx):\n', "NameError: name 'cx' is not defined\n"]
2020-07-23T18:19:37|ERROR|PROCHIP_Measurement|PROCHIP_Measurement Failed to update figure1: name 'cx' is not defined. ['Traceback (most recent call last):\n', '  File "C:\\ProgramData\\Anaconda3\\lib\\site-packages\\ScopeFoundry\\measurement.py", line 273, in _on_display_update_timer\n    self.update_display()\n', '  File "C:\\LabPrograms\\Python\\DAQ_Laser_Camera\\PROCHIP_Measurement_cell_detection.py", line 242, in update_display\n    self.im.draw_contours_on_image(self.im.img8bit0)\n', '  File "C:\\LabPrograms\\Python\\DAQ_Laser_Camera\\image_data.py", line 85, in draw_contours_on_image\n    for indx, val in enumerate(cx):\n', "NameError: name 'cx' is not defined\n"]
2020-07-23T18:19:37|ERROR|PROCHIP_Measurement|PROCHIP_Measurement Failed to update figure1: name 'cx' is not defined. ['Traceback (most recent call last):\n', '  File "C:\\ProgramData\\Anaconda3\\lib\\site-packages\\ScopeFoundry\\measurement.py", line 273, in _on_display_update_timer\n    self.update_display()\n', '  File "C:\\LabPrograms\\Python\\DAQ_Laser_Camera\\PROCHIP_Measurement_cell_detection.py", line 242, in update_display\n    self.im.draw_contours_on_image(self.im.img8bit0)\n', '  File "C:\\LabPrograms\\Python\\DAQ_Laser_Camera\\image_data.py", line 85, in draw_contours_on_image\n    for indx, val in enumerate(cx):\n', "NameError: name 'cx' is not defined\n"]
2020-07-23T18:19:37|ERROR|PROCHIP_Measurement|PROCHIP_Measurement Failed to update figure1: name 'cx' is not defined. ['Traceback (most recent call last):\n', '  File "C:\\ProgramData\\Anaconda3\\lib\\site-packages\\ScopeFoundry\\measurement.py", line 273, in _on_display_update_timer\n    self.update_display()\n', '  File "C:\\LabPrograms\\Python\\DAQ_Laser_Camera\\PROCHIP_Measurement_cell_detection.py", line 242, in update_display\n    self.im.draw_contours_on_image(self.im.img8bit0)\n', '  File "C:\\LabPrograms\\Python\\DAQ_Laser_Camera\\image_data.py", line 85, in draw_contours_on_image\n    for indx, val in enumerate(cx):\n', "NameError: name 'cx' is not defined\n"]
2020-07-23T18:19:37|ERROR|PROCHIP_Measurement|PROCHIP_Measurement Failed to update figure1: name 'cx' is not defined. ['Traceback (most recent call last):\n', '  File "C:\\ProgramData\\Anaconda3\\lib\\site-packages\\ScopeFoundry\\measurement.py", line 273, in _on_display_update_timer\n    self.update_display()\n', '  File "C:\\LabPrograms\\Python\\DAQ_Laser_Camera\\PROCHIP_Measurement_cell_detection.py", line 242, in update_display\n    self.im.draw_contours_on_image(self.im.img8bit0)\n', '  File "C:\\LabPrograms\\Python\\DAQ_Laser_Camera\\image_data.py", line 85, in draw_contours_on_image\n    for indx, val in enumerate(cx):\n', "NameError: name 'cx' is not defined\n"]
2020-07-23T18:19:37|ERROR|PROCHIP_Measurement|PROCHIP_Measurement Failed to update figure1: name 'cx' is not defined. ['Traceback (most recent call last):\n', '  File "C:\\ProgramData\\Anaconda3\\lib\\site-packages\\ScopeFoundry\\measurement.py", line 273, in _on_display_update_timer\n    self.update_display()\n', '  File "C:\\LabPrograms\\Python\\DAQ_Laser_Camera\\PROCHIP_Measurement_cell_detection.py", line 242, in update_display\n    self.im.draw_contours_on_image(self.im.img8bit0)\n', '  File "C:\\LabPrograms\\Python\\DAQ_Laser_Camera\\image_data.py", line 85, in draw_contours_on_image\n    for indx, val in enumerate(cx):\n', "NameError: name 'cx' is not defined\n"]
2020-07-23T18:19:38|ERROR|PROCHIP_Measurement|PROCHIP_Measurement Failed to update figure1: name 'cx' is not defined. ['Traceback (most recent call last):\n', '  File "C:\\ProgramData\\Anaconda3\\lib\\site-packages\\ScopeFoundry\\measurement.py", line 273, in _on_display_update_timer\n    self.update_display()\n', '  File "C:\\LabPrograms\\Python\\DAQ_Laser_Camera\\PROCHIP_Measurement_cell_detection.py", line 242, in update_display\n    self.im.draw_contours_on_image(self.im.img8bit0)\n', '  File "C:\\LabPrograms\\Python\\DAQ_Laser_Camera\\image_data.py", line 85, in draw_contours_on_image\n    for indx, val in enumerate(cx):\n', "NameError: name 'cx' is not defined\n"]
2020-07-23T18:19:38|ERROR|PROCHIP_Measurement|PROCHIP_Measurement Failed to update figure1: name 'cx' is not defined. ['Traceback (most recent call last):\n', '  File "C:\\ProgramData\\Anaconda3\\lib\\site-packages\\ScopeFoundry\\measurement.py", line 273, in _on_display_update_timer\n    self.update_display()\n', '  File "C:\\LabPrograms\\Python\\DAQ_Laser_Camera\\PROCHIP_Measurement_cell_detection.py", line 242, in update_display\n    self.im.draw_contours_on_image(self.im.img8bit0)\n', '  File "C:\\LabPrograms\\Python\\DAQ_Laser_Camera\\image_data.py", line 85, in draw_contours_on_image\n    for indx, val in enumerate(cx):\n', "NameError: name 'cx' is not defined\n"]
2020-07-23T18:19:38|ERROR|PROCHIP_Measurement|PROCHIP_Measurement Failed to update figure1: name 'cx' is not defined. ['Traceback (most recent call last):\n', '  File "C:\\ProgramData\\Anaconda3\\lib\\site-packages\\ScopeFoundry\\measurement.py", line 273, in _on_display_update_timer\n    self.update_display()\n', '  File "C:\\LabPrograms\\Python\\DAQ_Laser_Camera\\PROCHIP_Measurement_cell_detection.py", line 242, in update_display\n    self.im.draw_contours_on_image(self.im.img8bit0)\n', '  File "C:\\LabPrograms\\Python\\DAQ_Laser_Camera\\image_data.py", line 85, in draw_contours_on_image\n    for indx, val in enumerate(cx):\n', "NameError: name 'cx' is not defined\n"]
2020-07-23T18:19:38|ERROR|PROCHIP_Measurement|PROCHIP_Measurement Failed to update figure1: name 'cx' is not defined. ['Traceback (most recent call last):\n', '  File "C:\\ProgramData\\Anaconda3\\lib\\site-packages\\ScopeFoundry\\measurement.py", line 273, in _on_display_update_timer\n    self.update_display()\n', '  File "C:\\LabPrograms\\Python\\DAQ_Laser_Camera\\PROCHIP_Measurement_cell_detection.py", line 242, in update_display\n    self.im.draw_contours_on_image(self.im.img8bit0)\n', '  File "C:\\LabPrograms\\Python\\DAQ_Laser_Camera\\image_data.py", line 85, in draw_contours_on_image\n    for indx, val in enumerate(cx):\n', "NameError: name 'cx' is not defined\n"]
2020-07-23T18:19:38|ERROR|PROCHIP_Measurement|PROCHIP_Measurement Failed to update figure1: name 'cx' is not defined. ['Traceback (most recent call last):\n', '  File "C:\\ProgramData\\Anaconda3\\lib\\site-packages\\ScopeFoundry\\measurement.py", line 273, in _on_display_update_timer\n    self.update_display()\n', '  File "C:\\LabPrograms\\Python\\DAQ_Laser_Camera\\PROCHIP_Measurement_cell_detection.py", line 242, in update_display\n    self.im.draw_contours_on_image(self.im.img8bit0)\n', '  File "C:\\LabPrograms\\Python\\DAQ_Laser_Camera\\image_data.py", line 85, in draw_contours_on_image\n    for indx, val in enumerate(cx):\n', "NameError: name 'cx' is not defined\n"]
2020-07-23T18:19:38|ERROR|PROCHIP_Measurement|PROCHIP_Measurement Failed to update figure1: name 'cx' is not defined. ['Traceback (most recent call last):\n', '  File "C:\\ProgramData\\Anaconda3\\lib\\site-packages\\ScopeFoundry\\measurement.py", line 273, in _on_display_update_timer\n    self.update_display()\n', '  File "C:\\LabPrograms\\Python\\DAQ_Laser_Camera\\PROCHIP_Measurement_cell_detection.py", line 242, in update_display\n    self.im.draw_contours_on_image(self.im.img8bit0)\n', '  File "C:\\LabPrograms\\Python\\DAQ_Laser_Camera\\image_data.py", line 85, in draw_contours_on_image\n    for indx, val in enumerate(cx):\n', "NameError: name 'cx' is not defined\n"]
2020-07-23T18:19:38|ERROR|PROCHIP_Measurement|PROCHIP_Measurement Failed to update figure1: name 'cx' is not defined. ['Traceback (most recent call last):\n', '  File "C:\\ProgramData\\Anaconda3\\lib\\site-packages\\ScopeFoundry\\measurement.py", line 273, in _on_display_update_timer\n    self.update_display()\n', '  File "C:\\LabPrograms\\Python\\DAQ_Laser_Camera\\PROCHIP_Measurement_cell_detection.py", line 242, in update_display\n    self.im.draw_contours_on_image(self.im.img8bit0)\n', '  File "C:\\LabPrograms\\Python\\DAQ_Laser_Camera\\image_data.py", line 85, in draw_contours_on_image\n    for indx, val in enumerate(cx):\n', "NameError: name 'cx' is not defined\n"]
2020-07-23T18:19:38|ERROR|PROCHIP_Measurement|PROCHIP_Measurement Failed to update figure1: name 'cx' is not defined. ['Traceback (most recent call last):\n', '  File "C:\\ProgramData\\Anaconda3\\lib\\site-packages\\ScopeFoundry\\measurement.py", line 273, in _on_display_update_timer\n    self.update_display()\n', '  File "C:\\LabPrograms\\Python\\DAQ_Laser_Camera\\PROCHIP_Measurement_cell_detection.py", line 242, in update_display\n    self.im.draw_contours_on_image(self.im.img8bit0)\n', '  File "C:\\LabPrograms\\Python\\DAQ_Laser_Camera\\image_data.py", line 85, in draw_contours_on_image\n    for indx, val in enumerate(cx):\n', "NameError: name 'cx' is not defined\n"]
2020-07-23T18:19:38|ERROR|PROCHIP_Measurement|PROCHIP_Measurement Failed to update figure1: name 'cx' is not defined. ['Traceback (most recent call last):\n', '  File "C:\\ProgramData\\Anaconda3\\lib\\site-packages\\ScopeFoundry\\measurement.py", line 273, in _on_display_update_timer\n    self.update_display()\n', '  File "C:\\LabPrograms\\Python\\DAQ_Laser_Camera\\PROCHIP_Measurement_cell_detection.py", line 242, in update_display\n    self.im.draw_contours_on_image(self.im.img8bit0)\n', '  File "C:\\LabPrograms\\Python\\DAQ_Laser_Camera\\image_data.py", line 85, in draw_contours_on_image\n    for indx, val in enumerate(cx):\n', "NameError: name 'cx' is not defined\n"]
2020-07-23T18:19:38|ERROR|PROCHIP_Measurement|PROCHIP_Measurement Failed to update figure1: name 'cx' is not defined. ['Traceback (most recent call last):\n', '  File "C:\\ProgramData\\Anaconda3\\lib\\site-packages\\ScopeFoundry\\measurement.py", line 273, in _on_display_update_timer\n    self.update_display()\n', '  File "C:\\LabPrograms\\Python\\DAQ_Laser_Camera\\PROCHIP_Measurement_cell_detection.py", line 242, in update_display\n    self.im.draw_contours_on_image(self.im.img8bit0)\n', '  File "C:\\LabPrograms\\Python\\DAQ_Laser_Camera\\image_data.py", line 85, in draw_contours_on_image\n    for indx, val in enumerate(cx):\n', "NameError: name 'cx' is not defined\n"]
2020-07-23T18:19:38|ERROR|PROCHIP_Measurement|PROCHIP_Measurement Failed to update figure1: name 'cx' is not defined. ['Traceback (most recent call last):\n', '  File "C:\\ProgramData\\Anaconda3\\lib\\site-packages\\ScopeFoundry\\measurement.py", line 273, in _on_display_update_timer\n    self.update_display()\n', '  File "C:\\LabPrograms\\Python\\DAQ_Laser_Camera\\PROCHIP_Measurement_cell_detection.py", line 242, in update_display\n    self.im.draw_contours_on_image(self.im.img8bit0)\n', '  File "C:\\LabPrograms\\Python\\DAQ_Laser_Camera\\image_data.py", line 85, in draw_contours_on_image\n    for indx, val in enumerate(cx):\n', "NameError: name 'cx' is not defined\n"]
2020-07-23T18:19:38|ERROR|PROCHIP_Measurement|PROCHIP_Measurement Failed to update figure1: name 'cx' is not defined. ['Traceback (most recent call last):\n', '  File "C:\\ProgramData\\Anaconda3\\lib\\site-packages\\ScopeFoundry\\measurement.py", line 273, in _on_display_update_timer\n    self.update_display()\n', '  File "C:\\LabPrograms\\Python\\DAQ_Laser_Camera\\PROCHIP_Measurement_cell_detection.py", line 242, in update_display\n    self.im.draw_contours_on_image(self.im.img8bit0)\n', '  File "C:\\LabPrograms\\Python\\DAQ_Laser_Camera\\image_data.py", line 85, in draw_contours_on_image\n    for indx, val in enumerate(cx):\n', "NameError: name 'cx' is not defined\n"]
2020-07-23T18:19:38|ERROR|PROCHIP_Measurement|PROCHIP_Measurement Failed to update figure1: name 'cx' is not defined. ['Traceback (most recent call last):\n', '  File "C:\\ProgramData\\Anaconda3\\lib\\site-packages\\ScopeFoundry\\measurement.py", line 273, in _on_display_update_timer\n    self.update_display()\n', '  File "C:\\LabPrograms\\Python\\DAQ_Laser_Camera\\PROCHIP_Measurement_cell_detection.py", line 242, in update_display\n    self.im.draw_contours_on_image(self.im.img8bit0)\n', '  File "C:\\LabPrograms\\Python\\DAQ_Laser_Camera\\image_data.py", line 85, in draw_contours_on_image\n    for indx, val in enumerate(cx):\n', "NameError: name 'cx' is not defined\n"]
2020-07-23T18:19:38|ERROR|PROCHIP_Measurement|PROCHIP_Measurement Failed to update figure1: name 'cx' is not defined. ['Traceback (most recent call last):\n', '  File "C:\\ProgramData\\Anaconda3\\lib\\site-packages\\ScopeFoundry\\measurement.py", line 273, in _on_display_update_timer\n    self.update_display()\n', '  File "C:\\LabPrograms\\Python\\DAQ_Laser_Camera\\PROCHIP_Measurement_cell_detection.py", line 242, in update_display\n    self.im.draw_contours_on_image(self.im.img8bit0)\n', '  File "C:\\LabPrograms\\Python\\DAQ_Laser_Camera\\image_data.py", line 85, in draw_contours_on_image\n    for indx, val in enumerate(cx):\n', "NameError: name 'cx' is not defined\n"]
2020-07-23T18:19:38|ERROR|PROCHIP_Measurement|PROCHIP_Measurement Failed to update figure1: name 'cx' is not defined. ['Traceback (most recent call last):\n', '  File "C:\\ProgramData\\Anaconda3\\lib\\site-packages\\ScopeFoundry\\measurement.py", line 273, in _on_display_update_timer\n    self.update_display()\n', '  File "C:\\LabPrograms\\Python\\DAQ_Laser_Camera\\PROCHIP_Measurement_cell_detection.py", line 242, in update_display\n    self.im.draw_contours_on_image(self.im.img8bit0)\n', '  File "C:\\LabPrograms\\Python\\DAQ_Laser_Camera\\image_data.py", line 85, in draw_contours_on_image\n    for indx, val in enumerate(cx):\n', "NameError: name 'cx' is not defined\n"]
